#
# A fatal error has been detected by the Java Runtime Environment:
#
#  EXCEPTION_ACCESS_VIOLATION (0xc0000005) at pc=0x00007ffce8836a87, pid=15088, tid=4400
#
# JRE version: OpenJDK Runtime Environment (17.0+35) (build 17+35-2724)
# Java VM: OpenJDK 64-Bit Server VM (17+35-2724, mixed mode, sharing, tiered, compressed oops, compressed class ptrs, g1 gc, windows-amd64)
# Problematic frame:
# C  [glass.dll+0x26a87]
#
# No core dump will be written. Minidumps are not enabled by default on client versions of Windows
#
# If you would like to submit a bug report, please visit:
#   https://bugreport.java.com/bugreport/crash.jsp
#

---------------  S U M M A R Y ------------

Command Line: -javaagent:D:\JetBrains\IntelliJ IDEA Community Edition 2021.2.2\lib\idea_rt.jar=4089:D:\JetBrains\IntelliJ IDEA Community Edition 2021.2.2\bin -Dfile.encoding=UTF-8 --module-path=C:\Users\Карина\.m2\repository\org\openjfx\javafx-controls\17-ea+11\javafx-controls-17-ea+11-win.jar;C:\Users\Карина\.m2\repository\org\openjfx\javafx-fxml\17-ea+11\javafx-fxml-17-ea+11-win.jar;C:\Users\Карина\.m2\repository\org\openjfx\javafx-base\17-ea+11\javafx-base-17-ea+11-win.jar;C:\Users\Карина\.m2\repository\org\openjfx\javafx-graphics\17-ea+11\javafx-graphics-17-ea+11-win.jar;C:\Users\Карина\.m2\repository\mysql\mysql-connector-java\8.0.25\mysql-connector-java-8.0.25.jar;D:\IdeaProjects\CourseProject\target\classes -Djdk.module.main=com.example.courseproject com.example.courseproject/com.example.courseproject.MyApplication

Host: AMD Ryzen 5 4600H with Radeon Graphics         , 12 cores, 15G,  Windows 10 , 64 bit Build 19041 (10.0.19041.1889)
Time: Sat Sep 17 15:53:04 2022 RTZ 2 (s 10 , 64 bit Build 19041 (10.0.19041.1889) elapsed time: 214.119444 seconds (0d 0h 3m 34s)

---------------  T H R E A D  ---------------

Current thread (0x00000232245aa420):  VMThread "VM Thread" [stack: 0x0000009bbac00000,0x0000009bbad00000] [id=4400]

Stack: [0x0000009bbac00000,0x0000009bbad00000],  sp=0x0000009bbacff090,  free space=1020k
Native frames: (J=compiled Java code, j=interpreted, Vv=VM code, C=native code)
C  [glass.dll+0x26a87]


siginfo: EXCEPTION_ACCESS_VIOLATION (0xc0000005), reading address 0x0000000000000000


Register to memory mapping:

RIP=0x00007ffce8836a87 glass.dll
RAX=0x0 is NULL
RBX=0x00000232245b91f0 is a global jni handle
RCX=0x00000232245aa420 points into unknown readable memory: 0x00007ffc7b74c540 | 40 c5 74 7b fc 7f 00 00
RDX=0x0000009bbacff090 points into unknown readable memory: 0x0000000000000000 | 00 00 00 00 00 00 00 00
RSP=0x0000009bbacff090 points into unknown readable memory: 0x0000000000000000 | 00 00 00 00 00 00 00 00
RBP=0x0000023226070088 points into unknown readable memory: 0x000096df04b43681 | 81 36 b4 04 df 96 00 00
RSI=0x0000023226070060 points into unknown readable memory: 0x00006926d5b24a59 | 59 4a b2 d5 26 69 00 00
RDI=0x000096df04b43681 is an unknown value
R8 =0x0000000000010002 is an unknown value
R9 =0x000096df04b43681 is an unknown value
R10=0x0000000000008000 is an unknown value
R11=0x0000009bbacff020 points into unknown readable memory: 0x0000023226070060 | 60 00 07 26 32 02 00 00
R12=0x00007ffce8834354 glass.dll
R13=0x00007ffc7b8f2940 jvm.dll
R14=0x0000009bbacff188 points into unknown readable memory: 0x0000009bbacff170 | 70 f1 cf ba 9b 00 00 00
R15=0x0000023226070060 points into unknown readable memory: 0x00006926d5b24a59 | 59 4a b2 d5 26 69 00 00


Registers:
RAX=0x0000000000000000, RBX=0x00000232245b91f0, RCX=0x00000232245aa420, RDX=0x0000009bbacff090
RSP=0x0000009bbacff090, RBP=0x0000023226070088, RSI=0x0000023226070060, RDI=0x000096df04b43681
R8 =0x0000000000010002, R9 =0x000096df04b43681, R10=0x0000000000008000, R11=0x0000009bbacff020
R12=0x00007ffce8834354, R13=0x00007ffc7b8f2940, R14=0x0000009bbacff188, R15=0x0000023226070060
RIP=0x00007ffce8836a87, EFLAGS=0x0000000000010206

Top of Stack: (sp=0x0000009bbacff090)
0x0000009bbacff090:   0000000000000000 0000023226070060
0x0000009bbacff0a0:   00007ffc7b8f2940 00007ffce8834354
0x0000009bbacff0b0:   0000023226070068 00007ffd23f142d6
0x0000009bbacff0c0:   000096df04b43681 0000023200000000
0x0000009bbacff0d0:   0000023226070088 0000023226070060
0x0000009bbacff0e0:   fffffffffffffffe 0000000000000000
0x0000009bbacff0f0:   0000000000000001 00007ffce8810000
0x0000009bbacff100:   0000009bbacff178 00007ffd23f141fb
0x0000009bbacff110:   0000000000000000 0000009bbacff188
0x0000009bbacff120:   0000009bbacff450 00007ffd23ff0e40
0x0000009bbacff130:   0000000000000001 00007ffd23f141b4
0x0000009bbacff140:   0000000000000000 0000000000000001
0x0000009bbacff150:   0000000000000001 0000009bbacff178
0x0000009bbacff160:   0000000000000000 00007ffce88341e1
0x0000009bbacff170:   00007ffce884a138 00007ffc00000002
0x0000009bbacff180:   0000000000000002 0000009bbacff170 

Instructions: (pc=0x00007ffce8836a87)
0x00007ffce8836987:   8b 4d 58 e8 01 cf ff ff 48 8b 4d 60 e8 f8 ce ff
0x00007ffce8836997:   ff 48 8b 95 80 00 00 00 48 8b 8d 18 01 00 00 e8
0x00007ffce88369a7:   c6 c3 ff ff 33 d2 33 c9 e8 3c e1 ff ff 90 48 89
0x00007ffce88369b7:   54 24 10 55 48 83 ec 20 48 8b ea 48 b8 00 00 00
0x00007ffce88369c7:   00 00 00 00 00 48 83 c4 20 5d c3 cc 40 55 48 8b
0x00007ffce88369d7:   ea 48 8b 01 33 c9 81 38 05 00 00 c0 0f 94 c1 8b
0x00007ffce88369e7:   c1 5d c3 cc 40 55 48 83 ec 20 48 8b ea 8a 4d 40
0x00007ffce88369f7:   48 83 c4 20 5d e9 f7 d2 ff ff cc 40 55 48 83 ec
0x00007ffce8836a07:   20 48 8b ea 8a 4d 20 e8 e5 d2 ff ff 90 48 83 c4
0x00007ffce8836a17:   20 5d c3 cc 40 55 48 83 ec 20 48 8b ea 48 83 c4
0x00007ffce8836a27:   20 5d e9 46 d1 ff ff cc 40 55 48 83 ec 30 48 8b
0x00007ffce8836a37:   ea 48 8b 01 8b 10 48 89 4c 24 28 89 54 24 20 4c
0x00007ffce8836a47:   8d 0d e7 d5 ff ff 4c 8b 45 70 8b 55 68 48 8b 4d
0x00007ffce8836a57:   60 e8 87 d0 ff ff 90 48 83 c4 30 5d c3 cc cc cc
0x00007ffce8836a67:   cc cc cc cc cc cc cc cc cc 40 53 48 83 ec 20 48
0x00007ffce8836a77:   8b 1d b3 30 01 00 48 85 db 74 16 e8 09 8b ff ff
0x00007ffce8836a87:   4c 8b 00 48 8b d3 48 8b c8 41 ff 90 b0 00 00 00
0x00007ffce8836a97:   90 48 83 c4 20 5b c3 cc cc 40 53 48 83 ec 20 48
0x00007ffce8836aa7:   8b 1d 2b 32 01 00 48 85 db 74 57 b8 ff ff ff ff
0x00007ffce8836ab7:   f0 0f c1 43 10 83 f8 01 75 3d 48 85 db 74 38 48
0x00007ffce8836ac7:   8b 0b 48 85 c9 74 0d ff 15 d4 07 00 00 48 c7 03
0x00007ffce8836ad7:   00 00 00 00 48 8b 4b 08 48 85 c9 74 0d e8 a7 cd
0x00007ffce8836ae7:   ff ff 48 c7 43 08 00 00 00 00 ba 18 00 00 00 48
0x00007ffce8836af7:   8b cb e8 92 cd ff ff 48 c7 05 cf 31 01 00 00 00
0x00007ffce8836b07:   00 00 48 83 c4 20 5b c3 cc 40 53 48 83 ec 20 48
0x00007ffce8836b17:   8b 1d 9b 31 01 00 48 85 db 74 57 b8 ff ff ff ff
0x00007ffce8836b27:   f0 0f c1 43 10 83 f8 01 75 3d 48 85 db 74 38 48
0x00007ffce8836b37:   8b 0b 48 85 c9 74 0d ff 15 64 07 00 00 48 c7 03
0x00007ffce8836b47:   00 00 00 00 48 8b 4b 08 48 85 c9 74 0d e8 37 cd
0x00007ffce8836b57:   ff ff 48 c7 43 08 00 00 00 00 ba 18 00 00 00 48
0x00007ffce8836b67:   8b cb e8 22 cd ff ff 48 c7 05 3f 31 01 00 00 00
0x00007ffce8836b77:   00 00 48 83 c4 20 5b c3 cc 40 53 48 83 ec 20 48 


Stack slot to memory mapping:
stack at sp + 0 slots: 0x0 is NULL
stack at sp + 1 slots: 0x0000023226070060 points into unknown readable memory: 0x00006926d5b24a59 | 59 4a b2 d5 26 69 00 00
stack at sp + 2 slots: 0x00007ffc7b8f2940 jvm.dll
stack at sp + 3 slots: 0x00007ffce8834354 glass.dll
stack at sp + 4 slots: 0x0000023226070068 points into unknown readable memory: 0x000096df04b43681 | 81 36 b4 04 df 96 00 00
stack at sp + 5 slots: 0x00007ffd23f142d6 ucrtbase.dll
stack at sp + 6 slots: 0x000096df04b43681 is an unknown value
stack at sp + 7 slots: 0x0000023200000000 points into unknown readable memory: 0x0000000000001400 | 00 14 00 00 00 00 00 00

VM_Operation (0x0000009bba4fed80): Exit, mode: safepoint, requested by thread 0x0000023226991080


---------------  P R O C E S S  ---------------

Threads class SMR info:
_java_thread_list=0x0000023226acb9c0, length=22, elements={
0x000002327fa3f000, 0x00000232245b0f30, 0x00000232245b1ba0, 0x00000232245c98d0,
0x00000232245ca190, 0x00000232245cab40, 0x00000232245cb4f0, 0x00000232245cd0b0,
0x00000232245d1470, 0x00000232245dc8a0, 0x00000232250c2a50, 0x00000232259cbcb0,
0x00000232259cc180, 0x0000023225ece1e0, 0x0000023225ec2560, 0x0000023225ec78b0,
0x0000023225d21660, 0x0000023226622850, 0x0000023226bcd870, 0x0000023225b7c360,
0x000002322698ea00, 0x0000023226991080
}

Java Threads: ( => current thread )
  0x000002327fa3f000 JavaThread "main" [_thread_blocked, id=13916, stack(0x0000009bba600000,0x0000009bba700000)]
  0x00000232245b0f30 JavaThread "Reference Handler" daemon [_thread_blocked, id=18256, stack(0x0000009bbad00000,0x0000009bbae00000)]
  0x00000232245b1ba0 JavaThread "Finalizer" daemon [_thread_blocked, id=17164, stack(0x0000009bbae00000,0x0000009bbaf00000)]
  0x00000232245c98d0 JavaThread "Signal Dispatcher" daemon [_thread_blocked, id=2596, stack(0x0000009bbaf00000,0x0000009bbb000000)]
  0x00000232245ca190 JavaThread "Attach Listener" daemon [_thread_blocked, id=22504, stack(0x0000009bbb000000,0x0000009bbb100000)]
  0x00000232245cab40 JavaThread "Service Thread" daemon [_thread_blocked, id=2004, stack(0x0000009bbb100000,0x0000009bbb200000)]
  0x00000232245cb4f0 JavaThread "Monitor Deflation Thread" daemon [_thread_blocked, id=15552, stack(0x0000009bbb200000,0x0000009bbb300000)]
  0x00000232245cd0b0 JavaThread "C2 CompilerThread0" daemon [_thread_blocked, id=14532, stack(0x0000009bbb300000,0x0000009bbb400000)]
  0x00000232245d1470 JavaThread "C1 CompilerThread0" daemon [_thread_blocked, id=11680, stack(0x0000009bbb400000,0x0000009bbb500000)]
  0x00000232245dc8a0 JavaThread "Sweeper thread" daemon [_thread_blocked, id=20840, stack(0x0000009bbb500000,0x0000009bbb600000)]
  0x00000232250c2a50 JavaThread "Common-Cleaner" daemon [_thread_blocked, id=19372, stack(0x0000009bbb600000,0x0000009bbb700000)]
  0x00000232259cbcb0 JavaThread "Monitor Ctrl-Break" daemon [_thread_in_native, id=19448, stack(0x0000009bbb900000,0x0000009bbba00000)]
  0x00000232259cc180 JavaThread "Notification Thread" daemon [_thread_blocked, id=12380, stack(0x0000009bbba00000,0x0000009bbbb00000)]
  0x0000023225ece1e0 JavaThread "QuantumRenderer-0" daemon [_thread_blocked, id=21880, stack(0x0000009bbbc00000,0x0000009bbbd00000)]
  0x0000023225ec2560 JavaThread "InvokeLaterDispatcher" daemon [_thread_blocked, id=928, stack(0x0000009bbbf00000,0x0000009bbc000000)]
  0x0000023225ec78b0 JavaThread "JavaFX Application Thread" [_thread_in_native, id=22020, stack(0x0000009bbc000000,0x0000009bbc100000)]
  0x0000023225d21660 JavaThread "JavaFX-Launcher" [_thread_blocked, id=21428, stack(0x0000009bbc900000,0x0000009bbca00000)]
  0x0000023226622850 JavaThread "Thread-2" daemon [_thread_in_native, id=21528, stack(0x0000009bbb800000,0x0000009bbb900000)]
  0x0000023226bcd870 JavaThread "Prism Font Disposer" daemon [_thread_blocked, id=9196, stack(0x0000009bbd000000,0x0000009bbd100000)]
  0x0000023225b7c360 JavaThread "Cleaner-0" daemon [_thread_blocked, id=17824, stack(0x0000009bbd100000,0x0000009bbd200000)]
  0x000002322698ea00 JavaThread "mysql-cj-abandoned-connection-cleanup" daemon [_thread_blocked, id=12660, stack(0x0000009bbd700000,0x0000009bbd800000)]
  0x0000023226991080 JavaThread "SIGINT handler" daemon [_thread_blocked, id=13560, stack(0x0000009bba400000,0x0000009bba500000)]

Other Threads:
=>0x00000232245aa420 VMThread "VM Thread" [stack: 0x0000009bbac00000,0x0000009bbad00000] [id=4400]
  0x000002327fa8d020 GCTaskThread "GC Thread#0" [stack: 0x0000009bba700000,0x0000009bba800000] [id=22208]
  0x000002322663b040 GCTaskThread "GC Thread#1" [stack: 0x0000009bbca00000,0x0000009bbcb00000] [id=18028]
  0x0000023225d0eb10 GCTaskThread "GC Thread#2" [stack: 0x0000009bbcb00000,0x0000009bbcc00000] [id=4224]
  0x0000023226620500 GCTaskThread "GC Thread#3" [stack: 0x0000009bbcc00000,0x0000009bbcd00000] [id=2608]
  0x0000023226021010 GCTaskThread "GC Thread#4" [stack: 0x0000009bbcd00000,0x0000009bbce00000] [id=20196]
  0x000002322602f590 GCTaskThread "GC Thread#5" [stack: 0x0000009bbce00000,0x0000009bbcf00000] [id=4676]
  0x0000023233c7d9c0 GCTaskThread "GC Thread#6" [stack: 0x0000009bbd300000,0x0000009bbd400000] [id=19496]
  0x00000232345bb9a0 GCTaskThread "GC Thread#7" [stack: 0x0000009bbd400000,0x0000009bbd500000] [id=20956]
  0x00000232266f48b0 GCTaskThread "GC Thread#8" [stack: 0x0000009bbd500000,0x0000009bbd600000] [id=22180]
  0x0000023226a85e20 GCTaskThread "GC Thread#9" [stack: 0x0000009bbd600000,0x0000009bbd700000] [id=17368]
  0x000002327fa9e180 ConcurrentGCThread "G1 Main Marker" terminated
  0x000002327fa9eb90 ConcurrentGCThread "G1 Conc#0" [stack: 0x0000009bba900000,0x0000009bbaa00000] [id=21200]
  0x000002327fb1eb50 ConcurrentGCThread "G1 Refine#0" terminated
  0x0000023224467640 ConcurrentGCThread "G1 Service" terminated

Threads with active compile tasks:
C1 CompilerThread0  
[error occurred during error reporting (printing all threads), id 0xc0000005, EXCEPTION_ACCESS_VIOLATION (0xc0000005) at pc=0x00007ffc7b55ce63]

VM state: at safepoint (shutting down)

VM Mutex/Monitor currently owned by a thread:  ([mutex/lock_event])
[0x000002327fa3b0c0] Threads_lock - owner thread: 0x00000232245aa420
[0x000002327fa3adf0] Heap_lock - owner thread: 0x0000023226991080

Heap address: 0x000000070a000000, size: 3936 MB, Compressed Oops mode: Zero based, Oop shift amount: 3

CDS archive(s) mapped at: [0x0000000800000000-0x0000000800bc0000-0x0000000800bc0000), size 12320768, SharedBaseAddress: 0x0000000800000000, ArchiveRelocationMode: 0.
Compressed class space mapped at: 0x0000000800c00000-0x0000000840c00000, reserved size: 1073741824
Narrow klass base: 0x0000000800000000, Narrow klass shift: 0, Narrow klass range: 0x100000000

GC Precious Log:
 CPUs: 12 total, 12 available
 Memory: 15741M
 Large Page Support: Disabled
 NUMA Support: Disabled
 Compressed Oops: Enabled (Zero based)
 Heap Region Size: 2M
 Heap Min Capacity: 8M
 Heap Initial Capacity: 246M
 Heap Max Capacity: 3936M
 Pre-touch: Disabled
 Parallel Workers: 10
 Concurrent Workers: 3
 Concurrent Refinement Workers: 10
 Periodic GC: Disabled

Heap:
 garbage-first heap   total 251904K, used 39711K [0x000000070a000000, 0x0000000800000000)
  region size 2048K, 18 young (36864K), 3 survivors (6144K)
 Metaspace       used 20110K, committed 20416K, reserved 1073152K
  class space    used 2773K, committed 2944K, reserved 1048576K

Heap Regions: E=young(eden), S=young(survivor), O=old, HS=humongous(starts), HC=humongous(continues), CS=collection set, F=free, OA=open archive, CA=closed archive, TAMS=top-at-mark-start (previous, next)
|   0|0x000000070a000000, 0x000000070a200000, 0x000000070a200000|100%|HS|  |TAMS 0x000000070a000000, 0x000000070a000000| Complete 
|   1|0x000000070a200000, 0x000000070a2c7c00, 0x000000070a400000| 39%| O|  |TAMS 0x000000070a200000, 0x000000070a200000| Untracked 
|   2|0x000000070a400000, 0x000000070a600000, 0x000000070a600000|100%|HS|  |TAMS 0x000000070a400000, 0x000000070a400000| Complete 
|   3|0x000000070a600000, 0x000000070a600000, 0x000000070a800000|  0%| F|  |TAMS 0x000000070a600000, 0x000000070a600000| Untracked 
|   4|0x000000070a800000, 0x000000070a800000, 0x000000070aa00000|  0%| F|  |TAMS 0x000000070a800000, 0x000000070a800000| Untracked 
|   5|0x000000070aa00000, 0x000000070aa00000, 0x000000070ac00000|  0%| F|  |TAMS 0x000000070aa00000, 0x000000070aa00000| Untracked 
|   6|0x000000070ac00000, 0x000000070ac00000, 0x000000070ae00000|  0%| F|  |TAMS 0x000000070ac00000, 0x000000070ac00000| Untracked 
|   7|0x000000070ae00000, 0x000000070ae00000, 0x000000070b000000|  0%| F|  |TAMS 0x000000070ae00000, 0x000000070ae00000| Untracked 
|   8|0x000000070b000000, 0x000000070b000000, 0x000000070b200000|  0%| F|  |TAMS 0x000000070b000000, 0x000000070b000000| Untracked 
|   9|0x000000070b200000, 0x000000070b200000, 0x000000070b400000|  0%| F|  |TAMS 0x000000070b200000, 0x000000070b200000| Untracked 
|  10|0x000000070b400000, 0x000000070b400000, 0x000000070b600000|  0%| F|  |TAMS 0x000000070b400000, 0x000000070b400000| Untracked 
|  11|0x000000070b600000, 0x000000070b600000, 0x000000070b800000|  0%| F|  |TAMS 0x000000070b600000, 0x000000070b600000| Untracked 
|  12|0x000000070b800000, 0x000000070b800000, 0x000000070ba00000|  0%| F|  |TAMS 0x000000070b800000, 0x000000070b800000| Untracked 
|  13|0x000000070ba00000, 0x000000070ba00000, 0x000000070bc00000|  0%| F|  |TAMS 0x000000070ba00000, 0x000000070ba00000| Untracked 
|  14|0x000000070bc00000, 0x000000070bc00000, 0x000000070be00000|  0%| F|  |TAMS 0x000000070bc00000, 0x000000070bc00000| Untracked 
|  15|0x000000070be00000, 0x000000070be00000, 0x000000070c000000|  0%| F|  |TAMS 0x000000070be00000, 0x000000070be00000| Untracked 
|  16|0x000000070c000000, 0x000000070c000000, 0x000000070c200000|  0%| F|  |TAMS 0x000000070c000000, 0x000000070c000000| Untracked 
|  17|0x000000070c200000, 0x000000070c200000, 0x000000070c400000|  0%| F|  |TAMS 0x000000070c200000, 0x000000070c200000| Untracked 
|  18|0x000000070c400000, 0x000000070c400000, 0x000000070c600000|  0%| F|  |TAMS 0x000000070c400000, 0x000000070c400000| Untracked 
|  19|0x000000070c600000, 0x000000070c600000, 0x000000070c800000|  0%| F|  |TAMS 0x000000070c600000, 0x000000070c600000| Untracked 
|  20|0x000000070c800000, 0x000000070c800000, 0x000000070ca00000|  0%| F|  |TAMS 0x000000070c800000, 0x000000070c800000| Untracked 
|  21|0x000000070ca00000, 0x000000070ca00000, 0x000000070cc00000|  0%| F|  |TAMS 0x000000070ca00000, 0x000000070ca00000| Untracked 
|  22|0x000000070cc00000, 0x000000070cc00000, 0x000000070ce00000|  0%| F|  |TAMS 0x000000070cc00000, 0x000000070cc00000| Untracked 
|  23|0x000000070ce00000, 0x000000070ce00000, 0x000000070d000000|  0%| F|  |TAMS 0x000000070ce00000, 0x000000070ce00000| Untracked 
|  24|0x000000070d000000, 0x000000070d000000, 0x000000070d200000|  0%| F|  |TAMS 0x000000070d000000, 0x000000070d000000| Untracked 
|  25|0x000000070d200000, 0x000000070d200000, 0x000000070d400000|  0%| F|  |TAMS 0x000000070d200000, 0x000000070d200000| Untracked 
|  26|0x000000070d400000, 0x000000070d400000, 0x000000070d600000|  0%| F|  |TAMS 0x000000070d400000, 0x000000070d400000| Untracked 
|  27|0x000000070d600000, 0x000000070d600000, 0x000000070d800000|  0%| F|  |TAMS 0x000000070d600000, 0x000000070d600000| Untracked 
|  28|0x000000070d800000, 0x000000070d800000, 0x000000070da00000|  0%| F|  |TAMS 0x000000070d800000, 0x000000070d800000| Untracked 
|  29|0x000000070da00000, 0x000000070da00000, 0x000000070dc00000|  0%| F|  |TAMS 0x000000070da00000, 0x000000070da00000| Untracked 
|  30|0x000000070dc00000, 0x000000070dc00000, 0x000000070de00000|  0%| F|  |TAMS 0x000000070dc00000, 0x000000070dc00000| Untracked 
|  31|0x000000070de00000, 0x000000070de00000, 0x000000070e000000|  0%| F|  |TAMS 0x000000070de00000, 0x000000070de00000| Untracked 
|  32|0x000000070e000000, 0x000000070e000000, 0x000000070e200000|  0%| F|  |TAMS 0x000000070e000000, 0x000000070e000000| Untracked 
|  33|0x000000070e200000, 0x000000070e200000, 0x000000070e400000|  0%| F|  |TAMS 0x000000070e200000, 0x000000070e200000| Untracked 
|  34|0x000000070e400000, 0x000000070e400000, 0x000000070e600000|  0%| F|  |TAMS 0x000000070e400000, 0x000000070e400000| Untracked 
|  35|0x000000070e600000, 0x000000070e600000, 0x000000070e800000|  0%| F|  |TAMS 0x000000070e600000, 0x000000070e600000| Untracked 
|  36|0x000000070e800000, 0x000000070e800000, 0x000000070ea00000|  0%| F|  |TAMS 0x000000070e800000, 0x000000070e800000| Untracked 
|  37|0x000000070ea00000, 0x000000070ea00000, 0x000000070ec00000|  0%| F|  |TAMS 0x000000070ea00000, 0x000000070ea00000| Untracked 
|  38|0x000000070ec00000, 0x000000070ec00000, 0x000000070ee00000|  0%| F|  |TAMS 0x000000070ec00000, 0x000000070ec00000| Untracked 
|  39|0x000000070ee00000, 0x000000070ee00000, 0x000000070f000000|  0%| F|  |TAMS 0x000000070ee00000, 0x000000070ee00000| Untracked 
|  40|0x000000070f000000, 0x000000070f000000, 0x000000070f200000|  0%| F|  |TAMS 0x000000070f000000, 0x000000070f000000| Untracked 
|  41|0x000000070f200000, 0x000000070f200000, 0x000000070f400000|  0%| F|  |TAMS 0x000000070f200000, 0x000000070f200000| Untracked 
|  42|0x000000070f400000, 0x000000070f400000, 0x000000070f600000|  0%| F|  |TAMS 0x000000070f400000, 0x000000070f400000| Untracked 
|  43|0x000000070f600000, 0x000000070f600000, 0x000000070f800000|  0%| F|  |TAMS 0x000000070f600000, 0x000000070f600000| Untracked 
|  44|0x000000070f800000, 0x000000070f800000, 0x000000070fa00000|  0%| F|  |TAMS 0x000000070f800000, 0x000000070f800000| Untracked 
|  45|0x000000070fa00000, 0x000000070fa00000, 0x000000070fc00000|  0%| F|  |TAMS 0x000000070fa00000, 0x000000070fa00000| Untracked 
|  46|0x000000070fc00000, 0x000000070fc00000, 0x000000070fe00000|  0%| F|  |TAMS 0x000000070fc00000, 0x000000070fc00000| Untracked 
|  47|0x000000070fe00000, 0x000000070fe00000, 0x0000000710000000|  0%| F|  |TAMS 0x000000070fe00000, 0x000000070fe00000| Untracked 
|  48|0x0000000710000000, 0x0000000710000000, 0x0000000710200000|  0%| F|  |TAMS 0x0000000710000000, 0x0000000710000000| Untracked 
|  49|0x0000000710200000, 0x0000000710200000, 0x0000000710400000|  0%| F|  |TAMS 0x0000000710200000, 0x0000000710200000| Untracked 
|  50|0x0000000710400000, 0x0000000710400000, 0x0000000710600000|  0%| F|  |TAMS 0x0000000710400000, 0x0000000710400000| Untracked 
|  51|0x0000000710600000, 0x0000000710600000, 0x0000000710800000|  0%| F|  |TAMS 0x0000000710600000, 0x0000000710600000| Untracked 
|  52|0x0000000710800000, 0x0000000710800000, 0x0000000710a00000|  0%| F|  |TAMS 0x0000000710800000, 0x0000000710800000| Untracked 
|  53|0x0000000710a00000, 0x0000000710a00000, 0x0000000710c00000|  0%| F|  |TAMS 0x0000000710a00000, 0x0000000710a00000| Untracked 
|  54|0x0000000710c00000, 0x0000000710c00000, 0x0000000710e00000|  0%| F|  |TAMS 0x0000000710c00000, 0x0000000710c00000| Untracked 
|  55|0x0000000710e00000, 0x0000000710e00000, 0x0000000711000000|  0%| F|  |TAMS 0x0000000710e00000, 0x0000000710e00000| Untracked 
|  56|0x0000000711000000, 0x0000000711000000, 0x0000000711200000|  0%| F|  |TAMS 0x0000000711000000, 0x0000000711000000| Untracked 
|  57|0x0000000711200000, 0x0000000711200000, 0x0000000711400000|  0%| F|  |TAMS 0x0000000711200000, 0x0000000711200000| Untracked 
|  58|0x0000000711400000, 0x0000000711400000, 0x0000000711600000|  0%| F|  |TAMS 0x0000000711400000, 0x0000000711400000| Untracked 
|  59|0x0000000711600000, 0x0000000711600000, 0x0000000711800000|  0%| F|  |TAMS 0x0000000711600000, 0x0000000711600000| Untracked 
|  60|0x0000000711800000, 0x0000000711800000, 0x0000000711a00000|  0%| F|  |TAMS 0x0000000711800000, 0x0000000711800000| Untracked 
|  61|0x0000000711a00000, 0x0000000711a00000, 0x0000000711c00000|  0%| F|  |TAMS 0x0000000711a00000, 0x0000000711a00000| Untracked 
|  62|0x0000000711c00000, 0x0000000711c00000, 0x0000000711e00000|  0%| F|  |TAMS 0x0000000711c00000, 0x0000000711c00000| Untracked 
|  63|0x0000000711e00000, 0x0000000711e00000, 0x0000000712000000|  0%| F|  |TAMS 0x0000000711e00000, 0x0000000711e00000| Untracked 
|  64|0x0000000712000000, 0x0000000712000000, 0x0000000712200000|  0%| F|  |TAMS 0x0000000712000000, 0x0000000712000000| Untracked 
|  65|0x0000000712200000, 0x0000000712200000, 0x0000000712400000|  0%| F|  |TAMS 0x0000000712200000, 0x0000000712200000| Untracked 
|  66|0x0000000712400000, 0x0000000712400000, 0x0000000712600000|  0%| F|  |TAMS 0x0000000712400000, 0x0000000712400000| Untracked 
|  67|0x0000000712600000, 0x0000000712600000, 0x0000000712800000|  0%| F|  |TAMS 0x0000000712600000, 0x0000000712600000| Untracked 
|  68|0x0000000712800000, 0x0000000712800000, 0x0000000712a00000|  0%| F|  |TAMS 0x0000000712800000, 0x0000000712800000| Untracked 
|  69|0x0000000712a00000, 0x0000000712a00000, 0x0000000712c00000|  0%| F|  |TAMS 0x0000000712a00000, 0x0000000712a00000| Untracked 
|  70|0x0000000712c00000, 0x0000000712c00000, 0x0000000712e00000|  0%| F|  |TAMS 0x0000000712c00000, 0x0000000712c00000| Untracked 
|  71|0x0000000712e00000, 0x0000000712e00000, 0x0000000713000000|  0%| F|  |TAMS 0x0000000712e00000, 0x0000000712e00000| Untracked 
|  72|0x0000000713000000, 0x0000000713000000, 0x0000000713200000|  0%| F|  |TAMS 0x0000000713000000, 0x0000000713000000| Untracked 
|  73|0x0000000713200000, 0x0000000713200000, 0x0000000713400000|  0%| F|  |TAMS 0x0000000713200000, 0x0000000713200000| Untracked 
|  74|0x0000000713400000, 0x0000000713400000, 0x0000000713600000|  0%| F|  |TAMS 0x0000000713400000, 0x0000000713400000| Untracked 
|  75|0x0000000713600000, 0x0000000713600000, 0x0000000713800000|  0%| F|  |TAMS 0x0000000713600000, 0x0000000713600000| Untracked 
|  76|0x0000000713800000, 0x0000000713800000, 0x0000000713a00000|  0%| F|  |TAMS 0x0000000713800000, 0x0000000713800000| Untracked 
|  77|0x0000000713a00000, 0x0000000713a00000, 0x0000000713c00000|  0%| F|  |TAMS 0x0000000713a00000, 0x0000000713a00000| Untracked 
|  78|0x0000000713c00000, 0x0000000713c00000, 0x0000000713e00000|  0%| F|  |TAMS 0x0000000713c00000, 0x0000000713c00000| Untracked 
|  79|0x0000000713e00000, 0x0000000713e00000, 0x0000000714000000|  0%| F|  |TAMS 0x0000000713e00000, 0x0000000713e00000| Untracked 
|  80|0x0000000714000000, 0x0000000714000000, 0x0000000714200000|  0%| F|  |TAMS 0x0000000714000000, 0x0000000714000000| Untracked 
|  81|0x0000000714200000, 0x0000000714200000, 0x0000000714400000|  0%| F|  |TAMS 0x0000000714200000, 0x0000000714200000| Untracked 
|  82|0x0000000714400000, 0x0000000714400000, 0x0000000714600000|  0%| F|  |TAMS 0x0000000714400000, 0x0000000714400000| Untracked 
|  83|0x0000000714600000, 0x0000000714600000, 0x0000000714800000|  0%| F|  |TAMS 0x0000000714600000, 0x0000000714600000| Untracked 
|  84|0x0000000714800000, 0x0000000714800000, 0x0000000714a00000|  0%| F|  |TAMS 0x0000000714800000, 0x0000000714800000| Untracked 
|  85|0x0000000714a00000, 0x0000000714a00000, 0x0000000714c00000|  0%| F|  |TAMS 0x0000000714a00000, 0x0000000714a00000| Untracked 
|  86|0x0000000714c00000, 0x0000000714c00000, 0x0000000714e00000|  0%| F|  |TAMS 0x0000000714c00000, 0x0000000714c00000| Untracked 
|  87|0x0000000714e00000, 0x0000000714e00000, 0x0000000715000000|  0%| F|  |TAMS 0x0000000714e00000, 0x0000000714e00000| Untracked 
|  88|0x0000000715000000, 0x0000000715000000, 0x0000000715200000|  0%| F|  |TAMS 0x0000000715000000, 0x0000000715000000| Untracked 
|  89|0x0000000715200000, 0x0000000715200000, 0x0000000715400000|  0%| F|  |TAMS 0x0000000715200000, 0x0000000715200000| Untracked 
|  90|0x0000000715400000, 0x0000000715400000, 0x0000000715600000|  0%| F|  |TAMS 0x0000000715400000, 0x0000000715400000| Untracked 
|  91|0x0000000715600000, 0x0000000715600000, 0x0000000715800000|  0%| F|  |TAMS 0x0000000715600000, 0x0000000715600000| Untracked 
|  92|0x0000000715800000, 0x0000000715800000, 0x0000000715a00000|  0%| F|  |TAMS 0x0000000715800000, 0x0000000715800000| Untracked 
|  93|0x0000000715a00000, 0x0000000715a00000, 0x0000000715c00000|  0%| F|  |TAMS 0x0000000715a00000, 0x0000000715a00000| Untracked 
|  94|0x0000000715c00000, 0x0000000715c00000, 0x0000000715e00000|  0%| F|  |TAMS 0x0000000715c00000, 0x0000000715c00000| Untracked 
|  95|0x0000000715e00000, 0x0000000715e00000, 0x0000000716000000|  0%| F|  |TAMS 0x0000000715e00000, 0x0000000715e00000| Untracked 
|  96|0x0000000716000000, 0x0000000716000000, 0x0000000716200000|  0%| F|  |TAMS 0x0000000716000000, 0x0000000716000000| Untracked 
|  97|0x0000000716200000, 0x0000000716200000, 0x0000000716400000|  0%| F|  |TAMS 0x0000000716200000, 0x0000000716200000| Untracked 
|  98|0x0000000716400000, 0x0000000716400000, 0x0000000716600000|  0%| F|  |TAMS 0x0000000716400000, 0x0000000716400000| Untracked 
|  99|0x0000000716600000, 0x0000000716600000, 0x0000000716800000|  0%| F|  |TAMS 0x0000000716600000, 0x0000000716600000| Untracked 
| 100|0x0000000716800000, 0x0000000716800000, 0x0000000716a00000|  0%| F|  |TAMS 0x0000000716800000, 0x0000000716800000| Untracked 
| 101|0x0000000716a00000, 0x0000000716c00000, 0x0000000716c00000|100%| S|CS|TAMS 0x0000000716a00000, 0x0000000716a00000| Complete 
| 102|0x0000000716c00000, 0x0000000716e00000, 0x0000000716e00000|100%| S|CS|TAMS 0x0000000716c00000, 0x0000000716c00000| Complete 
| 103|0x0000000716e00000, 0x0000000717000000, 0x0000000717000000|100%| S|CS|TAMS 0x0000000716e00000, 0x0000000716e00000| Complete 
| 104|0x0000000717000000, 0x0000000717000000, 0x0000000717200000|  0%| F|  |TAMS 0x0000000717000000, 0x0000000717000000| Untracked 
| 105|0x0000000717200000, 0x0000000717200000, 0x0000000717400000|  0%| F|  |TAMS 0x0000000717200000, 0x0000000717200000| Untracked 
| 106|0x0000000717400000, 0x0000000717400000, 0x0000000717600000|  0%| F|  |TAMS 0x0000000717400000, 0x0000000717400000| Untracked 
| 107|0x0000000717600000, 0x0000000717600000, 0x0000000717800000|  0%| F|  |TAMS 0x0000000717600000, 0x0000000717600000| Untracked 
| 108|0x0000000717800000, 0x00000007178ef730, 0x0000000717a00000| 46%| E|  |TAMS 0x0000000717800000, 0x0000000717800000| Complete 
| 109|0x0000000717a00000, 0x0000000717c00000, 0x0000000717c00000|100%| E|CS|TAMS 0x0000000717a00000, 0x0000000717a00000| Complete 
| 110|0x0000000717c00000, 0x0000000717e00000, 0x0000000717e00000|100%| E|CS|TAMS 0x0000000717c00000, 0x0000000717c00000| Complete 
| 111|0x0000000717e00000, 0x0000000718000000, 0x0000000718000000|100%| E|CS|TAMS 0x0000000717e00000, 0x0000000717e00000| Complete 
| 112|0x0000000718000000, 0x0000000718200000, 0x0000000718200000|100%| E|CS|TAMS 0x0000000718000000, 0x0000000718000000| Complete 
| 113|0x0000000718200000, 0x0000000718400000, 0x0000000718400000|100%| E|CS|TAMS 0x0000000718200000, 0x0000000718200000| Complete 
| 114|0x0000000718400000, 0x0000000718600000, 0x0000000718600000|100%| E|CS|TAMS 0x0000000718400000, 0x0000000718400000| Complete 
| 115|0x0000000718600000, 0x0000000718800000, 0x0000000718800000|100%| E|CS|TAMS 0x0000000718600000, 0x0000000718600000| Complete 
| 116|0x0000000718800000, 0x0000000718a00000, 0x0000000718a00000|100%| E|CS|TAMS 0x0000000718800000, 0x0000000718800000| Complete 
| 117|0x0000000718a00000, 0x0000000718c00000, 0x0000000718c00000|100%| E|CS|TAMS 0x0000000718a00000, 0x0000000718a00000| Complete 
| 118|0x0000000718c00000, 0x0000000718e00000, 0x0000000718e00000|100%| E|CS|TAMS 0x0000000718c00000, 0x0000000718c00000| Complete 
| 119|0x0000000718e00000, 0x0000000719000000, 0x0000000719000000|100%| E|CS|TAMS 0x0000000718e00000, 0x0000000718e00000| Complete 
| 120|0x0000000719000000, 0x0000000719200000, 0x0000000719200000|100%| E|CS|TAMS 0x0000000719000000, 0x0000000719000000| Complete 
| 121|0x0000000719200000, 0x0000000719400000, 0x0000000719400000|100%| E|CS|TAMS 0x0000000719200000, 0x0000000719200000| Complete 
| 122|0x0000000719400000, 0x0000000719600000, 0x0000000719600000|100%| E|CS|TAMS 0x0000000719400000, 0x0000000719400000| Complete 

Card table byte_map: [0x0000023218e80000,0x0000023219630000] _byte_map_base: 0x0000023215630000

Marking Bits (Prev, Next): (CMBitMap*) 0x000002327fa8d630, (CMBitMap*) 0x000002327fa8d670
 Prev Bits: [0x0000023219de0000, 0x000002321db60000)
 Next Bits: [0x000002321db60000, 0x00000232218e0000)

Polling page: 0x000002327fb20000

Metaspace:

Usage:
  Non-class:     16.93 MB used.
      Class:      2.71 MB used.
       Both:     19.64 MB used.

Virtual space:
  Non-class space:       24.00 MB reserved,      17.06 MB ( 71%) committed,  3 nodes.
      Class space:        1.00 GB reserved,       2.88 MB ( <1%) committed,  1 nodes.
             Both:        1.02 GB reserved,      19.94 MB (  2%) committed. 

Chunk freelists:
   Non-Class:  2.92 MB
       Class:  998.00 KB
        Both:  3.90 MB

MaxMetaspaceSize: unlimited
CompressedClassSpaceSize: 1.00 GB
Initial GC threshold: 21.00 MB
Current GC threshold: 21.00 MB
CDS: on
MetaspaceReclaimPolicy: balanced
 - commit_granule_bytes: 65536.
 - commit_granule_words: 8192.
 - virtual_space_node_default_size: 1048576.
 - enlarge_chunks_in_place: 1.
 - new_chunks_are_fully_committed: 0.
 - uncommit_free_chunks: 1.
 - use_allocation_guard: 0.
 - handle_deallocations: 1.


Internal statistics:

num_allocs_failed_limit: 0.
num_arena_births: 214.
num_arena_deaths: 0.
num_vsnodes_births: 4.
num_vsnodes_deaths: 0.
num_space_committed: 319.
num_space_uncommitted: 0.
num_chunks_returned_to_freelist: 0.
num_chunks_taken_from_freelist: 854.
num_chunk_merges: 0.
num_chunk_splits: 610.
num_chunks_enlarged: 479.
num_purges: 0.
num_inconsistent_stats: 0.

CodeHeap 'non-profiled nmethods': size=120000Kb used=1343Kb max_used=1343Kb free=118656Kb
 bounds [0x0000023210600000, 0x0000023210870000, 0x0000023217b30000]
CodeHeap 'profiled nmethods': size=120000Kb used=6067Kb max_used=6067Kb free=113932Kb
 bounds [0x00000232090d0000, 0x00000232096c0000, 0x0000023210600000]
CodeHeap 'non-nmethods': size=5760Kb used=1466Kb max_used=1499Kb free=4293Kb
 bounds [0x0000023208b30000, 0x0000023208da0000, 0x00000232090d0000]
 total_blobs=4066 nmethods=3225 adapters=752
 compilation: enabled
              stopped_count=0, restarted_count=0
 full_count=0

Compilation events (20 events):
Event: 26.622 Thread 0x00000232245d1470 nmethod 3217 0x00000232096b8090 code [0x00000232096b8220, 0x00000232096b8368]
Event: 26.622 Thread 0x00000232245d1470 3218       3       com.sun.javafx.stage.WindowHelper::notifyLocationChanged (12 bytes)
Event: 26.622 Thread 0x00000232245d1470 nmethod 3218 0x00000232096b8410 code [0x00000232096b85c0, 0x00000232096b8748]
Event: 27.237 Thread 0x00000232245cd0b0 3219       4       com.sun.javafx.geom.PickRay::setOrigin (12 bytes)
Event: 27.238 Thread 0x00000232245cd0b0 nmethod 3219 0x000002321074e190 code [0x000002321074e300, 0x000002321074e3b8]
Event: 85.887 Thread 0x00000232245cd0b0 3220       4       com.sun.javafx.tk.quantum.QuantumToolkit::postPulse (133 bytes)
Event: 85.893 Thread 0x00000232245cd0b0 nmethod 3220 0x000002321074e490 code [0x000002321074e680, 0x000002321074ec60]
Event: 86.558 Thread 0x00000232245cd0b0 3221       4       com.sun.javafx.tk.quantum.QuantumToolkit$$Lambda$105/0x0000000800c38618::run (8 bytes)
Event: 86.567 Thread 0x00000232245cd0b0 nmethod 3221 0x000002321074f110 code [0x000002321074f300, 0x000002321074f970]
Event: 91.193 Thread 0x00000232245d1470 3222  s!   3       jdk.internal.loader.URLClassPath::getLoader (194 bytes)
Event: 91.195 Thread 0x00000232245d1470 nmethod 3222 0x00000232096b8890 code [0x00000232096b8b80, 0x00000232096b9ee8]
Event: 111.196 Thread 0x00000232245d1470 3223   !   3       jdk.internal.loader.URLClassPath$JarLoader::ensureOpen (36 bytes)
Event: 111.197 Thread 0x00000232245d1470 nmethod 3223 0x00000232096ba690 code [0x00000232096ba860, 0x00000232096bad58]
Event: 121.197 Thread 0x00000232245d1470 3224   !   3       jdk.internal.loader.URLClassPath$JarLoader::getResource (65 bytes)
Event: 121.198 Thread 0x00000232245d1470 nmethod 3224 0x00000232096baf10 code [0x00000232096bb160, 0x00000232096bbbe8]
Event: 151.199 Thread 0x00000232245d1470 3225       3       jdk.internal.loader.URLClassPath$JarLoader::findResource (18 bytes)
Event: 151.200 Thread 0x00000232245d1470 nmethod 3225 0x00000232096bbf10 code [0x00000232096bc0c0, 0x00000232096bc2a8]
Event: 161.200 Thread 0x00000232245d1470 3226       3       jdk.internal.module.Resources::toPackageName (39 bytes)
Event: 161.200 Thread 0x00000232245d1470 nmethod 3226 0x00000232096bc390 code [0x00000232096bc5c0, 0x00000232096bcc58]
Event: 213.762 Thread 0x00000232245d1470 3227       3       java.util.LinkedList$ListItr::hasNext (20 bytes)

GC Heap History (4 events):
Event: 0.570 GC heap before
{Heap before GC invocations=0 (full 0):
 garbage-first heap   total 251904K, used 22528K [0x000000070a000000, 0x0000000800000000)
  region size 2048K, 11 young (22528K), 0 survivors (0K)
 Metaspace       used 4832K, committed 4992K, reserved 1056768K
  class space    used 564K, committed 640K, reserved 1048576K
}
Event: 0.573 GC heap after
{Heap after GC invocations=1 (full 0):
 garbage-first heap   total 251904K, used 2806K [0x000000070a000000, 0x0000000800000000)
  region size 2048K, 2 young (4096K), 2 survivors (4096K)
 Metaspace       used 4832K, committed 4992K, reserved 1056768K
  class space    used 564K, committed 640K, reserved 1048576K
}
Event: 5.912 GC heap before
{Heap before GC invocations=1 (full 0):
 garbage-first heap   total 251904K, used 39670K [0x000000070a000000, 0x0000000800000000)
  region size 2048K, 19 young (38912K), 2 survivors (4096K)
 Metaspace       used 13903K, committed 14144K, reserved 1064960K
  class space    used 1914K, committed 2048K, reserved 1048576K
}
Event: 5.918 GC heap after
{Heap after GC invocations=2 (full 0):
 garbage-first heap   total 251904K, used 8991K [0x000000070a000000, 0x0000000800000000)
  region size 2048K, 3 young (6144K), 3 survivors (6144K)
 Metaspace       used 13903K, committed 14144K, reserved 1064960K
  class space    used 1914K, committed 2048K, reserved 1048576K
}

Deoptimization events (20 events):
Event: 11.200 Thread 0x0000023225ec78b0 DEOPT PACKING pc=0x000002320916a4d6 sp=0x0000009bbc0f7470
Event: 11.200 Thread 0x0000023225ec78b0 DEOPT UNPACKING pc=0x0000023208b82b43 sp=0x0000009bbc0f6910 mode 0
Event: 11.200 Thread 0x0000023225ec78b0 DEOPT PACKING pc=0x000002320916a4d6 sp=0x0000009bbc0f7470
Event: 11.200 Thread 0x0000023225ec78b0 DEOPT UNPACKING pc=0x0000023208b82b43 sp=0x0000009bbc0f6910 mode 0
Event: 11.271 Thread 0x0000023225ec78b0 Uncommon trap: trap_request=0xffffff45 fr.pc=0x000002321063e048 relative=0x00000000000000a8
Event: 11.271 Thread 0x0000023225ec78b0 Uncommon trap: reason=unstable_if action=reinterpret pc=0x000002321063e048 method=jdk.internal.misc.Unsafe.convEndian(ZI)I @ 4 c2
Event: 11.271 Thread 0x0000023225ec78b0 DEOPT PACKING pc=0x000002321063e048 sp=0x0000009bbc0f9b50
Event: 11.271 Thread 0x0000023225ec78b0 DEOPT UNPACKING pc=0x0000023208b823a3 sp=0x0000009bbc0f99e8 mode 2
Event: 11.323 Thread 0x0000023225ec78b0 Uncommon trap: trap_request=0xffffff45 fr.pc=0x00000232106506d8 relative=0x0000000000000b18
Event: 11.323 Thread 0x0000023225ec78b0 Uncommon trap: reason=unstable_if action=reinterpret pc=0x00000232106506d8 method=java.lang.AbstractStringBuilder.append(Ljava/lang/String;)Ljava/lang/AbstractStringBuilder; @ 1 c2
Event: 11.323 Thread 0x0000023225ec78b0 DEOPT PACKING pc=0x00000232106506d8 sp=0x0000009bbc0fa080
Event: 11.323 Thread 0x0000023225ec78b0 DEOPT UNPACKING pc=0x0000023208b823a3 sp=0x0000009bbc0fa010 mode 2
Event: 11.323 Thread 0x0000023225ec78b0 Uncommon trap: trap_request=0xffffff45 fr.pc=0x000002321065756c relative=0x0000000000000b2c
Event: 11.323 Thread 0x0000023225ec78b0 Uncommon trap: reason=unstable_if action=reinterpret pc=0x000002321065756c method=java.lang.AbstractStringBuilder.append(Ljava/lang/String;)Ljava/lang/AbstractStringBuilder; @ 1 c2
Event: 11.323 Thread 0x0000023225ec78b0 DEOPT PACKING pc=0x000002321065756c sp=0x0000009bbc0fa030
Event: 11.323 Thread 0x0000023225ec78b0 DEOPT UNPACKING pc=0x0000023208b823a3 sp=0x0000009bbc0fa018 mode 2
Event: 13.369 Thread 0x0000023225ec78b0 Uncommon trap: trap_request=0xffffff45 fr.pc=0x0000023210714c74 relative=0x0000000000000f54
Event: 13.369 Thread 0x0000023225ec78b0 Uncommon trap: reason=unstable_if action=reinterpret pc=0x0000023210714c74 method=java.util.concurrent.ConcurrentHashMap.putVal(Ljava/lang/Object;Ljava/lang/Object;Z)Ljava/lang/Object; @ 256 c2
Event: 13.369 Thread 0x0000023225ec78b0 DEOPT PACKING pc=0x0000023210714c74 sp=0x0000009bbc0f77c0
Event: 13.369 Thread 0x0000023225ec78b0 DEOPT UNPACKING pc=0x0000023208b823a3 sp=0x0000009bbc0f7738 mode 2

Classes unloaded (0 events):
No events

Classes redefined (0 events):
No events

Internal exceptions (20 events):
Event: 0.906 Thread 0x0000023225ec78b0 Exception <a 'java/lang/IncompatibleClassChangeError'{0x0000000717a373c8}: Found class java.lang.Object, but interface was expected> (0x0000000717a373c8) 
thrown [t:\workspace\open\src\hotspot\share\interpreter\linkResolver.cpp, line 833]
Event: 0.953 Thread 0x0000023225ec78b0 Exception <a 'java/lang/NoSuchMethodError'{0x0000000717bc7a08}: 'java.lang.Object java.lang.invoke.DirectMethodHandle$Holder.newInvokeSpecial(java.lang.Object, java.lang.Object, int)'> (0x0000000717bc7a08) 
thrown [t:\workspace\open\src\hotspot\share\interpreter\linkResolver.cpp, line 766]
Event: 0.977 Thread 0x0000023225ece1e0 Exception <a 'java/lang/NoSuchMethodError'{0x000000071787bc50}: 'int java.lang.invoke.DirectMethodHandle$Holder.invokeStaticInit(java.lang.Object, java.lang.Object)'> (0x000000071787bc50) 
thrown [t:\workspace\open\src\hotspot\share\interpreter\linkResolver.cpp, line 766]
Event: 3.504 Thread 0x0000023225ec78b0 Exception <a 'java/lang/NoSuchMethodError'{0x00000007175a9010}: 'long java.lang.invoke.DirectMethodHandle$Holder.invokeStatic(java.lang.Object, java.lang.Object, java.lang.Object)'> (0x00000007175a9010) 
thrown [t:\workspace\open\src\hotspot\share\interpreter\linkResolver.cpp, line 766]
Event: 3.504 Thread 0x0000023225ec78b0 Exception <a 'java/lang/NoSuchMethodError'{0x00000007175ac7b8}: 'long java.lang.invoke.DirectMethodHandle$Holder.invokeStaticInit(java.lang.Object, java.lang.Object, java.lang.Object)'> (0x00000007175ac7b8) 
thrown [t:\workspace\open\src\hotspot\share\interpreter\linkResolver.cpp, line 766]
Event: 3.506 Thread 0x0000023225ec78b0 Exception <a 'java/lang/NoSuchMethodError'{0x00000007175c43c0}: 'java.lang.Object java.lang.invoke.DirectMethodHandle$Holder.newInvokeSpecial(java.lang.Object, java.lang.Object, long)'> (0x00000007175c43c0) 
thrown [t:\workspace\open\src\hotspot\share\interpreter\linkResolver.cpp, line 766]
Event: 3.506 Thread 0x0000023225ec78b0 Exception <a 'java/lang/NoSuchMethodError'{0x00000007175c7f30}: 'java.lang.Object java.lang.invoke.Invokers$Holder.linkToTargetMethod(java.lang.Object, long, java.lang.Object)'> (0x00000007175c7f30) 
thrown [t:\workspace\open\src\hotspot\share\interpreter\linkResolver.cpp, line 766]
Event: 5.884 Thread 0x0000023225ec78b0 Exception <a 'java/lang/ClassNotFoundException'{0x0000000717066510}: com/sun/javafx/scene/control/skin/resources/controls> (0x0000000717066510) 
thrown [t:\workspace\open\src\hotspot\share\prims\jni.cpp, line 535]
Event: 5.885 Thread 0x0000023225ec78b0 Exception <a 'java/lang/ClassNotFoundException'{0x00000007170742e0}: com/sun/javafx/scene/control/skin/resources/controls_ru> (0x00000007170742e0) 
thrown [t:\workspace\open\src\hotspot\share\prims\jni.cpp, line 535]
Event: 5.885 Thread 0x0000023225ec78b0 Exception <a 'java/lang/ClassNotFoundException'{0x0000000717075548}: com/sun/javafx/scene/control/skin/resources/controls_ru_RU> (0x0000000717075548) 
thrown [t:\workspace\open\src\hotspot\share\prims\jni.cpp, line 535]
Event: 5.912 Thread 0x0000023225ec78b0 Exception <a 'java/lang/NoSuchMethodError'{0x00000007171f2748}: 'void java.lang.invoke.DirectMethodHandle$Holder.invokeSpecial(java.lang.Object, java.lang.Object, java.lang.Object, java.lang.Object, java.lang.Object, java.lang.Object)'> (0x00000007171f2748) 
thrown [t:\workspace\open\src\hotspot\share\interpreter\linkResolver.cpp, line 766]
Event: 11.186 Thread 0x0000023225ec78b0 Exception <a 'sun/nio/fs/WindowsException'{0x0000000718f09160}> (0x0000000718f09160) 
thrown [t:\workspace\open\src\hotspot\share\prims\jni.cpp, line 516]
Event: 11.204 Thread 0x0000023225ec78b0 Exception <a 'java/lang/NoSuchMethodError'{0x0000000718c9b570}: 'java.lang.Object java.lang.invoke.DirectMethodHandle$Holder.invokeVirtual(java.lang.Object, java.lang.Object, java.lang.Object)'> (0x0000000718c9b570) 
thrown [t:\workspace\open\src\hotspot\share\interpreter\linkResolver.cpp, line 766]
Event: 11.323 Thread 0x0000023225ec78b0 Implicit null exception at 0x000002321064fbf9 to 0x00000232106506c0
Event: 11.323 Thread 0x0000023225ec78b0 Implicit null exception at 0x0000023210656a76 to 0x0000023210657554
Event: 13.368 Thread 0x0000023225ec78b0 Exception <a 'sun/nio/fs/WindowsException'{0x0000000717cb4ae8}> (0x0000000717cb4ae8) 
thrown [t:\workspace\open\src\hotspot\share\prims\jni.cpp, line 516]
Event: 13.371 Thread 0x0000023225ec78b0 Exception <a 'java/lang/ClassNotFoundException'{0x0000000717cc5088}: sun/util/logging/resources/spi/loggingProvider> (0x0000000717cc5088) 
thrown [t:\workspace\open\src\hotspot\share\classfile\systemDictionary.cpp, line 256]
Event: 17.914 Thread 0x0000023225ec78b0 Exception <a 'java/lang/NoSuchMethodError'{0x0000000717a13bc0}: 'java.lang.Object java.lang.invoke.DirectMethodHandle$Holder.newInvokeSpecial(java.lang.Object, java.lang.Object, int, int, int, int, int, java.lang.Object)'> (0x0000000717a13bc0) 
thrown [t:\workspace\open\src\hotspot\share\interpreter\linkResolver.cpp, line 766]
Event: 17.916 Thread 0x0000023225ec78b0 Exception <a 'java/lang/NoSuchMethodError'{0x0000000717a278e8}: 'java.lang.Object java.lang.invoke.DirectMethodHandle$Holder.newInvokeSpecial(java.lang.Object, java.lang.Object, java.lang.Object, int, int, int, int, int)'> (0x0000000717a278e8) 
thrown [t:\workspace\open\src\hotspot\share\interpreter\linkResolver.cpp, line 766]
Event: 17.917 Thread 0x0000023225ec78b0 Exception <a 'java/lang/NoSuchMethodError'{0x0000000717a2fe90}: 'java.lang.Object java.lang.invoke.Invokers$Holder.linkToTargetMethod(java.lang.Object, java.lang.Object, int, int, int, int, int, java.lang.Object)'> (0x0000000717a2fe90) 
thrown [t:\workspace\open\src\hotspot\share\interpreter\linkResolver.cpp, line 766]

VM Operations (20 events):
Event: 11.188 Executing VM operation: HandshakeAllThreads done
Event: 11.188 Executing VM operation: HandshakeAllThreads
Event: 11.188 Executing VM operation: HandshakeAllThreads done
Event: 11.271 Executing VM operation: HandshakeAllThreads
Event: 11.271 Executing VM operation: HandshakeAllThreads done
Event: 11.429 Executing VM operation: HandshakeAllThreads
Event: 11.429 Executing VM operation: HandshakeAllThreads done
Event: 11.542 Executing VM operation: ICBufferFull
Event: 11.543 Executing VM operation: ICBufferFull done
Event: 13.543 Executing VM operation: Cleanup
Event: 13.543 Executing VM operation: Cleanup done
Event: 14.543 Executing VM operation: Cleanup
Event: 14.543 Executing VM operation: Cleanup done
Event: 16.544 Executing VM operation: Cleanup
Event: 16.544 Executing VM operation: Cleanup done
Event: 17.544 Executing VM operation: Cleanup
Event: 17.544 Executing VM operation: Cleanup done
Event: 19.545 Executing VM operation: Cleanup
Event: 19.545 Executing VM operation: Cleanup done
Event: 213.762 Executing VM operation: Exit

Events (20 events):
Event: 14.822 loading class sun/text/resources/BreakIteratorInfo done
Event: 14.822 loading class sun/text/resources/BreakIteratorResources
Event: 14.822 loading class sun/util/resources/BreakIteratorResourceBundle
Event: 14.822 loading class sun/util/resources/BreakIteratorResourceBundle done
Event: 14.822 loading class sun/text/resources/BreakIteratorResources done
Event: 14.822 loading class sun/text/RuleBasedBreakIterator
Event: 14.822 loading class sun/text/RuleBasedBreakIterator done
Event: 14.823 loading class sun/text/CompactByteArray
Event: 14.823 loading class sun/text/CompactByteArray done
Event: 14.823 loading class sun/text/SupplementaryCharacterData
Event: 14.823 loading class sun/text/SupplementaryCharacterData done
Event: 14.823 loading class java/text/BreakIterator$BreakIteratorCache
Event: 14.823 loading class java/text/BreakIterator$BreakIteratorCache done
Event: 213.759 loading class jdk/internal/misc/Signal$1
Event: 213.760 loading class jdk/internal/misc/Signal$1 done
Event: 213.760 Thread 0x0000023226991080 Thread added: 0x0000023226991080
Event: 213.760 Thread 0x000002322698d6c0 Thread added: 0x000002322698d6c0
Event: 213.760 Thread 0x0000023226990210 Thread added: 0x0000023226990210
Event: 213.761 Thread 0x000002322698d6c0 Thread exited: 0x000002322698d6c0
Event: 213.761 Thread 0x0000023226990210 Thread exited: 0x0000023226990210


Dynamic libraries:
0x00007ff753600000 - 0x00007ff75360e000 	C:\Users\Карина\.jdks\openjdk-17\bin\java.exe
0x00007ffd26410000 - 0x00007ffd26608000 	C:\Windows\SYSTEM32\ntdll.dll
0x00007ffd25570000 - 0x00007ffd2562d000 	C:\Windows\System32\KERNEL32.DLL
0x00007ffd24000000 - 0x00007ffd242ce000 	C:\Windows\System32\KERNELBASE.dll
0x00007ffd23f00000 - 0x00007ffd24000000 	C:\Windows\System32\ucrtbase.dll
0x00007ffd139b0000 - 0x00007ffd139c8000 	C:\Users\Карина\.jdks\openjdk-17\bin\jli.dll
0x00007ffd1d890000 - 0x00007ffd1d8aa000 	C:\Users\Карина\.jdks\openjdk-17\bin\VCRUNTIME140.dll
0x00007ffd25890000 - 0x00007ffd25a30000 	C:\Windows\System32\USER32.dll
0x00007ffd0efe0000 - 0x00007ffd0f27a000 	C:\Windows\WinSxS\amd64_microsoft.windows.common-controls_6595b64144ccf1df_6.0.19041.1110_none_60b5254171f9507e\COMCTL32.dll
0x00007ffd242d0000 - 0x00007ffd242f2000 	C:\Windows\System32\win32u.dll
0x00007ffd25b40000 - 0x00007ffd25b6a000 	C:\Windows\System32\GDI32.dll
0x00007ffd25d40000 - 0x00007ffd25dde000 	C:\Windows\System32\msvcrt.dll
0x00007ffd23b30000 - 0x00007ffd23c3b000 	C:\Windows\System32\gdi32full.dll
0x00007ffd23c40000 - 0x00007ffd23cdd000 	C:\Windows\System32\msvcp_win.dll
0x00007ffd24470000 - 0x00007ffd244a0000 	C:\Windows\System32\IMM32.DLL
0x00007ffd1ef20000 - 0x00007ffd1ef2c000 	C:\Users\Карина\.jdks\openjdk-17\bin\vcruntime140_1.dll
0x00007ffcea410000 - 0x00007ffcea49d000 	C:\Users\Карина\.jdks\openjdk-17\bin\msvcp140.dll
0x00007ffc7add0000 - 0x00007ffc7b98e000 	C:\Users\Карина\.jdks\openjdk-17\bin\server\jvm.dll
0x00007ffd25390000 - 0x00007ffd2543e000 	C:\Windows\System32\ADVAPI32.dll
0x00007ffd25a30000 - 0x00007ffd25acc000 	C:\Windows\System32\sechost.dll
0x00007ffd25700000 - 0x00007ffd25825000 	C:\Windows\System32\RPCRT4.dll
0x00007ffd25210000 - 0x00007ffd25218000 	C:\Windows\System32\PSAPI.DLL
0x00007ffd19450000 - 0x00007ffd1945a000 	C:\Windows\SYSTEM32\VERSION.dll
0x00007ffcf38b0000 - 0x00007ffcf38b9000 	C:\Windows\SYSTEM32\WSOCK32.dll
0x00007ffd22310000 - 0x00007ffd22337000 	C:\Windows\SYSTEM32\WINMM.dll
0x00007ffd25310000 - 0x00007ffd2537b000 	C:\Windows\System32\WS2_32.dll
0x00007ffd223d0000 - 0x00007ffd223e2000 	C:\Windows\SYSTEM32\kernel.appcore.dll
0x00007ffd1edd0000 - 0x00007ffd1edda000 	C:\Users\Карина\.jdks\openjdk-17\bin\jimage.dll
0x00007ffd21700000 - 0x00007ffd218e4000 	C:\Windows\SYSTEM32\DBGHELP.DLL
0x00007ffd0fe20000 - 0x00007ffd0fe4c000 	C:\Windows\SYSTEM32\dbgcore.DLL
0x00007ffd243e0000 - 0x00007ffd24462000 	C:\Windows\System32\bcryptPrimitives.dll
0x00007ffd1d990000 - 0x00007ffd1d99e000 	C:\Users\Карина\.jdks\openjdk-17\bin\instrument.dll
0x00007ffd137e0000 - 0x00007ffd13805000 	C:\Users\Карина\.jdks\openjdk-17\bin\java.dll
0x00007ffce8b80000 - 0x00007ffce8c56000 	C:\Users\Карина\.jdks\openjdk-17\bin\svml.dll
0x00007ffd244a0000 - 0x00007ffd24be4000 	C:\Windows\System32\SHELL32.dll
0x00007ffd218f0000 - 0x00007ffd22084000 	C:\Windows\SYSTEM32\windows.storage.dll
0x00007ffd26070000 - 0x00007ffd263c4000 	C:\Windows\System32\combase.dll
0x00007ffd23520000 - 0x00007ffd23550000 	C:\Windows\SYSTEM32\Wldp.dll
0x00007ffd25630000 - 0x00007ffd256dd000 	C:\Windows\System32\SHCORE.dll
0x00007ffd251b0000 - 0x00007ffd25205000 	C:\Windows\System32\shlwapi.dll
0x00007ffd23a70000 - 0x00007ffd23a8f000 	C:\Windows\SYSTEM32\profapi.dll
0x00007ffd137c0000 - 0x00007ffd137d9000 	C:\Users\Карина\.jdks\openjdk-17\bin\net.dll
0x00007ffd19c50000 - 0x00007ffd19d5a000 	C:\Windows\SYSTEM32\WINHTTP.dll
0x00007ffd23220000 - 0x00007ffd2328a000 	C:\Windows\system32\mswsock.dll
0x00007ffcf91c0000 - 0x00007ffcf91d5000 	C:\Users\Карина\.jdks\openjdk-17\bin\nio.dll
0x00007ffced4a0000 - 0x00007ffced4b8000 	C:\Users\Карина\.jdks\openjdk-17\bin\zip.dll
0x00007ffced480000 - 0x00007ffced49a000 	D:\JetBrains\IntelliJ IDEA Community Edition 2021.2.2\bin\breakgen64.dll
0x0000023224730000 - 0x0000023224733000 	C:\Users\Карина\.openjfx\cache\17-ea\api-ms-win-core-console-l1-1-0.dll
0x0000023224740000 - 0x0000023224743000 	C:\Users\Карина\.openjfx\cache\17-ea\api-ms-win-core-console-l1-2-0.dll
0x0000023224750000 - 0x0000023224753000 	C:\Users\Карина\.openjfx\cache\17-ea\api-ms-win-core-datetime-l1-1-0.dll
0x0000023224760000 - 0x0000023224763000 	C:\Users\Карина\.openjfx\cache\17-ea\api-ms-win-core-debug-l1-1-0.dll
0x0000023224770000 - 0x0000023224773000 	C:\Users\Карина\.openjfx\cache\17-ea\api-ms-win-core-errorhandling-l1-1-0.dll
0x0000023224780000 - 0x0000023224784000 	C:\Users\Карина\.openjfx\cache\17-ea\api-ms-win-core-file-l1-1-0.dll
0x0000023224790000 - 0x0000023224793000 	C:\Users\Карина\.openjfx\cache\17-ea\api-ms-win-core-file-l1-2-0.dll
0x00000232247a0000 - 0x00000232247a3000 	C:\Users\Карина\.openjfx\cache\17-ea\api-ms-win-core-file-l2-1-0.dll
0x00000232247b0000 - 0x00000232247b3000 	C:\Users\Карина\.openjfx\cache\17-ea\api-ms-win-core-handle-l1-1-0.dll
0x00000232247c0000 - 0x00000232247c3000 	C:\Users\Карина\.openjfx\cache\17-ea\api-ms-win-core-heap-l1-1-0.dll
0x00000232247d0000 - 0x00000232247d3000 	C:\Users\Карина\.openjfx\cache\17-ea\api-ms-win-core-interlocked-l1-1-0.dll
0x00000232247e0000 - 0x00000232247e3000 	C:\Users\Карина\.openjfx\cache\17-ea\api-ms-win-core-libraryloader-l1-1-0.dll
0x00000232247f0000 - 0x00000232247f3000 	C:\Users\Карина\.openjfx\cache\17-ea\api-ms-win-core-localization-l1-2-0.dll
0x0000023226bd0000 - 0x0000023226bd3000 	C:\Users\Карина\.openjfx\cache\17-ea\api-ms-win-core-memory-l1-1-0.dll
0x0000023226be0000 - 0x0000023226be3000 	C:\Users\Карина\.openjfx\cache\17-ea\api-ms-win-core-namedpipe-l1-1-0.dll
0x0000023226bf0000 - 0x0000023226bf3000 	C:\Users\Карина\.openjfx\cache\17-ea\api-ms-win-core-processenvironment-l1-1-0.dll
0x0000023226c00000 - 0x0000023226c03000 	C:\Users\Карина\.openjfx\cache\17-ea\api-ms-win-core-processthreads-l1-1-0.dll
0x0000023226c10000 - 0x0000023226c13000 	C:\Users\Карина\.openjfx\cache\17-ea\api-ms-win-core-processthreads-l1-1-1.dll
0x0000023226c20000 - 0x0000023226c23000 	C:\Users\Карина\.openjfx\cache\17-ea\api-ms-win-core-profile-l1-1-0.dll
0x0000023226c30000 - 0x0000023226c33000 	C:\Users\Карина\.openjfx\cache\17-ea\api-ms-win-core-rtlsupport-l1-1-0.dll
0x0000023226c40000 - 0x0000023226c43000 	C:\Users\Карина\.openjfx\cache\17-ea\api-ms-win-core-string-l1-1-0.dll
0x0000023226c50000 - 0x0000023226c53000 	C:\Users\Карина\.openjfx\cache\17-ea\api-ms-win-core-synch-l1-1-0.dll
0x0000023226c60000 - 0x0000023226c63000 	C:\Users\Карина\.openjfx\cache\17-ea\api-ms-win-core-synch-l1-2-0.dll
0x0000023226c70000 - 0x0000023226c73000 	C:\Users\Карина\.openjfx\cache\17-ea\api-ms-win-core-sysinfo-l1-1-0.dll
0x0000023226c80000 - 0x0000023226c83000 	C:\Users\Карина\.openjfx\cache\17-ea\api-ms-win-core-timezone-l1-1-0.dll
0x0000023226c90000 - 0x0000023226c93000 	C:\Users\Карина\.openjfx\cache\17-ea\api-ms-win-core-util-l1-1-0.dll
0x0000023226ca0000 - 0x0000023226ca3000 	C:\Users\Карина\.openjfx\cache\17-ea\api-ms-win-crt-conio-l1-1-0.dll
0x0000023226cb0000 - 0x0000023226cb4000 	C:\Users\Карина\.openjfx\cache\17-ea\api-ms-win-crt-convert-l1-1-0.dll
0x0000023226f20000 - 0x0000023226f23000 	C:\Users\Карина\.openjfx\cache\17-ea\api-ms-win-crt-environment-l1-1-0.dll
0x0000023226f30000 - 0x0000023226f33000 	C:\Users\Карина\.openjfx\cache\17-ea\api-ms-win-crt-filesystem-l1-1-0.dll
0x0000023226f40000 - 0x0000023226f43000 	C:\Users\Карина\.openjfx\cache\17-ea\api-ms-win-crt-heap-l1-1-0.dll
0x0000023226f50000 - 0x0000023226f53000 	C:\Users\Карина\.openjfx\cache\17-ea\api-ms-win-crt-locale-l1-1-0.dll
0x0000023226f60000 - 0x0000023226f65000 	C:\Users\Карина\.openjfx\cache\17-ea\api-ms-win-crt-math-l1-1-0.dll
0x0000023226f70000 - 0x0000023226f75000 	C:\Users\Карина\.openjfx\cache\17-ea\api-ms-win-crt-multibyte-l1-1-0.dll
0x0000023226f80000 - 0x0000023226f90000 	C:\Users\Карина\.openjfx\cache\17-ea\api-ms-win-crt-private-l1-1-0.dll
0x0000023226f90000 - 0x0000023226f93000 	C:\Users\Карина\.openjfx\cache\17-ea\api-ms-win-crt-process-l1-1-0.dll
0x0000023226df0000 - 0x0000023226df4000 	C:\Users\Карина\.openjfx\cache\17-ea\api-ms-win-crt-runtime-l1-1-0.dll
0x0000023226e00000 - 0x0000023226e04000 	C:\Users\Карина\.openjfx\cache\17-ea\api-ms-win-crt-stdio-l1-1-0.dll
0x0000023226e10000 - 0x0000023226e14000 	C:\Users\Карина\.openjfx\cache\17-ea\api-ms-win-crt-string-l1-1-0.dll
0x0000023226e20000 - 0x0000023226e23000 	C:\Users\Карина\.openjfx\cache\17-ea\api-ms-win-crt-time-l1-1-0.dll
0x0000023226e30000 - 0x0000023226e33000 	C:\Users\Карина\.openjfx\cache\17-ea\api-ms-win-crt-utility-l1-1-0.dll
0x00007ffcafd40000 - 0x00007ffcafe3c000 	C:\Users\Карина\.openjfx\cache\17-ea\ucrtbase.dll
0x00007ffceab50000 - 0x00007ffceab6a000 	C:\Users\Карина\.openjfx\cache\17-ea\vcruntime140.dll
0x00007ffd135b0000 - 0x00007ffd135bc000 	C:\Users\Карина\.openjfx\cache\17-ea\vcruntime140_1.dll
0x00007ffce88c0000 - 0x00007ffce894d000 	C:\Users\Карина\.openjfx\cache\17-ea\msvcp140.dll
0x00007ffce8b10000 - 0x00007ffce8b37000 	C:\Users\Карина\.openjfx\cache\17-ea\prism_d3d.dll
0x00007ffce6590000 - 0x00007ffce675f000 	C:\Windows\system32\d3d9.dll
0x00007ffd208e0000 - 0x00007ffd2090f000 	C:\Windows\SYSTEM32\dwmapi.dll
0x00007ffd206d0000 - 0x00007ffd2076e000 	C:\Windows\system32\uxtheme.dll
0x00007ffd17410000 - 0x00007ffd175eb000 	C:\Windows\System32\DriverStore\FileRepository\u0358839.inf_amd64_4febe8b5febaf786\B358480\aticfx64.dll
0x00007ffce79e0000 - 0x00007ffce7a13000 	C:\Windows\System32\DriverStore\FileRepository\u0358839.inf_amd64_4febe8b5febaf786\B358480\atiu9p64.dll
0x00007ffce2430000 - 0x00007ffce30c6000 	C:\Windows\System32\DriverStore\FileRepository\u0358839.inf_amd64_4febe8b5febaf786\B358480\atiumd64.dll
0x00007ffd25440000 - 0x00007ffd2556a000 	C:\Windows\System32\ole32.dll
0x00000000717d0000 - 0x000000007264d000 	C:\Windows\System32\DriverStore\FileRepository\u0358839.inf_amd64_4febe8b5febaf786\B358480\atiumd6a.dll
0x00007ffd238f0000 - 0x00007ffd2393b000 	C:\Windows\SYSTEM32\POWRPROF.dll
0x00007ffd238d0000 - 0x00007ffd238e2000 	C:\Windows\SYSTEM32\UMPDC.dll
0x00007ffd158b0000 - 0x00007ffd158df000 	C:\Windows\SYSTEM32\amdihk64.dll
0x00007ffce8810000 - 0x00007ffce8852000 	C:\Users\Карина\.openjfx\cache\17-ea\glass.dll
0x00007ffd25f90000 - 0x00007ffd2606a000 	C:\Windows\System32\COMDLG32.dll
0x00007ffd24bf0000 - 0x00007ffd24cbd000 	C:\Windows\System32\OLEAUT32.dll
0x00007ffcaa000000 - 0x00007ffcaa023000 	C:\Program Files (x86)\Yandex\Punto Switcher\PSHook64.dll
0x00007ffcdfdd0000 - 0x00007ffcdff08000 	C:\ProgramData\A-Volute\A-Volute.Nahimic\Modules\Scheduled\x64\AudioDevProps2.dll
0x00007ffd25c20000 - 0x00007ffd25d35000 	C:\Windows\System32\MSCTF.dll
0x00007ffd17600000 - 0x00007ffd1763b000 	C:\Windows\SYSTEM32\dxcore.dll
0x00007ffd23eb0000 - 0x00007ffd23efe000 	C:\Windows\System32\cfgmgr32.dll
0x00007ffceab30000 - 0x00007ffceab44000 	C:\Users\Карина\.openjfx\cache\17-ea\javafx_font.dll
0x00007ffd21370000 - 0x00007ffd215ef000 	C:\Windows\SYSTEM32\dwrite.dll
0x00007ffd25b70000 - 0x00007ffd25c19000 	C:\Windows\System32\clbcatq.dll
0x00007ffd19030000 - 0x00007ffd191e4000 	C:\Windows\SYSTEM32\WindowsCodecs.dll
0x00007ffd24300000 - 0x00007ffd24327000 	C:\Windows\System32\bcrypt.dll
0x00007ffcf9420000 - 0x00007ffcf945e000 	C:\Windows\system32\dataexchange.dll
0x00007ffd22090000 - 0x00007ffd222f3000 	C:\Windows\system32\d3d11.dll
0x00007ffd1b6d0000 - 0x00007ffd1b8b4000 	C:\Windows\system32\dcomp.dll
0x00007ffd223f0000 - 0x00007ffd224e3000 	C:\Windows\system32\dxgi.dll
0x00007ffd1c1e0000 - 0x00007ffd1c3e0000 	C:\Windows\system32\twinapi.appcore.dll
0x00007ffcaaa00000 - 0x00007ffcaaa34000 	C:\Program Files\Common Files\Microsoft Shared\Ink\rtscom.dll
0x00007ffd00600000 - 0x00007ffd006f9000 	C:\Windows\SYSTEM32\textinputframework.dll
0x00007ffd1df40000 - 0x00007ffd1e032000 	C:\Windows\System32\CoreMessaging.dll
0x00007ffd1b8c0000 - 0x00007ffd1bc1e000 	C:\Windows\System32\CoreUIComponents.dll
0x00007ffd22800000 - 0x00007ffd22833000 	C:\Windows\SYSTEM32\ntmarta.dll
0x00007ffd1f370000 - 0x00007ffd1f4c4000 	C:\Windows\SYSTEM32\wintypes.dll

dbghelp: loaded successfully - version: 4.0.5 - missing functions: none
symbol engine: initialized successfully - sym options: 0x614 - pdb path: .;C:\Users\Карина\.jdks\openjdk-17\bin;C:\Windows\SYSTEM32;C:\Windows\WinSxS\amd64_microsoft.windows.common-controls_6595b64144ccf1df_6.0.19041.1110_none_60b5254171f9507e;C:\Users\Карина\.jdks\openjdk-17\bin\server;D:\JetBrains\IntelliJ IDEA Community Edition 2021.2.2\bin;C:\Users\Карина\.openjfx\cache\17-ea;C:\Windows\System32\DriverStore\FileRepository\u0358839.inf_amd64_4febe8b5febaf786\B358480;C:\Program Files (x86)\Yandex\Punto Switcher;C:\ProgramData\A-Volute\A-Volute.Nahimic\Modules\Scheduled\x64;C:\Program Files\Common Files\Microsoft Shared\Ink

VM Arguments:
jvm_args: -javaagent:D:\JetBrains\IntelliJ IDEA Community Edition 2021.2.2\lib\idea_rt.jar=4089:D:\JetBrains\IntelliJ IDEA Community Edition 2021.2.2\bin -Dfile.encoding=UTF-8 --module-path=C:\Users\Карина\.m2\repository\org\openjfx\javafx-controls\17-ea+11\javafx-controls-17-ea+11-win.jar;C:\Users\Карина\.m2\repository\org\openjfx\javafx-fxml\17-ea+11\javafx-fxml-17-ea+11-win.jar;C:\Users\Карина\.m2\repository\org\openjfx\javafx-base\17-ea+11\javafx-base-17-ea+11-win.jar;C:\Users\Карина\.m2\repository\org\openjfx\javafx-graphics\17-ea+11\javafx-graphics-17-ea+11-win.jar;C:\Users\Карина\.m2\repository\mysql\mysql-connector-java\8.0.25\mysql-connector-java-8.0.25.jar;D:\IdeaProjects\CourseProject\target\classes -Djdk.module.main=com.example.courseproject 
java_command: com.example.courseproject/com.example.courseproject.MyApplication
java_class_path (initial): C:\Users\Карина\.m2\repository\org\openjfx\javafx-controls\17-ea+11\javafx-controls-17-ea+11.jar;C:\Users\Карина\.m2\repository\org\openjfx\javafx-graphics\17-ea+11\javafx-graphics-17-ea+11.jar;C:\Users\Карина\.m2\repository\org\openjfx\javafx-base\17-ea+11\javafx-base-17-ea+11.jar;C:\Users\Карина\.m2\repository\org\openjfx\javafx-fxml\17-ea+11\javafx-fxml-17-ea+11.jar;C:\Users\Карина\.m2\repository\com\google\protobuf\protobuf-java\3.11.4\protobuf-java-3.11.4.jar
Launcher Type: SUN_STANDARD

[Global flags]
     intx CICompilerCount                          = 4                                         {product} {ergonomic}
     uint ConcGCThreads                            = 3                                         {product} {ergonomic}
     uint G1ConcRefinementThreads                  = 10                                        {product} {ergonomic}
   size_t G1HeapRegionSize                         = 2097152                                   {product} {ergonomic}
    uintx GCDrainStackTargetSize                   = 64                                        {product} {ergonomic}
   size_t InitialHeapSize                          = 257949696                                 {product} {ergonomic}
   size_t MarkStackSize                            = 4194304                                   {product} {ergonomic}
   size_t MaxHeapSize                              = 4127195136                                {product} {ergonomic}
   size_t MaxNewSize                               = 2474639360                                {product} {ergonomic}
   size_t MinHeapDeltaBytes                        = 2097152                                   {product} {ergonomic}
   size_t MinHeapSize                              = 8388608                                   {product} {ergonomic}
    uintx NonNMethodCodeHeapSize                   = 5839372                                {pd product} {ergonomic}
    uintx NonProfiledCodeHeapSize                  = 122909434                              {pd product} {ergonomic}
    uintx ProfiledCodeHeapSize                     = 122909434                              {pd product} {ergonomic}
    uintx ReservedCodeCacheSize                    = 251658240                              {pd product} {ergonomic}
     bool SegmentedCodeCache                       = true                                      {product} {ergonomic}
   size_t SoftMaxHeapSize                          = 4127195136                             {manageable} {ergonomic}
     bool UseCompressedClassPointers               = true                           {product lp64_product} {ergonomic}
     bool UseCompressedOops                        = true                           {product lp64_product} {ergonomic}
     bool UseG1GC                                  = true                                      {product} {ergonomic}
     bool UseLargePagesIndividualAllocation        = false                                  {pd product} {ergonomic}

Logging:
Log output configuration:
 #0: stdout all=off uptime,level,tags
 #1: stderr all=off uptime,level,tags

Environment Variables:
PATH=C:\Python310\Scripts\;C:\Python310\;C:\Program Files\Java\jdk-17.0.2;C:\Program Files (x86)\Common Files\Oracle\Java\javapath;C:\Program Files\Java\jdk-17.0.2\lib;C:\ProgramData\Oracle\Java\javapath;C:\Windows\system32;C:\Windows;C:\Windows\System32\Wbem;C:\Windows\System32\WindowsPowerShell\v1.0\;C:\Windows\System32\OpenSSH\;C:\Program Files\dotnet\;C:\Program Files (x86)\dotnet\;C:\ProgramData\chocolatey\bin;D:\Programs\nodejs\;D:\OpenServer\modules\php\PHP_8.1;C:\Program Files\PuTTY\;C:\Program Files\Git\cmd;C:\Program Files\Docker\Docker\resources\bin;C:\ProgramData\DockerDesktop\version-bin;C:\python39\Scripts\;C:\python39\;C:\Users\Карина\AppData\Local\Microsoft\WindowsApps;C:\Users\Карина\AppData\Local\Programs\Microsoft VS Code\bin;C:\Users\Карина\.dotnet\tools;C:\Users\Карина\AppData\Roaming\npm
USERNAME=Карина
OS=Windows_NT
PROCESSOR_IDENTIFIER=AMD64 Family 23 Model 96 Stepping 1, AuthenticAMD



---------------  S Y S T E M  ---------------

OS:
 Windows 10 , 64 bit Build 19041 (10.0.19041.1889)
OS uptime: 0 days 4:54 hours
Hyper-V role detected

CPU: total 12 (initial active 12) (12 cores per cpu, 2 threads per core) family 23 model 96 stepping 1 microcode 0x0, cx8, cmov, fxsr, ht, mmx, 3dnowpref, sse, sse2, sse3, ssse3, sse4a, sse4.1, sse4.2, popcnt, lzcnt, tsc, tscinvbit, avx, avx2, aes, clmul, bmi1, bmi2, adx, sha, fma, vzeroupper, clflush, clflushopt, hv

Memory: 4k page, system-wide physical 15741M (4594M free)
TotalPageFile size 19209M (AvailPageFile size 3115M)
current process WorkingSet (physical memory assigned to process): 155M, peak: 180M
current process commit charge ("private bytes"): 428M, peak: 458M

vm_info: OpenJDK 64-Bit Server VM (17+35-2724) for windows-amd64 JRE (17+35-2724), built on Aug  5 2021 23:26:02 by "mach5one" with MS VC++ 16.8 (VS2019)

END.
