#
# A fatal error has been detected by the Java Runtime Environment:
#
#  EXCEPTION_ACCESS_VIOLATION (0xc0000005) at pc=0x00007ffce8b26a87, pid=7684, tid=21320
#
# JRE version: OpenJDK Runtime Environment (17.0+35) (build 17+35-2724)
# Java VM: OpenJDK 64-Bit Server VM (17+35-2724, mixed mode, sharing, tiered, compressed oops, compressed class ptrs, g1 gc, windows-amd64)
# Problematic frame:
# C  [glass.dll+0x26a87]
#
# No core dump will be written. Minidumps are not enabled by default on client versions of Windows
#
# If you would like to submit a bug report, please visit:
#   https://bugreport.java.com/bugreport/crash.jsp
#

---------------  S U M M A R Y ------------

Command Line: -javaagent:D:\JetBrains\IntelliJ IDEA Community Edition 2021.2.2\lib\idea_rt.jar=4583:D:\JetBrains\IntelliJ IDEA Community Edition 2021.2.2\bin -Dfile.encoding=UTF-8 --module-path=C:\Users\Карина\.m2\repository\org\openjfx\javafx-controls\17-ea+11\javafx-controls-17-ea+11-win.jar;C:\Users\Карина\.m2\repository\org\openjfx\javafx-fxml\17-ea+11\javafx-fxml-17-ea+11-win.jar;C:\Users\Карина\.m2\repository\org\openjfx\javafx-base\17-ea+11\javafx-base-17-ea+11-win.jar;C:\Users\Карина\.m2\repository\org\openjfx\javafx-graphics\17-ea+11\javafx-graphics-17-ea+11-win.jar;C:\Users\Карина\.m2\repository\mysql\mysql-connector-java\8.0.25\mysql-connector-java-8.0.25.jar;D:\IdeaProjects\CourseProject\target\classes -Djdk.module.main=com.example.courseproject com.example.courseproject/com.example.courseproject.MyApplication

Host: AMD Ryzen 5 4600H with Radeon Graphics         , 12 cores, 15G,  Windows 10 , 64 bit Build 19041 (10.0.19041.1889)
Time: Sat Sep 17 16:09:55 2022 RTZ 2 (s 10 , 64 bit Build 19041 (10.0.19041.1889) elapsed time: 24.297329 seconds (0d 0h 0m 24s)

---------------  T H R E A D  ---------------

Current thread (0x00000264ba9f76b0):  VMThread "VM Thread" [stack: 0x000000f713b00000,0x000000f713c00000] [id=21320]

Stack: [0x000000f713b00000,0x000000f713c00000],  sp=0x000000f713bff420,  free space=1021k
Native frames: (J=compiled Java code, j=interpreted, Vv=VM code, C=native code)
C  [glass.dll+0x26a87]


siginfo: EXCEPTION_ACCESS_VIOLATION (0xc0000005), reading address 0x0000000000000000


Register to memory mapping:

RIP=0x00007ffce8b26a87 glass.dll
RAX=0x0 is NULL
RBX=0x00000264baa0eee8 is a global jni handle
RCX=0x00000264ba9f76b0 points into unknown readable memory: 0x00007ffc7b74c540 | 40 c5 74 7b fc 7f 00 00
RDX=0x000000f713bff420 points into unknown readable memory: 0x0000000000000000 | 00 00 00 00 00 00 00 00
RSP=0x000000f713bff420 points into unknown readable memory: 0x0000000000000000 | 00 00 00 00 00 00 00 00
RBP=0x00000264bc8ac6b8 points into unknown readable memory: 0x00001a44e8c37b87 | 87 7b c3 e8 44 1a 00 00
RSI=0x00000264bc8ac690 points into unknown readable memory: 0x003fe430b1dc4d87 | 87 4d dc b1 30 e4 3f 00
RDI=0x00001a44e8c37b87 is an unknown value
R8 =0x0000000000010002 is an unknown value
R9 =0x00001a44e8c37b87 is an unknown value
R10=0x0000000000008000 is an unknown value
R11=0x000000f713bff3b0 points into unknown readable memory: 0x00000264bc8ac690 | 90 c6 8a bc 64 02 00 00
R12=0x00007ffce8b24354 glass.dll
R13=0x00007ffc7b8f2940 jvm.dll
R14=0x000000f713bff518 points into unknown readable memory: 0x000000f713bff500 | 00 f5 bf 13 f7 00 00 00
R15=0x00000264bc8ac690 points into unknown readable memory: 0x003fe430b1dc4d87 | 87 4d dc b1 30 e4 3f 00


Registers:
RAX=0x0000000000000000, RBX=0x00000264baa0eee8, RCX=0x00000264ba9f76b0, RDX=0x000000f713bff420
RSP=0x000000f713bff420, RBP=0x00000264bc8ac6b8, RSI=0x00000264bc8ac690, RDI=0x00001a44e8c37b87
R8 =0x0000000000010002, R9 =0x00001a44e8c37b87, R10=0x0000000000008000, R11=0x000000f713bff3b0
R12=0x00007ffce8b24354, R13=0x00007ffc7b8f2940, R14=0x000000f713bff518, R15=0x00000264bc8ac690
RIP=0x00007ffce8b26a87, EFLAGS=0x0000000000010206

Top of Stack: (sp=0x000000f713bff420)
0x000000f713bff420:   0000000000000000 00000264bc8ac690
0x000000f713bff430:   00007ffc7b8f2940 00007ffce8b24354
0x000000f713bff440:   00000264bc8ac698 00007ffd23f142d6
0x000000f713bff450:   00001a44e8c37b87 0000026400000000
0x000000f713bff460:   00000264bc8ac6b8 00000264bc8ac690
0x000000f713bff470:   fffffffffffffffe 0000000000000000
0x000000f713bff480:   0000000000000001 00007ffce8b00000
0x000000f713bff490:   000000f713bff508 00007ffd23f141fb
0x000000f713bff4a0:   0000000000000000 000000f713bff518
0x000000f713bff4b0:   000000f713bff7e0 00007ffd23ff0e40
0x000000f713bff4c0:   0000000000000001 00007ffd23f141b4
0x000000f713bff4d0:   0000000000000000 0000000000000001
0x000000f713bff4e0:   0000000000000001 000000f713bff508
0x000000f713bff4f0:   0000000000000000 00007ffce8b241e1
0x000000f713bff500:   00007ffce8b3a138 00007ffc00000002
0x000000f713bff510:   0000000000000002 000000f713bff500 

Instructions: (pc=0x00007ffce8b26a87)
0x00007ffce8b26987:   8b 4d 58 e8 01 cf ff ff 48 8b 4d 60 e8 f8 ce ff
0x00007ffce8b26997:   ff 48 8b 95 80 00 00 00 48 8b 8d 18 01 00 00 e8
0x00007ffce8b269a7:   c6 c3 ff ff 33 d2 33 c9 e8 3c e1 ff ff 90 48 89
0x00007ffce8b269b7:   54 24 10 55 48 83 ec 20 48 8b ea 48 b8 00 00 00
0x00007ffce8b269c7:   00 00 00 00 00 48 83 c4 20 5d c3 cc 40 55 48 8b
0x00007ffce8b269d7:   ea 48 8b 01 33 c9 81 38 05 00 00 c0 0f 94 c1 8b
0x00007ffce8b269e7:   c1 5d c3 cc 40 55 48 83 ec 20 48 8b ea 8a 4d 40
0x00007ffce8b269f7:   48 83 c4 20 5d e9 f7 d2 ff ff cc 40 55 48 83 ec
0x00007ffce8b26a07:   20 48 8b ea 8a 4d 20 e8 e5 d2 ff ff 90 48 83 c4
0x00007ffce8b26a17:   20 5d c3 cc 40 55 48 83 ec 20 48 8b ea 48 83 c4
0x00007ffce8b26a27:   20 5d e9 46 d1 ff ff cc 40 55 48 83 ec 30 48 8b
0x00007ffce8b26a37:   ea 48 8b 01 8b 10 48 89 4c 24 28 89 54 24 20 4c
0x00007ffce8b26a47:   8d 0d e7 d5 ff ff 4c 8b 45 70 8b 55 68 48 8b 4d
0x00007ffce8b26a57:   60 e8 87 d0 ff ff 90 48 83 c4 30 5d c3 cc cc cc
0x00007ffce8b26a67:   cc cc cc cc cc cc cc cc cc 40 53 48 83 ec 20 48
0x00007ffce8b26a77:   8b 1d b3 30 01 00 48 85 db 74 16 e8 09 8b ff ff
0x00007ffce8b26a87:   4c 8b 00 48 8b d3 48 8b c8 41 ff 90 b0 00 00 00
0x00007ffce8b26a97:   90 48 83 c4 20 5b c3 cc cc 40 53 48 83 ec 20 48
0x00007ffce8b26aa7:   8b 1d 2b 32 01 00 48 85 db 74 57 b8 ff ff ff ff
0x00007ffce8b26ab7:   f0 0f c1 43 10 83 f8 01 75 3d 48 85 db 74 38 48
0x00007ffce8b26ac7:   8b 0b 48 85 c9 74 0d ff 15 d4 07 00 00 48 c7 03
0x00007ffce8b26ad7:   00 00 00 00 48 8b 4b 08 48 85 c9 74 0d e8 a7 cd
0x00007ffce8b26ae7:   ff ff 48 c7 43 08 00 00 00 00 ba 18 00 00 00 48
0x00007ffce8b26af7:   8b cb e8 92 cd ff ff 48 c7 05 cf 31 01 00 00 00
0x00007ffce8b26b07:   00 00 48 83 c4 20 5b c3 cc 40 53 48 83 ec 20 48
0x00007ffce8b26b17:   8b 1d 9b 31 01 00 48 85 db 74 57 b8 ff ff ff ff
0x00007ffce8b26b27:   f0 0f c1 43 10 83 f8 01 75 3d 48 85 db 74 38 48
0x00007ffce8b26b37:   8b 0b 48 85 c9 74 0d ff 15 64 07 00 00 48 c7 03
0x00007ffce8b26b47:   00 00 00 00 48 8b 4b 08 48 85 c9 74 0d e8 37 cd
0x00007ffce8b26b57:   ff ff 48 c7 43 08 00 00 00 00 ba 18 00 00 00 48
0x00007ffce8b26b67:   8b cb e8 22 cd ff ff 48 c7 05 3f 31 01 00 00 00
0x00007ffce8b26b77:   00 00 48 83 c4 20 5b c3 cc 40 53 48 83 ec 20 48 


Stack slot to memory mapping:
stack at sp + 0 slots: 0x0 is NULL
stack at sp + 1 slots: 0x00000264bc8ac690 points into unknown readable memory: 0x003fe430b1dc4d87 | 87 4d dc b1 30 e4 3f 00
stack at sp + 2 slots: 0x00007ffc7b8f2940 jvm.dll
stack at sp + 3 slots: 0x00007ffce8b24354 glass.dll
stack at sp + 4 slots: 0x00000264bc8ac698 points into unknown readable memory: 0x00001a44e8c37b87 | 87 7b c3 e8 44 1a 00 00
stack at sp + 5 slots: 0x00007ffd23f142d6 ucrtbase.dll
stack at sp + 6 slots: 0x00001a44e8c37b87 is an unknown value
stack at sp + 7 slots: 0x0000026400000000 is an unknown value

VM_Operation (0x000000f7167ff3b0): Exit, mode: safepoint, requested by thread 0x00000264bc854800


---------------  P R O C E S S  ---------------

Threads class SMR info:
_java_thread_list=0x00000264cc75e130, length=21, elements={
0x0000026497e3ce30, 0x00000264ba9fe960, 0x00000264ba9ffd70, 0x00000264baa184b0,
0x00000264baa19600, 0x00000264baa1a750, 0x00000264baa22d50, 0x00000264baa237f0,
0x00000264baa261f0, 0x00000264bb4aba00, 0x00000264bc0df530, 0x00000264bc0dfa00,
0x00000264bc9394e0, 0x00000264bc90ab50, 0x00000264bc90b3f0, 0x00000264bbcc84d0,
0x00000264bc865500, 0x00000264bc6d9c40, 0x00000264bc853e60, 0x00000264bc852ff0,
0x00000264bc854800
}

Java Threads: ( => current thread )
  0x0000026497e3ce30 JavaThread "main" [_thread_blocked, id=21708, stack(0x000000f713500000,0x000000f713600000)]
  0x00000264ba9fe960 JavaThread "Reference Handler" daemon [_thread_blocked, id=3560, stack(0x000000f713c00000,0x000000f713d00000)]
  0x00000264ba9ffd70 JavaThread "Finalizer" daemon [_thread_blocked, id=14724, stack(0x000000f713d00000,0x000000f713e00000)]
  0x00000264baa184b0 JavaThread "Attach Listener" daemon [_thread_blocked, id=15968, stack(0x000000f713f00000,0x000000f714000000)]
  0x00000264baa19600 JavaThread "Service Thread" daemon [_thread_blocked, id=11376, stack(0x000000f714000000,0x000000f714100000)]
  0x00000264baa1a750 JavaThread "Monitor Deflation Thread" daemon [_thread_blocked, id=12384, stack(0x000000f714100000,0x000000f714200000)]
  0x00000264baa22d50 JavaThread "C2 CompilerThread0" daemon [_thread_blocked, id=17104, stack(0x000000f714200000,0x000000f714300000)]
  0x00000264baa237f0 JavaThread "C1 CompilerThread0" daemon [_thread_blocked, id=21124, stack(0x000000f714300000,0x000000f714400000)]
  0x00000264baa261f0 JavaThread "Sweeper thread" daemon [_thread_blocked, id=21768, stack(0x000000f714400000,0x000000f714500000)]
  0x00000264bb4aba00 JavaThread "Common-Cleaner" daemon [_thread_blocked, id=12448, stack(0x000000f714500000,0x000000f714600000)]
  0x00000264bc0df530 JavaThread "Monitor Ctrl-Break" daemon [_thread_in_native, id=5308, stack(0x000000f714800000,0x000000f714900000)]
  0x00000264bc0dfa00 JavaThread "Notification Thread" daemon [_thread_blocked, id=21996, stack(0x000000f714900000,0x000000f714a00000)]
  0x00000264bc9394e0 JavaThread "QuantumRenderer-0" daemon [_thread_blocked, id=7636, stack(0x000000f714b00000,0x000000f714c00000)]
  0x00000264bc90ab50 JavaThread "InvokeLaterDispatcher" daemon [_thread_blocked, id=8452, stack(0x000000f714e00000,0x000000f714f00000)]
  0x00000264bc90b3f0 JavaThread "JavaFX Application Thread" [_thread_in_native, id=19468, stack(0x000000f714f00000,0x000000f715000000)]
  0x00000264bbcc84d0 JavaThread "Thread-1" daemon [_thread_in_native, id=21200, stack(0x000000f714700000,0x000000f714800000)]
  0x00000264bc865500 JavaThread "JavaFX-Launcher" [_thread_blocked, id=19508, stack(0x000000f715800000,0x000000f715900000)]
  0x00000264bc6d9c40 JavaThread "mysql-cj-abandoned-connection-cleanup" daemon [_thread_blocked, id=21764, stack(0x000000f715e00000,0x000000f715f00000)]
  0x00000264bc853e60 JavaThread "Prism Font Disposer" daemon [_thread_blocked, id=3300, stack(0x000000f716400000,0x000000f716500000)]
  0x00000264bc852ff0 JavaThread "Cleaner-0" daemon [_thread_blocked, id=20700, stack(0x000000f716600000,0x000000f716700000)]
  0x00000264bc854800 JavaThread "SIGINT handler" daemon [_thread_blocked, id=3672, stack(0x000000f716700000,0x000000f716800000)]

Other Threads:
=>0x00000264ba9f76b0 VMThread "VM Thread" [stack: 0x000000f713b00000,0x000000f713c00000] [id=21320]
  0x0000026497e8a410 GCTaskThread "GC Thread#0" [stack: 0x000000f713600000,0x000000f713700000] [id=20208]
  0x00000264bbdebae0 GCTaskThread "GC Thread#1" [stack: 0x000000f715900000,0x000000f715a00000] [id=20188]
  0x00000264bbdea560 GCTaskThread "GC Thread#2" [stack: 0x000000f715a00000,0x000000f715b00000] [id=8264]
  0x00000264bbdeb2d0 GCTaskThread "GC Thread#3" [stack: 0x000000f715b00000,0x000000f715c00000] [id=13900]
  0x00000264bbdebd90 GCTaskThread "GC Thread#4" [stack: 0x000000f715c00000,0x000000f715d00000] [id=13956]
  0x00000264bbdea810 GCTaskThread "GC Thread#5" [stack: 0x000000f715d00000,0x000000f715e00000] [id=22144]
  0x00000264bbdeaac0 GCTaskThread "GC Thread#6" [stack: 0x000000f716000000,0x000000f716100000] [id=13780]
  0x00000264bcd0a170 GCTaskThread "GC Thread#7" [stack: 0x000000f716100000,0x000000f716200000] [id=17932]
  0x00000264bcd0a6d0 GCTaskThread "GC Thread#8" [stack: 0x000000f716200000,0x000000f716300000] [id=5424]
  0x00000264bcd0cc70 GCTaskThread "GC Thread#9" [stack: 0x000000f716300000,0x000000f716400000] [id=17508]
  0x0000026497e9a950 ConcurrentGCThread "G1 Main Marker" terminated
  0x0000026497e9cb10 ConcurrentGCThread "G1 Conc#0" [stack: 0x000000f713800000,0x000000f713900000] [id=2856]
  0x0000026497f1d0b0 ConcurrentGCThread "G1 Refine#0" terminated
  0x00000264ba8b3230 ConcurrentGCThread "G1 Service" terminated

Threads with active compile tasks:

VM state: at safepoint (shutting down)

VM Mutex/Monitor currently owned by a thread:  ([mutex/lock_event])
[0x0000026497e372c0] Threads_lock - owner thread: 0x00000264ba9f76b0
[0x0000026497e37350] Heap_lock - owner thread: 0x00000264bc854800

Heap address: 0x000000070a000000, size: 3936 MB, Compressed Oops mode: Zero based, Oop shift amount: 3

CDS archive(s) mapped at: [0x0000000800000000-0x0000000800bc0000-0x0000000800bc0000), size 12320768, SharedBaseAddress: 0x0000000800000000, ArchiveRelocationMode: 0.
Compressed class space mapped at: 0x0000000800c00000-0x0000000840c00000, reserved size: 1073741824
Narrow klass base: 0x0000000800000000, Narrow klass shift: 0, Narrow klass range: 0x100000000

GC Precious Log:
 CPUs: 12 total, 12 available
 Memory: 15741M
 Large Page Support: Disabled
 NUMA Support: Disabled
 Compressed Oops: Enabled (Zero based)
 Heap Region Size: 2M
 Heap Min Capacity: 8M
 Heap Initial Capacity: 246M
 Heap Max Capacity: 3936M
 Pre-touch: Disabled
 Parallel Workers: 10
 Concurrent Workers: 3
 Concurrent Refinement Workers: 10
 Periodic GC: Disabled

Heap:
 garbage-first heap   total 251904K, used 44825K [0x000000070a000000, 0x0000000800000000)
  region size 2048K, 20 young (40960K), 3 survivors (6144K)
 Metaspace       used 20681K, committed 20928K, reserved 1073152K
  class space    used 2849K, committed 2944K, reserved 1048576K

Heap Regions: E=young(eden), S=young(survivor), O=old, HS=humongous(starts), HC=humongous(continues), CS=collection set, F=free, OA=open archive, CA=closed archive, TAMS=top-at-mark-start (previous, next)
|   0|0x000000070a000000, 0x000000070a1c6400, 0x000000070a200000| 88%| O|  |TAMS 0x000000070a000000, 0x000000070a000000| Untracked 
|   1|0x000000070a200000, 0x000000070a400000, 0x000000070a400000|100%|HS|  |TAMS 0x000000070a200000, 0x000000070a200000| Complete 
|   2|0x000000070a400000, 0x000000070a600000, 0x000000070a600000|100%|HS|  |TAMS 0x000000070a400000, 0x000000070a400000| Complete 
|   3|0x000000070a600000, 0x000000070a600000, 0x000000070a800000|  0%| F|  |TAMS 0x000000070a600000, 0x000000070a600000| Untracked 
|   4|0x000000070a800000, 0x000000070a800000, 0x000000070aa00000|  0%| F|  |TAMS 0x000000070a800000, 0x000000070a800000| Untracked 
|   5|0x000000070aa00000, 0x000000070aa00000, 0x000000070ac00000|  0%| F|  |TAMS 0x000000070aa00000, 0x000000070aa00000| Untracked 
|   6|0x000000070ac00000, 0x000000070ac00000, 0x000000070ae00000|  0%| F|  |TAMS 0x000000070ac00000, 0x000000070ac00000| Untracked 
|   7|0x000000070ae00000, 0x000000070ae00000, 0x000000070b000000|  0%| F|  |TAMS 0x000000070ae00000, 0x000000070ae00000| Untracked 
|   8|0x000000070b000000, 0x000000070b000000, 0x000000070b200000|  0%| F|  |TAMS 0x000000070b000000, 0x000000070b000000| Untracked 
|   9|0x000000070b200000, 0x000000070b200000, 0x000000070b400000|  0%| F|  |TAMS 0x000000070b200000, 0x000000070b200000| Untracked 
|  10|0x000000070b400000, 0x000000070b400000, 0x000000070b600000|  0%| F|  |TAMS 0x000000070b400000, 0x000000070b400000| Untracked 
|  11|0x000000070b600000, 0x000000070b600000, 0x000000070b800000|  0%| F|  |TAMS 0x000000070b600000, 0x000000070b600000| Untracked 
|  12|0x000000070b800000, 0x000000070b800000, 0x000000070ba00000|  0%| F|  |TAMS 0x000000070b800000, 0x000000070b800000| Untracked 
|  13|0x000000070ba00000, 0x000000070ba00000, 0x000000070bc00000|  0%| F|  |TAMS 0x000000070ba00000, 0x000000070ba00000| Untracked 
|  14|0x000000070bc00000, 0x000000070bc00000, 0x000000070be00000|  0%| F|  |TAMS 0x000000070bc00000, 0x000000070bc00000| Untracked 
|  15|0x000000070be00000, 0x000000070be00000, 0x000000070c000000|  0%| F|  |TAMS 0x000000070be00000, 0x000000070be00000| Untracked 
|  16|0x000000070c000000, 0x000000070c000000, 0x000000070c200000|  0%| F|  |TAMS 0x000000070c000000, 0x000000070c000000| Untracked 
|  17|0x000000070c200000, 0x000000070c200000, 0x000000070c400000|  0%| F|  |TAMS 0x000000070c200000, 0x000000070c200000| Untracked 
|  18|0x000000070c400000, 0x000000070c400000, 0x000000070c600000|  0%| F|  |TAMS 0x000000070c400000, 0x000000070c400000| Untracked 
|  19|0x000000070c600000, 0x000000070c600000, 0x000000070c800000|  0%| F|  |TAMS 0x000000070c600000, 0x000000070c600000| Untracked 
|  20|0x000000070c800000, 0x000000070c800000, 0x000000070ca00000|  0%| F|  |TAMS 0x000000070c800000, 0x000000070c800000| Untracked 
|  21|0x000000070ca00000, 0x000000070ca00000, 0x000000070cc00000|  0%| F|  |TAMS 0x000000070ca00000, 0x000000070ca00000| Untracked 
|  22|0x000000070cc00000, 0x000000070cc00000, 0x000000070ce00000|  0%| F|  |TAMS 0x000000070cc00000, 0x000000070cc00000| Untracked 
|  23|0x000000070ce00000, 0x000000070ce00000, 0x000000070d000000|  0%| F|  |TAMS 0x000000070ce00000, 0x000000070ce00000| Untracked 
|  24|0x000000070d000000, 0x000000070d000000, 0x000000070d200000|  0%| F|  |TAMS 0x000000070d000000, 0x000000070d000000| Untracked 
|  25|0x000000070d200000, 0x000000070d200000, 0x000000070d400000|  0%| F|  |TAMS 0x000000070d200000, 0x000000070d200000| Untracked 
|  26|0x000000070d400000, 0x000000070d400000, 0x000000070d600000|  0%| F|  |TAMS 0x000000070d400000, 0x000000070d400000| Untracked 
|  27|0x000000070d600000, 0x000000070d600000, 0x000000070d800000|  0%| F|  |TAMS 0x000000070d600000, 0x000000070d600000| Untracked 
|  28|0x000000070d800000, 0x000000070d800000, 0x000000070da00000|  0%| F|  |TAMS 0x000000070d800000, 0x000000070d800000| Untracked 
|  29|0x000000070da00000, 0x000000070da00000, 0x000000070dc00000|  0%| F|  |TAMS 0x000000070da00000, 0x000000070da00000| Untracked 
|  30|0x000000070dc00000, 0x000000070dc00000, 0x000000070de00000|  0%| F|  |TAMS 0x000000070dc00000, 0x000000070dc00000| Untracked 
|  31|0x000000070de00000, 0x000000070de00000, 0x000000070e000000|  0%| F|  |TAMS 0x000000070de00000, 0x000000070de00000| Untracked 
|  32|0x000000070e000000, 0x000000070e000000, 0x000000070e200000|  0%| F|  |TAMS 0x000000070e000000, 0x000000070e000000| Untracked 
|  33|0x000000070e200000, 0x000000070e200000, 0x000000070e400000|  0%| F|  |TAMS 0x000000070e200000, 0x000000070e200000| Untracked 
|  34|0x000000070e400000, 0x000000070e400000, 0x000000070e600000|  0%| F|  |TAMS 0x000000070e400000, 0x000000070e400000| Untracked 
|  35|0x000000070e600000, 0x000000070e600000, 0x000000070e800000|  0%| F|  |TAMS 0x000000070e600000, 0x000000070e600000| Untracked 
|  36|0x000000070e800000, 0x000000070e800000, 0x000000070ea00000|  0%| F|  |TAMS 0x000000070e800000, 0x000000070e800000| Untracked 
|  37|0x000000070ea00000, 0x000000070ea00000, 0x000000070ec00000|  0%| F|  |TAMS 0x000000070ea00000, 0x000000070ea00000| Untracked 
|  38|0x000000070ec00000, 0x000000070ec00000, 0x000000070ee00000|  0%| F|  |TAMS 0x000000070ec00000, 0x000000070ec00000| Untracked 
|  39|0x000000070ee00000, 0x000000070ee00000, 0x000000070f000000|  0%| F|  |TAMS 0x000000070ee00000, 0x000000070ee00000| Untracked 
|  40|0x000000070f000000, 0x000000070f000000, 0x000000070f200000|  0%| F|  |TAMS 0x000000070f000000, 0x000000070f000000| Untracked 
|  41|0x000000070f200000, 0x000000070f200000, 0x000000070f400000|  0%| F|  |TAMS 0x000000070f200000, 0x000000070f200000| Untracked 
|  42|0x000000070f400000, 0x000000070f400000, 0x000000070f600000|  0%| F|  |TAMS 0x000000070f400000, 0x000000070f400000| Untracked 
|  43|0x000000070f600000, 0x000000070f600000, 0x000000070f800000|  0%| F|  |TAMS 0x000000070f600000, 0x000000070f600000| Untracked 
|  44|0x000000070f800000, 0x000000070f800000, 0x000000070fa00000|  0%| F|  |TAMS 0x000000070f800000, 0x000000070f800000| Untracked 
|  45|0x000000070fa00000, 0x000000070fa00000, 0x000000070fc00000|  0%| F|  |TAMS 0x000000070fa00000, 0x000000070fa00000| Untracked 
|  46|0x000000070fc00000, 0x000000070fc00000, 0x000000070fe00000|  0%| F|  |TAMS 0x000000070fc00000, 0x000000070fc00000| Untracked 
|  47|0x000000070fe00000, 0x000000070fe00000, 0x0000000710000000|  0%| F|  |TAMS 0x000000070fe00000, 0x000000070fe00000| Untracked 
|  48|0x0000000710000000, 0x0000000710000000, 0x0000000710200000|  0%| F|  |TAMS 0x0000000710000000, 0x0000000710000000| Untracked 
|  49|0x0000000710200000, 0x0000000710200000, 0x0000000710400000|  0%| F|  |TAMS 0x0000000710200000, 0x0000000710200000| Untracked 
|  50|0x0000000710400000, 0x0000000710400000, 0x0000000710600000|  0%| F|  |TAMS 0x0000000710400000, 0x0000000710400000| Untracked 
|  51|0x0000000710600000, 0x0000000710600000, 0x0000000710800000|  0%| F|  |TAMS 0x0000000710600000, 0x0000000710600000| Untracked 
|  52|0x0000000710800000, 0x0000000710800000, 0x0000000710a00000|  0%| F|  |TAMS 0x0000000710800000, 0x0000000710800000| Untracked 
|  53|0x0000000710a00000, 0x0000000710a00000, 0x0000000710c00000|  0%| F|  |TAMS 0x0000000710a00000, 0x0000000710a00000| Untracked 
|  54|0x0000000710c00000, 0x0000000710c00000, 0x0000000710e00000|  0%| F|  |TAMS 0x0000000710c00000, 0x0000000710c00000| Untracked 
|  55|0x0000000710e00000, 0x0000000710e00000, 0x0000000711000000|  0%| F|  |TAMS 0x0000000710e00000, 0x0000000710e00000| Untracked 
|  56|0x0000000711000000, 0x0000000711000000, 0x0000000711200000|  0%| F|  |TAMS 0x0000000711000000, 0x0000000711000000| Untracked 
|  57|0x0000000711200000, 0x0000000711200000, 0x0000000711400000|  0%| F|  |TAMS 0x0000000711200000, 0x0000000711200000| Untracked 
|  58|0x0000000711400000, 0x0000000711400000, 0x0000000711600000|  0%| F|  |TAMS 0x0000000711400000, 0x0000000711400000| Untracked 
|  59|0x0000000711600000, 0x0000000711600000, 0x0000000711800000|  0%| F|  |TAMS 0x0000000711600000, 0x0000000711600000| Untracked 
|  60|0x0000000711800000, 0x0000000711800000, 0x0000000711a00000|  0%| F|  |TAMS 0x0000000711800000, 0x0000000711800000| Untracked 
|  61|0x0000000711a00000, 0x0000000711a00000, 0x0000000711c00000|  0%| F|  |TAMS 0x0000000711a00000, 0x0000000711a00000| Untracked 
|  62|0x0000000711c00000, 0x0000000711c00000, 0x0000000711e00000|  0%| F|  |TAMS 0x0000000711c00000, 0x0000000711c00000| Untracked 
|  63|0x0000000711e00000, 0x0000000711e00000, 0x0000000712000000|  0%| F|  |TAMS 0x0000000711e00000, 0x0000000711e00000| Untracked 
|  64|0x0000000712000000, 0x0000000712000000, 0x0000000712200000|  0%| F|  |TAMS 0x0000000712000000, 0x0000000712000000| Untracked 
|  65|0x0000000712200000, 0x0000000712200000, 0x0000000712400000|  0%| F|  |TAMS 0x0000000712200000, 0x0000000712200000| Untracked 
|  66|0x0000000712400000, 0x0000000712400000, 0x0000000712600000|  0%| F|  |TAMS 0x0000000712400000, 0x0000000712400000| Untracked 
|  67|0x0000000712600000, 0x0000000712600000, 0x0000000712800000|  0%| F|  |TAMS 0x0000000712600000, 0x0000000712600000| Untracked 
|  68|0x0000000712800000, 0x0000000712800000, 0x0000000712a00000|  0%| F|  |TAMS 0x0000000712800000, 0x0000000712800000| Untracked 
|  69|0x0000000712a00000, 0x0000000712a00000, 0x0000000712c00000|  0%| F|  |TAMS 0x0000000712a00000, 0x0000000712a00000| Untracked 
|  70|0x0000000712c00000, 0x0000000712c00000, 0x0000000712e00000|  0%| F|  |TAMS 0x0000000712c00000, 0x0000000712c00000| Untracked 
|  71|0x0000000712e00000, 0x0000000712e00000, 0x0000000713000000|  0%| F|  |TAMS 0x0000000712e00000, 0x0000000712e00000| Untracked 
|  72|0x0000000713000000, 0x0000000713000000, 0x0000000713200000|  0%| F|  |TAMS 0x0000000713000000, 0x0000000713000000| Untracked 
|  73|0x0000000713200000, 0x0000000713200000, 0x0000000713400000|  0%| F|  |TAMS 0x0000000713200000, 0x0000000713200000| Untracked 
|  74|0x0000000713400000, 0x0000000713400000, 0x0000000713600000|  0%| F|  |TAMS 0x0000000713400000, 0x0000000713400000| Untracked 
|  75|0x0000000713600000, 0x0000000713600000, 0x0000000713800000|  0%| F|  |TAMS 0x0000000713600000, 0x0000000713600000| Untracked 
|  76|0x0000000713800000, 0x0000000713800000, 0x0000000713a00000|  0%| F|  |TAMS 0x0000000713800000, 0x0000000713800000| Untracked 
|  77|0x0000000713a00000, 0x0000000713a00000, 0x0000000713c00000|  0%| F|  |TAMS 0x0000000713a00000, 0x0000000713a00000| Untracked 
|  78|0x0000000713c00000, 0x0000000713c00000, 0x0000000713e00000|  0%| F|  |TAMS 0x0000000713c00000, 0x0000000713c00000| Untracked 
|  79|0x0000000713e00000, 0x0000000713e00000, 0x0000000714000000|  0%| F|  |TAMS 0x0000000713e00000, 0x0000000713e00000| Untracked 
|  80|0x0000000714000000, 0x0000000714000000, 0x0000000714200000|  0%| F|  |TAMS 0x0000000714000000, 0x0000000714000000| Untracked 
|  81|0x0000000714200000, 0x0000000714200000, 0x0000000714400000|  0%| F|  |TAMS 0x0000000714200000, 0x0000000714200000| Untracked 
|  82|0x0000000714400000, 0x0000000714400000, 0x0000000714600000|  0%| F|  |TAMS 0x0000000714400000, 0x0000000714400000| Untracked 
|  83|0x0000000714600000, 0x0000000714600000, 0x0000000714800000|  0%| F|  |TAMS 0x0000000714600000, 0x0000000714600000| Untracked 
|  84|0x0000000714800000, 0x0000000714800000, 0x0000000714a00000|  0%| F|  |TAMS 0x0000000714800000, 0x0000000714800000| Untracked 
|  85|0x0000000714a00000, 0x0000000714a00000, 0x0000000714c00000|  0%| F|  |TAMS 0x0000000714a00000, 0x0000000714a00000| Untracked 
|  86|0x0000000714c00000, 0x0000000714c00000, 0x0000000714e00000|  0%| F|  |TAMS 0x0000000714c00000, 0x0000000714c00000| Untracked 
|  87|0x0000000714e00000, 0x0000000714e00000, 0x0000000715000000|  0%| F|  |TAMS 0x0000000714e00000, 0x0000000714e00000| Untracked 
|  88|0x0000000715000000, 0x0000000715000000, 0x0000000715200000|  0%| F|  |TAMS 0x0000000715000000, 0x0000000715000000| Untracked 
|  89|0x0000000715200000, 0x0000000715200000, 0x0000000715400000|  0%| F|  |TAMS 0x0000000715200000, 0x0000000715200000| Untracked 
|  90|0x0000000715400000, 0x0000000715400000, 0x0000000715600000|  0%| F|  |TAMS 0x0000000715400000, 0x0000000715400000| Untracked 
|  91|0x0000000715600000, 0x0000000715600000, 0x0000000715800000|  0%| F|  |TAMS 0x0000000715600000, 0x0000000715600000| Untracked 
|  92|0x0000000715800000, 0x0000000715800000, 0x0000000715a00000|  0%| F|  |TAMS 0x0000000715800000, 0x0000000715800000| Untracked 
|  93|0x0000000715a00000, 0x0000000715a00000, 0x0000000715c00000|  0%| F|  |TAMS 0x0000000715a00000, 0x0000000715a00000| Untracked 
|  94|0x0000000715c00000, 0x0000000715c00000, 0x0000000715e00000|  0%| F|  |TAMS 0x0000000715c00000, 0x0000000715c00000| Untracked 
|  95|0x0000000715e00000, 0x0000000715e00000, 0x0000000716000000|  0%| F|  |TAMS 0x0000000715e00000, 0x0000000715e00000| Untracked 
|  96|0x0000000716000000, 0x0000000716000000, 0x0000000716200000|  0%| F|  |TAMS 0x0000000716000000, 0x0000000716000000| Untracked 
|  97|0x0000000716200000, 0x0000000716200000, 0x0000000716400000|  0%| F|  |TAMS 0x0000000716200000, 0x0000000716200000| Untracked 
|  98|0x0000000716400000, 0x0000000716400000, 0x0000000716600000|  0%| F|  |TAMS 0x0000000716400000, 0x0000000716400000| Untracked 
|  99|0x0000000716600000, 0x0000000716600000, 0x0000000716800000|  0%| F|  |TAMS 0x0000000716600000, 0x0000000716600000| Untracked 
| 100|0x0000000716800000, 0x0000000716800000, 0x0000000716a00000|  0%| F|  |TAMS 0x0000000716800000, 0x0000000716800000| Untracked 
| 101|0x0000000716a00000, 0x0000000716c00000, 0x0000000716c00000|100%| S|CS|TAMS 0x0000000716a00000, 0x0000000716a00000| Complete 
| 102|0x0000000716c00000, 0x0000000716e00000, 0x0000000716e00000|100%| S|CS|TAMS 0x0000000716c00000, 0x0000000716c00000| Complete 
| 103|0x0000000716e00000, 0x0000000717000000, 0x0000000717000000|100%| S|CS|TAMS 0x0000000716e00000, 0x0000000716e00000| Complete 
| 104|0x0000000717000000, 0x0000000717000000, 0x0000000717200000|  0%| F|  |TAMS 0x0000000717000000, 0x0000000717000000| Untracked 
| 105|0x0000000717200000, 0x0000000717200000, 0x0000000717400000|  0%| F|  |TAMS 0x0000000717200000, 0x0000000717200000| Untracked 
| 106|0x0000000717400000, 0x000000071751f3d0, 0x0000000717600000| 56%| E|  |TAMS 0x0000000717400000, 0x0000000717400000| Complete 
| 107|0x0000000717600000, 0x0000000717800000, 0x0000000717800000|100%| E|CS|TAMS 0x0000000717600000, 0x0000000717600000| Complete 
| 108|0x0000000717800000, 0x0000000717a00000, 0x0000000717a00000|100%| E|CS|TAMS 0x0000000717800000, 0x0000000717800000| Complete 
| 109|0x0000000717a00000, 0x0000000717c00000, 0x0000000717c00000|100%| E|CS|TAMS 0x0000000717a00000, 0x0000000717a00000| Complete 
| 110|0x0000000717c00000, 0x0000000717e00000, 0x0000000717e00000|100%| E|CS|TAMS 0x0000000717c00000, 0x0000000717c00000| Complete 
| 111|0x0000000717e00000, 0x0000000718000000, 0x0000000718000000|100%| E|CS|TAMS 0x0000000717e00000, 0x0000000717e00000| Complete 
| 112|0x0000000718000000, 0x0000000718200000, 0x0000000718200000|100%| E|CS|TAMS 0x0000000718000000, 0x0000000718000000| Complete 
| 113|0x0000000718200000, 0x0000000718400000, 0x0000000718400000|100%| E|CS|TAMS 0x0000000718200000, 0x0000000718200000| Complete 
| 114|0x0000000718400000, 0x0000000718600000, 0x0000000718600000|100%| E|CS|TAMS 0x0000000718400000, 0x0000000718400000| Complete 
| 115|0x0000000718600000, 0x0000000718800000, 0x0000000718800000|100%| E|CS|TAMS 0x0000000718600000, 0x0000000718600000| Complete 
| 116|0x0000000718800000, 0x0000000718a00000, 0x0000000718a00000|100%| E|CS|TAMS 0x0000000718800000, 0x0000000718800000| Complete 
| 117|0x0000000718a00000, 0x0000000718c00000, 0x0000000718c00000|100%| E|CS|TAMS 0x0000000718a00000, 0x0000000718a00000| Complete 
| 118|0x0000000718c00000, 0x0000000718e00000, 0x0000000718e00000|100%| E|CS|TAMS 0x0000000718c00000, 0x0000000718c00000| Complete 
| 119|0x0000000718e00000, 0x0000000719000000, 0x0000000719000000|100%| E|CS|TAMS 0x0000000718e00000, 0x0000000718e00000| Complete 
| 120|0x0000000719000000, 0x0000000719200000, 0x0000000719200000|100%| E|CS|TAMS 0x0000000719000000, 0x0000000719000000| Complete 
| 121|0x0000000719200000, 0x0000000719400000, 0x0000000719400000|100%| E|CS|TAMS 0x0000000719200000, 0x0000000719200000| Complete 
| 122|0x0000000719400000, 0x0000000719600000, 0x0000000719600000|100%| E|CS|TAMS 0x0000000719400000, 0x0000000719400000| Complete 

Card table byte_map: [0x00000264af350000,0x00000264afb00000] _byte_map_base: 0x00000264abb00000

Marking Bits (Prev, Next): (CMBitMap*) 0x0000026497e8aa20, (CMBitMap*) 0x0000026497e8aa60
 Prev Bits: [0x00000264b02b0000, 0x00000264b4030000)
 Next Bits: [0x00000264b4030000, 0x00000264b7db0000)

Polling page: 0x0000026497620000

Metaspace:

Usage:
  Non-class:     17.41 MB used.
      Class:      2.78 MB used.
       Both:     20.20 MB used.

Virtual space:
  Non-class space:       24.00 MB reserved,      17.56 MB ( 73%) committed,  3 nodes.
      Class space:        1.00 GB reserved,       2.88 MB ( <1%) committed,  1 nodes.
             Both:        1.02 GB reserved,      20.44 MB (  2%) committed. 

Chunk freelists:
   Non-Class:  2.48 MB
       Class:  1.13 MB
        Both:  3.61 MB

MaxMetaspaceSize: unlimited
CompressedClassSpaceSize: 1.00 GB
Initial GC threshold: 21.00 MB
Current GC threshold: 21.00 MB
CDS: on
MetaspaceReclaimPolicy: balanced
 - commit_granule_bytes: 65536.
 - commit_granule_words: 8192.
 - virtual_space_node_default_size: 1048576.
 - enlarge_chunks_in_place: 1.
 - new_chunks_are_fully_committed: 0.
 - uncommit_free_chunks: 1.
 - use_allocation_guard: 0.
 - handle_deallocations: 1.


Internal statistics:

num_allocs_failed_limit: 0.
num_arena_births: 210.
num_arena_deaths: 0.
num_vsnodes_births: 4.
num_vsnodes_deaths: 0.
num_space_committed: 327.
num_space_uncommitted: 0.
num_chunks_returned_to_freelist: 0.
num_chunks_taken_from_freelist: 872.
num_chunk_merges: 0.
num_chunk_splits: 622.
num_chunks_enlarged: 491.
num_purges: 0.
num_inconsistent_stats: 0.

CodeHeap 'non-profiled nmethods': size=120000Kb used=1462Kb max_used=1462Kb free=118538Kb
 bounds [0x00000264a7110000, 0x00000264a7380000, 0x00000264ae640000]
CodeHeap 'profiled nmethods': size=120000Kb used=6891Kb max_used=6891Kb free=113108Kb
 bounds [0x000002649fbe0000, 0x00000264a02a0000, 0x00000264a7110000]
CodeHeap 'non-nmethods': size=5760Kb used=1472Kb max_used=1506Kb free=4287Kb
 bounds [0x000002649f640000, 0x000002649f8b0000, 0x000002649fbe0000]
 total_blobs=4324 nmethods=3483 adapters=753
 compilation: enabled
              stopped_count=0, restarted_count=0
 full_count=0

Compilation events (20 events):
Event: 16.328 Thread 0x00000264baa237f0 3476       3       com.sun.javafx.tk.quantum.GlassViewEventHandler$$Lambda$587/0x0000000800ea70c0::get (8 bytes)
Event: 16.328 Thread 0x00000264baa237f0 nmethod 3476 0x00000264a0291810 code [0x00000264a0291a40, 0x00000264a0292068]
Event: 16.329 Thread 0x00000264baa237f0 3477       3       com.sun.javafx.tk.quantum.GlassViewEventHandler::lambda$handleMouseEvent$2 (18 bytes)
Event: 16.330 Thread 0x00000264baa237f0 nmethod 3477 0x00000264a0292390 code [0x00000264a02925a0, 0x00000264a0292b48]
Event: 16.330 Thread 0x00000264baa237f0 3478       3       com.sun.javafx.tk.quantum.GlassViewEventHandler$MouseEventNotification::run (5 bytes)
Event: 16.330 Thread 0x00000264baa237f0 nmethod 3478 0x00000264a0292e10 code [0x00000264a0292fc0, 0x00000264a0293108]
Event: 16.330 Thread 0x00000264baa237f0 3479   !   3       com.sun.javafx.tk.quantum.GlassViewEventHandler$MouseEventNotification::run (703 bytes)
Event: 16.332 Thread 0x00000264baa237f0 nmethod 3479 0x00000264a0293190 code [0x00000264a0293460, 0x00000264a0294828]
Event: 16.382 Thread 0x00000264baa237f0 3480       3       com.sun.javafx.scene.EnteredExitedHandler::dispatchBubblingEvent (204 bytes)
Event: 16.384 Thread 0x00000264baa237f0 nmethod 3480 0x00000264a0295090 code [0x00000264a02954a0, 0x00000264a0297af8]
Event: 16.437 Thread 0x00000264baa237f0 3481       3       com.sun.javafx.scene.input.PickResultChooser::processOffer (146 bytes)
Event: 16.439 Thread 0x00000264baa237f0 nmethod 3481 0x00000264a0298310 code [0x00000264a0298560, 0x00000264a0299288]
Event: 17.872 Thread 0x00000264baa237f0 3482       3       com.sun.javafx.scene.input.PickResultChooser::toPickResult (41 bytes)
Event: 17.872 Thread 0x00000264baa237f0 nmethod 3482 0x00000264a0299690 code [0x00000264a0299840, 0x00000264a0299aa8]
Event: 17.872 Thread 0x00000264baa237f0 3483       3       javafx.scene.input.PickResult::<init> (50 bytes)
Event: 17.873 Thread 0x00000264baa237f0 nmethod 3483 0x00000264a0299b90 code [0x00000264a0299d40, 0x00000264a029a058]
Event: 17.879 Thread 0x00000264baa237f0 3484   !   3       com.sun.javafx.event.EventQueue::fire (66 bytes)
Event: 17.880 Thread 0x00000264baa237f0 nmethod 3484 0x00000264a029a110 code [0x00000264a029a340, 0x00000264a029aba8]
Event: 17.920 Thread 0x00000264baa22d50 3485       4       java.util.EnumMap$EnumMapIterator::hasNext (64 bytes)
Event: 17.923 Thread 0x00000264baa22d50 nmethod 3485 0x00000264a727d410 code [0x00000264a727d5a0, 0x00000264a727d6f8]

GC Heap History (4 events):
Event: 0.957 GC heap before
{Heap before GC invocations=0 (full 0):
 garbage-first heap   total 251904K, used 22528K [0x000000070a000000, 0x0000000800000000)
  region size 2048K, 11 young (22528K), 0 survivors (0K)
 Metaspace       used 4943K, committed 5120K, reserved 1056768K
  class space    used 584K, committed 640K, reserved 1048576K
}
Event: 0.961 GC heap after
{Heap after GC invocations=1 (full 0):
 garbage-first heap   total 251904K, used 2844K [0x000000070a000000, 0x0000000800000000)
  region size 2048K, 2 young (4096K), 2 survivors (4096K)
 Metaspace       used 4943K, committed 5120K, reserved 1056768K
  class space    used 584K, committed 640K, reserved 1048576K
}
Event: 1.934 GC heap before
{Heap before GC invocations=1 (full 0):
 garbage-first heap   total 251904K, used 37660K [0x000000070a000000, 0x0000000800000000)
  region size 2048K, 19 young (38912K), 2 survivors (4096K)
 Metaspace       used 14653K, committed 14848K, reserved 1064960K
  class space    used 1896K, committed 1984K, reserved 1048576K
}
Event: 1.943 GC heap after
{Heap after GC invocations=2 (full 0):
 garbage-first heap   total 251904K, used 7961K [0x000000070a000000, 0x0000000800000000)
  region size 2048K, 3 young (6144K), 3 survivors (6144K)
 Metaspace       used 14653K, committed 14848K, reserved 1064960K
  class space    used 1896K, committed 1984K, reserved 1048576K
}

Deoptimization events (20 events):
Event: 7.601 Thread 0x00000264bc9394e0 DEOPT PACKING pc=0x00000264a011bd83 sp=0x000000f714bfe0a0
Event: 7.601 Thread 0x00000264bc9394e0 DEOPT UNPACKING pc=0x000002649f692b43 sp=0x000000f714bfd4c0 mode 0
Event: 7.603 Thread 0x00000264bc9394e0 DEOPT PACKING pc=0x00000264a00720a2 sp=0x000000f714bfdd40
Event: 7.603 Thread 0x00000264bc9394e0 DEOPT UNPACKING pc=0x000002649f692b43 sp=0x000000f714bfd198 mode 0
Event: 7.604 Thread 0x00000264bc9394e0 DEOPT PACKING pc=0x00000264a00720c3 sp=0x000000f714bfdd40
Event: 7.604 Thread 0x00000264bc9394e0 DEOPT UNPACKING pc=0x000002649f692b43 sp=0x000000f714bfd1a8 mode 0
Event: 7.610 Thread 0x00000264bc9394e0 DEOPT PACKING pc=0x00000264a0073d42 sp=0x000000f714bfd1e0
Event: 7.610 Thread 0x00000264bc9394e0 DEOPT UNPACKING pc=0x000002649f692b43 sp=0x000000f714bfc670 mode 0
Event: 7.621 Thread 0x00000264bc9394e0 DEOPT PACKING pc=0x00000264a0073d42 sp=0x000000f714bfe060
Event: 7.622 Thread 0x00000264bc9394e0 DEOPT UNPACKING pc=0x000002649f692b43 sp=0x000000f714bfd4f0 mode 0
Event: 9.381 Thread 0x00000264bc9394e0 DEOPT PACKING pc=0x00000264a017714a sp=0x000000f714bfdfa0
Event: 9.381 Thread 0x00000264bc9394e0 DEOPT UNPACKING pc=0x000002649f692b43 sp=0x000000f714bfd3d8 mode 0
Event: 13.302 Thread 0x00000264bc90b3f0 Uncommon trap: trap_request=0xffffffde fr.pc=0x00000264a722d900 relative=0x0000000000000500
Event: 13.302 Thread 0x00000264bc90b3f0 Uncommon trap: reason=class_check action=maybe_recompile pc=0x00000264a722d900 method=javafx.scene.Scene.getRoot()Ljavafx/scene/Parent; @ 18 c2
Event: 13.302 Thread 0x00000264bc90b3f0 DEOPT PACKING pc=0x00000264a722d900 sp=0x000000f714ff9450
Event: 13.302 Thread 0x00000264bc90b3f0 DEOPT UNPACKING pc=0x000002649f6923a3 sp=0x000000f714ff9388 mode 2
Event: 13.303 Thread 0x00000264bc90b3f0 Uncommon trap: trap_request=0xffffffde fr.pc=0x00000264a722d900 relative=0x0000000000000500
Event: 13.303 Thread 0x00000264bc90b3f0 Uncommon trap: reason=class_check action=maybe_recompile pc=0x00000264a722d900 method=javafx.scene.Scene.getRoot()Ljavafx/scene/Parent; @ 18 c2
Event: 13.303 Thread 0x00000264bc90b3f0 DEOPT PACKING pc=0x00000264a722d900 sp=0x000000f714ff93f0
Event: 13.303 Thread 0x00000264bc90b3f0 DEOPT UNPACKING pc=0x000002649f6923a3 sp=0x000000f714ff9328 mode 2

Classes unloaded (0 events):
No events

Classes redefined (0 events):
No events

Internal exceptions (20 events):
Event: 1.389 Thread 0x00000264bc90b3f0 Exception <a 'sun/nio/fs/WindowsException'{0x00000007182bb4c8}> (0x00000007182bb4c8) 
thrown [t:\workspace\open\src\hotspot\share\prims\jni.cpp, line 516]
Event: 1.430 Thread 0x00000264bc90b3f0 Exception <a 'java/lang/NoSuchMethodError'{0x00000007183f4600}: 'java.lang.Object java.lang.invoke.DirectMethodHandle$Holder.invokeVirtual(java.lang.Object, java.lang.Object, java.lang.Object)'> (0x00000007183f4600) 
thrown [t:\workspace\open\src\hotspot\share\interpreter\linkResolver.cpp, line 766]
Event: 1.631 Thread 0x00000264bc90b3f0 Implicit null exception at 0x00000264a715ea79 to 0x00000264a715f544
Event: 1.631 Thread 0x00000264bc90b3f0 Implicit null exception at 0x00000264a71673f6 to 0x00000264a7167ed4
Event: 1.764 Thread 0x00000264bc90b3f0 Implicit null exception at 0x00000264a71855cc to 0x00000264a7185e10
Event: 1.793 Thread 0x00000264bc90b3f0 Implicit null exception at 0x00000264a7183b0d to 0x00000264a71842e0
Event: 1.794 Thread 0x00000264bc90b3f0 Implicit null exception at 0x00000264a713542f to 0x00000264a713564c
Event: 1.955 Thread 0x00000264bc90b3f0 Exception <a 'java/lang/NoSuchMethodError'{0x000000071947e4b8}: 'java.lang.Object java.lang.invoke.DirectMethodHandle$Holder.invokeInterface(java.lang.Object, java.lang.Object, java.lang.Object)'> (0x000000071947e4b8) 
thrown [t:\workspace\open\src\hotspot\share\interpreter\linkResolver.cpp, line 766]
Event: 1.955 Thread 0x00000264bc90b3f0 Exception <a 'java/lang/IncompatibleClassChangeError'{0x0000000719481b80}: Found class java.lang.Object, but interface was expected> (0x0000000719481b80) 
thrown [t:\workspace\open\src\hotspot\share\interpreter\linkResolver.cpp, line 833]
Event: 2.017 Thread 0x00000264bc90b3f0 Exception <a 'java/lang/ClassNotFoundException'{0x00000007193a1310}: com/sun/javafx/scene/control/skin/resources/controls> (0x00000007193a1310) 
thrown [t:\workspace\open\src\hotspot\share\prims\jni.cpp, line 535]
Event: 2.018 Thread 0x00000264bc90b3f0 Exception <a 'java/lang/ClassNotFoundException'{0x00000007193aee10}: com/sun/javafx/scene/control/skin/resources/controls_ru> (0x00000007193aee10) 
thrown [t:\workspace\open\src\hotspot\share\prims\jni.cpp, line 535]
Event: 2.018 Thread 0x00000264bc90b3f0 Exception <a 'java/lang/ClassNotFoundException'{0x00000007193afda8}: com/sun/javafx/scene/control/skin/resources/controls_ru_RU> (0x00000007193afda8) 
thrown [t:\workspace\open\src\hotspot\share\prims\jni.cpp, line 535]
Event: 2.397 Thread 0x00000264bc90b3f0 Exception <a 'java/lang/NoSuchMethodError'{0x000000071871a328}: 'java.lang.Object java.lang.invoke.DirectMethodHandle$Holder.newInvokeSpecial(java.lang.Object, java.lang.Object, int)'> (0x000000071871a328) 
thrown [t:\workspace\open\src\hotspot\share\interpreter\linkResolver.cpp, line 766]
Event: 2.467 Thread 0x00000264bc9394e0 Exception <a 'java/lang/NoSuchMethodError'{0x000000071821bac8}: 'int java.lang.invoke.DirectMethodHandle$Holder.invokeStaticInit(java.lang.Object, java.lang.Object)'> (0x000000071821bac8) 
thrown [t:\workspace\open\src\hotspot\share\interpreter\linkResolver.cpp, line 766]
Event: 2.602 Thread 0x00000264bc9394e0 Exception <a 'java/lang/NoSuchMethodError'{0x0000000717e454c0}: 'java.lang.Object java.lang.invoke.DirectMethodHandle$Holder.invokeStaticInit(java.lang.Object, int)'> (0x0000000717e454c0) 
thrown [t:\workspace\open\src\hotspot\share\interpreter\linkResolver.cpp, line 766]
Event: 5.029 Thread 0x00000264bc90b3f0 Exception <a 'java/lang/NoSuchMethodError'{0x0000000717c0c508}: 'long java.lang.invoke.DirectMethodHandle$Holder.invokeStatic(java.lang.Object, java.lang.Object, java.lang.Object)'> (0x0000000717c0c508) 
thrown [t:\workspace\open\src\hotspot\share\interpreter\linkResolver.cpp, line 766]
Event: 5.030 Thread 0x00000264bc90b3f0 Exception <a 'java/lang/NoSuchMethodError'{0x0000000717c0fcb0}: 'long java.lang.invoke.DirectMethodHandle$Holder.invokeStaticInit(java.lang.Object, java.lang.Object, java.lang.Object)'> (0x0000000717c0fcb0) 
thrown [t:\workspace\open\src\hotspot\share\interpreter\linkResolver.cpp, line 766]
Event: 5.036 Thread 0x00000264bc90b3f0 Exception <a 'java/lang/NoSuchMethodError'{0x0000000717c278b8}: 'java.lang.Object java.lang.invoke.DirectMethodHandle$Holder.newInvokeSpecial(java.lang.Object, java.lang.Object, long)'> (0x0000000717c278b8) 
thrown [t:\workspace\open\src\hotspot\share\interpreter\linkResolver.cpp, line 766]
Event: 5.037 Thread 0x00000264bc90b3f0 Exception <a 'java/lang/NoSuchMethodError'{0x0000000717c2b428}: 'java.lang.Object java.lang.invoke.Invokers$Holder.linkToTargetMethod(java.lang.Object, long, java.lang.Object)'> (0x0000000717c2b428) 
thrown [t:\workspace\open\src\hotspot\share\interpreter\linkResolver.cpp, line 766]
Event: 5.357 Thread 0x00000264bc90b3f0 Exception <a 'java/lang/NoSuchMethodError'{0x0000000717ad5ee8}: 'void java.lang.invoke.DirectMethodHandle$Holder.invokeSpecial(java.lang.Object, java.lang.Object, java.lang.Object, java.lang.Object, java.lang.Object, java.lang.Object)'> (0x0000000717ad5ee8) 
thrown [t:\workspace\open\src\hotspot\share\interpreter\linkResolver.cpp, line 766]

VM Operations (20 events):
Event: 5.263 Executing VM operation: HandshakeAllThreads done
Event: 5.440 Executing VM operation: HandshakeAllThreads
Event: 5.440 Executing VM operation: HandshakeAllThreads done
Event: 6.440 Executing VM operation: Cleanup
Event: 6.440 Executing VM operation: Cleanup done
Event: 8.440 Executing VM operation: Cleanup
Event: 8.440 Executing VM operation: Cleanup done
Event: 9.441 Executing VM operation: Cleanup
Event: 9.441 Executing VM operation: Cleanup done
Event: 11.441 Executing VM operation: Cleanup
Event: 11.441 Executing VM operation: Cleanup done
Event: 13.441 Executing VM operation: Cleanup
Event: 13.442 Executing VM operation: Cleanup done
Event: 15.443 Executing VM operation: Cleanup
Event: 15.443 Executing VM operation: Cleanup done
Event: 16.444 Executing VM operation: Cleanup
Event: 16.444 Executing VM operation: Cleanup done
Event: 18.445 Executing VM operation: Cleanup
Event: 18.445 Executing VM operation: Cleanup done
Event: 23.891 Executing VM operation: Exit

Events (20 events):
Event: 3.110 loading class java/util/EnumMap$Values
Event: 3.110 loading class java/util/EnumMap$Values done
Event: 3.110 loading class java/util/EnumMap$ValueIterator
Event: 3.110 loading class java/util/EnumMap$EnumMapIterator
Event: 3.110 loading class java/util/EnumMap$EnumMapIterator done
Event: 3.110 loading class java/util/EnumMap$ValueIterator done
Event: 5.386 Thread 0x00000264bc248d40 Thread added: 0x00000264bc248d40
Event: 5.538 Thread 0x00000264bc248d40 Thread exited: 0x00000264bc248d40
Event: 13.312 Thread 0x00000264bbc6ed00 Thread added: 0x00000264bbc6ed00
Event: 13.322 Thread 0x00000264bb6686c0 Thread added: 0x00000264bb6686c0
Event: 15.133 Thread 0x00000264bb6686c0 Thread exited: 0x00000264bb6686c0
Event: 15.134 Thread 0x00000264bbc6ed00 Thread exited: 0x00000264bbc6ed00
Event: 23.887 loading class jdk/internal/misc/Signal$1
Event: 23.888 loading class jdk/internal/misc/Signal$1 done
Event: 23.888 Thread 0x00000264bc854800 Thread added: 0x00000264bc854800
Event: 23.888 Thread 0x00000264bc8534c0 Thread added: 0x00000264bc8534c0
Event: 23.888 Thread 0x00000264bc853990 Thread added: 0x00000264bc853990
Event: 23.889 Thread 0x00000264bc853990 Thread exited: 0x00000264bc853990
Event: 23.890 Thread 0x00000264bc8534c0 Thread exited: 0x00000264bc8534c0
Event: 23.891 Thread 0x00000264baa17af0 Thread exited: 0x00000264baa17af0


Dynamic libraries:
0x00007ff753600000 - 0x00007ff75360e000 	C:\Users\Карина\.jdks\openjdk-17\bin\java.exe
0x00007ffd26410000 - 0x00007ffd26608000 	C:\Windows\SYSTEM32\ntdll.dll
0x00007ffd25570000 - 0x00007ffd2562d000 	C:\Windows\System32\KERNEL32.DLL
0x00007ffd24000000 - 0x00007ffd242ce000 	C:\Windows\System32\KERNELBASE.dll
0x00007ffd23f00000 - 0x00007ffd24000000 	C:\Windows\System32\ucrtbase.dll
0x00007ffd139b0000 - 0x00007ffd139ca000 	C:\Users\Карина\.jdks\openjdk-17\bin\VCRUNTIME140.dll
0x00007ffd1d890000 - 0x00007ffd1d8a8000 	C:\Users\Карина\.jdks\openjdk-17\bin\jli.dll
0x00007ffd25890000 - 0x00007ffd25a30000 	C:\Windows\System32\USER32.dll
0x00007ffd242d0000 - 0x00007ffd242f2000 	C:\Windows\System32\win32u.dll
0x00007ffd0efe0000 - 0x00007ffd0f27a000 	C:\Windows\WinSxS\amd64_microsoft.windows.common-controls_6595b64144ccf1df_6.0.19041.1110_none_60b5254171f9507e\COMCTL32.dll
0x00007ffd25b40000 - 0x00007ffd25b6a000 	C:\Windows\System32\GDI32.dll
0x00007ffd25d40000 - 0x00007ffd25dde000 	C:\Windows\System32\msvcrt.dll
0x00007ffd23b30000 - 0x00007ffd23c3b000 	C:\Windows\System32\gdi32full.dll
0x00007ffd23c40000 - 0x00007ffd23cdd000 	C:\Windows\System32\msvcp_win.dll
0x00007ffd24470000 - 0x00007ffd244a0000 	C:\Windows\System32\IMM32.DLL
0x00007ffd1ef20000 - 0x00007ffd1ef2c000 	C:\Users\Карина\.jdks\openjdk-17\bin\vcruntime140_1.dll
0x00007ffcea410000 - 0x00007ffcea49d000 	C:\Users\Карина\.jdks\openjdk-17\bin\msvcp140.dll
0x00007ffc7add0000 - 0x00007ffc7b98e000 	C:\Users\Карина\.jdks\openjdk-17\bin\server\jvm.dll
0x00007ffd25390000 - 0x00007ffd2543e000 	C:\Windows\System32\ADVAPI32.dll
0x00007ffd25a30000 - 0x00007ffd25acc000 	C:\Windows\System32\sechost.dll
0x00007ffd25700000 - 0x00007ffd25825000 	C:\Windows\System32\RPCRT4.dll
0x00007ffd25210000 - 0x00007ffd25218000 	C:\Windows\System32\PSAPI.DLL
0x00007ffd22310000 - 0x00007ffd22337000 	C:\Windows\SYSTEM32\WINMM.dll
0x00007ffcf38b0000 - 0x00007ffcf38b9000 	C:\Windows\SYSTEM32\WSOCK32.dll
0x00007ffd19450000 - 0x00007ffd1945a000 	C:\Windows\SYSTEM32\VERSION.dll
0x00007ffd25310000 - 0x00007ffd2537b000 	C:\Windows\System32\WS2_32.dll
0x00007ffd223d0000 - 0x00007ffd223e2000 	C:\Windows\SYSTEM32\kernel.appcore.dll
0x00007ffd1edd0000 - 0x00007ffd1edda000 	C:\Users\Карина\.jdks\openjdk-17\bin\jimage.dll
0x00007ffd21700000 - 0x00007ffd218e4000 	C:\Windows\SYSTEM32\DBGHELP.DLL
0x00007ffd0fe20000 - 0x00007ffd0fe4c000 	C:\Windows\SYSTEM32\dbgcore.DLL
0x00007ffd243e0000 - 0x00007ffd24462000 	C:\Windows\System32\bcryptPrimitives.dll
0x00007ffd1d940000 - 0x00007ffd1d94e000 	C:\Users\Карина\.jdks\openjdk-17\bin\instrument.dll
0x00007ffd137e0000 - 0x00007ffd13805000 	C:\Users\Карина\.jdks\openjdk-17\bin\java.dll
0x00007ffce8b80000 - 0x00007ffce8c56000 	C:\Users\Карина\.jdks\openjdk-17\bin\svml.dll
0x00007ffd244a0000 - 0x00007ffd24be4000 	C:\Windows\System32\SHELL32.dll
0x00007ffd218f0000 - 0x00007ffd22084000 	C:\Windows\SYSTEM32\windows.storage.dll
0x00007ffd26070000 - 0x00007ffd263c4000 	C:\Windows\System32\combase.dll
0x00007ffd23520000 - 0x00007ffd23550000 	C:\Windows\SYSTEM32\Wldp.dll
0x00007ffd25630000 - 0x00007ffd256dd000 	C:\Windows\System32\SHCORE.dll
0x00007ffd251b0000 - 0x00007ffd25205000 	C:\Windows\System32\shlwapi.dll
0x00007ffd23a70000 - 0x00007ffd23a8f000 	C:\Windows\SYSTEM32\profapi.dll
0x00007ffd137c0000 - 0x00007ffd137d9000 	C:\Users\Карина\.jdks\openjdk-17\bin\net.dll
0x00007ffd19c50000 - 0x00007ffd19d5a000 	C:\Windows\SYSTEM32\WINHTTP.dll
0x00007ffd23220000 - 0x00007ffd2328a000 	C:\Windows\system32\mswsock.dll
0x00007ffcf91c0000 - 0x00007ffcf91d5000 	C:\Users\Карина\.jdks\openjdk-17\bin\nio.dll
0x00007ffced4a0000 - 0x00007ffced4b8000 	C:\Users\Карина\.jdks\openjdk-17\bin\zip.dll
0x00007ffced480000 - 0x00007ffced49a000 	D:\JetBrains\IntelliJ IDEA Community Edition 2021.2.2\bin\breakgen64.dll
0x00000264bab60000 - 0x00000264bab63000 	C:\Users\Карина\.openjfx\cache\17-ea\api-ms-win-core-console-l1-1-0.dll
0x00000264bab70000 - 0x00000264bab73000 	C:\Users\Карина\.openjfx\cache\17-ea\api-ms-win-core-console-l1-2-0.dll
0x00000264bab80000 - 0x00000264bab83000 	C:\Users\Карина\.openjfx\cache\17-ea\api-ms-win-core-datetime-l1-1-0.dll
0x00000264bab90000 - 0x00000264bab93000 	C:\Users\Карина\.openjfx\cache\17-ea\api-ms-win-core-debug-l1-1-0.dll
0x00000264baba0000 - 0x00000264baba3000 	C:\Users\Карина\.openjfx\cache\17-ea\api-ms-win-core-errorhandling-l1-1-0.dll
0x00000264babb0000 - 0x00000264babb4000 	C:\Users\Карина\.openjfx\cache\17-ea\api-ms-win-core-file-l1-1-0.dll
0x00000264babc0000 - 0x00000264babc3000 	C:\Users\Карина\.openjfx\cache\17-ea\api-ms-win-core-file-l1-2-0.dll
0x00000264babd0000 - 0x00000264babd3000 	C:\Users\Карина\.openjfx\cache\17-ea\api-ms-win-core-file-l2-1-0.dll
0x00000264babe0000 - 0x00000264babe3000 	C:\Users\Карина\.openjfx\cache\17-ea\api-ms-win-core-handle-l1-1-0.dll
0x00000264babf0000 - 0x00000264babf3000 	C:\Users\Карина\.openjfx\cache\17-ea\api-ms-win-core-heap-l1-1-0.dll
0x00000264bcfd0000 - 0x00000264bcfd3000 	C:\Users\Карина\.openjfx\cache\17-ea\api-ms-win-core-interlocked-l1-1-0.dll
0x00000264bcfe0000 - 0x00000264bcfe3000 	C:\Users\Карина\.openjfx\cache\17-ea\api-ms-win-core-libraryloader-l1-1-0.dll
0x00000264bcff0000 - 0x00000264bcff3000 	C:\Users\Карина\.openjfx\cache\17-ea\api-ms-win-core-localization-l1-2-0.dll
0x00000264bd000000 - 0x00000264bd003000 	C:\Users\Карина\.openjfx\cache\17-ea\api-ms-win-core-memory-l1-1-0.dll
0x00000264bd010000 - 0x00000264bd013000 	C:\Users\Карина\.openjfx\cache\17-ea\api-ms-win-core-namedpipe-l1-1-0.dll
0x00000264bd020000 - 0x00000264bd023000 	C:\Users\Карина\.openjfx\cache\17-ea\api-ms-win-core-processenvironment-l1-1-0.dll
0x00000264bd030000 - 0x00000264bd033000 	C:\Users\Карина\.openjfx\cache\17-ea\api-ms-win-core-processthreads-l1-1-0.dll
0x00000264bd040000 - 0x00000264bd043000 	C:\Users\Карина\.openjfx\cache\17-ea\api-ms-win-core-processthreads-l1-1-1.dll
0x00000264bd050000 - 0x00000264bd053000 	C:\Users\Карина\.openjfx\cache\17-ea\api-ms-win-core-profile-l1-1-0.dll
0x00000264bd060000 - 0x00000264bd063000 	C:\Users\Карина\.openjfx\cache\17-ea\api-ms-win-core-rtlsupport-l1-1-0.dll
0x00000264bd070000 - 0x00000264bd073000 	C:\Users\Карина\.openjfx\cache\17-ea\api-ms-win-core-string-l1-1-0.dll
0x00000264bd080000 - 0x00000264bd083000 	C:\Users\Карина\.openjfx\cache\17-ea\api-ms-win-core-synch-l1-1-0.dll
0x00000264bd090000 - 0x00000264bd093000 	C:\Users\Карина\.openjfx\cache\17-ea\api-ms-win-core-synch-l1-2-0.dll
0x00000264bd0a0000 - 0x00000264bd0a3000 	C:\Users\Карина\.openjfx\cache\17-ea\api-ms-win-core-sysinfo-l1-1-0.dll
0x00000264bd0b0000 - 0x00000264bd0b3000 	C:\Users\Карина\.openjfx\cache\17-ea\api-ms-win-core-timezone-l1-1-0.dll
0x00000264bd0c0000 - 0x00000264bd0c3000 	C:\Users\Карина\.openjfx\cache\17-ea\api-ms-win-core-util-l1-1-0.dll
0x00000264bd320000 - 0x00000264bd323000 	C:\Users\Карина\.openjfx\cache\17-ea\api-ms-win-crt-conio-l1-1-0.dll
0x00000264bd330000 - 0x00000264bd334000 	C:\Users\Карина\.openjfx\cache\17-ea\api-ms-win-crt-convert-l1-1-0.dll
0x00000264bd340000 - 0x00000264bd343000 	C:\Users\Карина\.openjfx\cache\17-ea\api-ms-win-crt-environment-l1-1-0.dll
0x00000264bd350000 - 0x00000264bd353000 	C:\Users\Карина\.openjfx\cache\17-ea\api-ms-win-crt-filesystem-l1-1-0.dll
0x00000264bd360000 - 0x00000264bd363000 	C:\Users\Карина\.openjfx\cache\17-ea\api-ms-win-crt-heap-l1-1-0.dll
0x00000264bd370000 - 0x00000264bd373000 	C:\Users\Карина\.openjfx\cache\17-ea\api-ms-win-crt-locale-l1-1-0.dll
0x00000264bd380000 - 0x00000264bd385000 	C:\Users\Карина\.openjfx\cache\17-ea\api-ms-win-crt-math-l1-1-0.dll
0x00000264bd390000 - 0x00000264bd395000 	C:\Users\Карина\.openjfx\cache\17-ea\api-ms-win-crt-multibyte-l1-1-0.dll
0x00000264bd200000 - 0x00000264bd210000 	C:\Users\Карина\.openjfx\cache\17-ea\api-ms-win-crt-private-l1-1-0.dll
0x00000264bd210000 - 0x00000264bd213000 	C:\Users\Карина\.openjfx\cache\17-ea\api-ms-win-crt-process-l1-1-0.dll
0x00000264bd220000 - 0x00000264bd224000 	C:\Users\Карина\.openjfx\cache\17-ea\api-ms-win-crt-runtime-l1-1-0.dll
0x00000264bd230000 - 0x00000264bd234000 	C:\Users\Карина\.openjfx\cache\17-ea\api-ms-win-crt-stdio-l1-1-0.dll
0x00000264bd240000 - 0x00000264bd244000 	C:\Users\Карина\.openjfx\cache\17-ea\api-ms-win-crt-string-l1-1-0.dll
0x00000264bd250000 - 0x00000264bd253000 	C:\Users\Карина\.openjfx\cache\17-ea\api-ms-win-crt-time-l1-1-0.dll
0x00000264bd260000 - 0x00000264bd263000 	C:\Users\Карина\.openjfx\cache\17-ea\api-ms-win-crt-utility-l1-1-0.dll
0x00007ffcc96d0000 - 0x00007ffcc97cc000 	C:\Users\Карина\.openjfx\cache\17-ea\ucrtbase.dll
0x00007ffcea3f0000 - 0x00007ffcea40a000 	C:\Users\Карина\.openjfx\cache\17-ea\vcruntime140.dll
0x00007ffcfe770000 - 0x00007ffcfe77c000 	C:\Users\Карина\.openjfx\cache\17-ea\vcruntime140_1.dll
0x00007ffce88c0000 - 0x00007ffce894d000 	C:\Users\Карина\.openjfx\cache\17-ea\msvcp140.dll
0x00007ffce8b50000 - 0x00007ffce8b77000 	C:\Users\Карина\.openjfx\cache\17-ea\prism_d3d.dll
0x00007ffce6590000 - 0x00007ffce675f000 	C:\Windows\system32\d3d9.dll
0x00007ffd208e0000 - 0x00007ffd2090f000 	C:\Windows\SYSTEM32\dwmapi.dll
0x00007ffd206d0000 - 0x00007ffd2076e000 	C:\Windows\system32\uxtheme.dll
0x00007ffd17410000 - 0x00007ffd175eb000 	C:\Windows\System32\DriverStore\FileRepository\u0358839.inf_amd64_4febe8b5febaf786\B358480\aticfx64.dll
0x00007ffce79e0000 - 0x00007ffce7a13000 	C:\Windows\System32\DriverStore\FileRepository\u0358839.inf_amd64_4febe8b5febaf786\B358480\atiu9p64.dll
0x00007ffce2430000 - 0x00007ffce30c6000 	C:\Windows\System32\DriverStore\FileRepository\u0358839.inf_amd64_4febe8b5febaf786\B358480\atiumd64.dll
0x00007ffd25440000 - 0x00007ffd2556a000 	C:\Windows\System32\ole32.dll
0x00000000717d0000 - 0x000000007264d000 	C:\Windows\System32\DriverStore\FileRepository\u0358839.inf_amd64_4febe8b5febaf786\B358480\atiumd6a.dll
0x00007ffd238f0000 - 0x00007ffd2393b000 	C:\Windows\SYSTEM32\POWRPROF.dll
0x00007ffd238d0000 - 0x00007ffd238e2000 	C:\Windows\SYSTEM32\UMPDC.dll
0x00007ffd158b0000 - 0x00007ffd158df000 	C:\Windows\SYSTEM32\amdihk64.dll
0x00007ffce8b00000 - 0x00007ffce8b42000 	C:\Users\Карина\.openjfx\cache\17-ea\glass.dll
0x00007ffd25f90000 - 0x00007ffd2606a000 	C:\Windows\System32\COMDLG32.dll
0x00007ffd24bf0000 - 0x00007ffd24cbd000 	C:\Windows\System32\OLEAUT32.dll
0x00007ffcaa000000 - 0x00007ffcaa023000 	C:\Program Files (x86)\Yandex\Punto Switcher\PSHook64.dll
0x00007ffcdfdd0000 - 0x00007ffcdff08000 	C:\ProgramData\A-Volute\A-Volute.Nahimic\Modules\Scheduled\x64\AudioDevProps2.dll
0x00007ffd25c20000 - 0x00007ffd25d35000 	C:\Windows\System32\MSCTF.dll
0x00007ffd17600000 - 0x00007ffd1763b000 	C:\Windows\SYSTEM32\dxcore.dll
0x00007ffd23eb0000 - 0x00007ffd23efe000 	C:\Windows\System32\cfgmgr32.dll
0x00007ffce88a0000 - 0x00007ffce88b4000 	C:\Users\Карина\.openjfx\cache\17-ea\javafx_font.dll
0x00007ffd21370000 - 0x00007ffd215ef000 	C:\Windows\SYSTEM32\dwrite.dll
0x00007ffd22f50000 - 0x00007ffd2301a000 	C:\Windows\SYSTEM32\DNSAPI.dll
0x00007ffd22f10000 - 0x00007ffd22f4b000 	C:\Windows\SYSTEM32\IPHLPAPI.DLL
0x00007ffd25380000 - 0x00007ffd25388000 	C:\Windows\System32\NSI.dll
0x00007ffd1ce90000 - 0x00007ffd1ce9a000 	C:\Windows\System32\rasadhlp.dll
0x00007ffd18a60000 - 0x00007ffd18ae0000 	C:\Windows\System32\fwpuclnt.dll
0x00007ffd24300000 - 0x00007ffd24327000 	C:\Windows\System32\bcrypt.dll
0x00007ffd25b70000 - 0x00007ffd25c19000 	C:\Windows\System32\clbcatq.dll
0x00007ffd19030000 - 0x00007ffd191e4000 	C:\Windows\SYSTEM32\WindowsCodecs.dll
0x00007ffcf9420000 - 0x00007ffcf945e000 	C:\Windows\system32\dataexchange.dll
0x00007ffd22090000 - 0x00007ffd222f3000 	C:\Windows\system32\d3d11.dll
0x00007ffd1b6d0000 - 0x00007ffd1b8b4000 	C:\Windows\system32\dcomp.dll
0x00007ffd223f0000 - 0x00007ffd224e3000 	C:\Windows\system32\dxgi.dll
0x00007ffd1c1e0000 - 0x00007ffd1c3e0000 	C:\Windows\system32\twinapi.appcore.dll
0x00007ffcaaa00000 - 0x00007ffcaaa34000 	C:\Program Files\Common Files\Microsoft Shared\Ink\rtscom.dll

dbghelp: loaded successfully - version: 4.0.5 - missing functions: none
symbol engine: initialized successfully - sym options: 0x614 - pdb path: .;C:\Users\Карина\.jdks\openjdk-17\bin;C:\Windows\SYSTEM32;C:\Windows\WinSxS\amd64_microsoft.windows.common-controls_6595b64144ccf1df_6.0.19041.1110_none_60b5254171f9507e;C:\Users\Карина\.jdks\openjdk-17\bin\server;D:\JetBrains\IntelliJ IDEA Community Edition 2021.2.2\bin;C:\Users\Карина\.openjfx\cache\17-ea;C:\Windows\System32\DriverStore\FileRepository\u0358839.inf_amd64_4febe8b5febaf786\B358480;C:\Program Files (x86)\Yandex\Punto Switcher;C:\ProgramData\A-Volute\A-Volute.Nahimic\Modules\Scheduled\x64;C:\Program Files\Common Files\Microsoft Shared\Ink

VM Arguments:
jvm_args: -javaagent:D:\JetBrains\IntelliJ IDEA Community Edition 2021.2.2\lib\idea_rt.jar=4583:D:\JetBrains\IntelliJ IDEA Community Edition 2021.2.2\bin -Dfile.encoding=UTF-8 --module-path=C:\Users\Карина\.m2\repository\org\openjfx\javafx-controls\17-ea+11\javafx-controls-17-ea+11-win.jar;C:\Users\Карина\.m2\repository\org\openjfx\javafx-fxml\17-ea+11\javafx-fxml-17-ea+11-win.jar;C:\Users\Карина\.m2\repository\org\openjfx\javafx-base\17-ea+11\javafx-base-17-ea+11-win.jar;C:\Users\Карина\.m2\repository\org\openjfx\javafx-graphics\17-ea+11\javafx-graphics-17-ea+11-win.jar;C:\Users\Карина\.m2\repository\mysql\mysql-connector-java\8.0.25\mysql-connector-java-8.0.25.jar;D:\IdeaProjects\CourseProject\target\classes -Djdk.module.main=com.example.courseproject 
java_command: com.example.courseproject/com.example.courseproject.MyApplication
java_class_path (initial): C:\Users\Карина\.m2\repository\org\openjfx\javafx-controls\17-ea+11\javafx-controls-17-ea+11.jar;C:\Users\Карина\.m2\repository\org\openjfx\javafx-graphics\17-ea+11\javafx-graphics-17-ea+11.jar;C:\Users\Карина\.m2\repository\org\openjfx\javafx-base\17-ea+11\javafx-base-17-ea+11.jar;C:\Users\Карина\.m2\repository\org\openjfx\javafx-fxml\17-ea+11\javafx-fxml-17-ea+11.jar;C:\Users\Карина\.m2\repository\com\google\protobuf\protobuf-java\3.11.4\protobuf-java-3.11.4.jar
Launcher Type: SUN_STANDARD

[Global flags]
     intx CICompilerCount                          = 4                                         {product} {ergonomic}
     uint ConcGCThreads                            = 3                                         {product} {ergonomic}
     uint G1ConcRefinementThreads                  = 10                                        {product} {ergonomic}
   size_t G1HeapRegionSize                         = 2097152                                   {product} {ergonomic}
    uintx GCDrainStackTargetSize                   = 64                                        {product} {ergonomic}
   size_t InitialHeapSize                          = 257949696                                 {product} {ergonomic}
   size_t MarkStackSize                            = 4194304                                   {product} {ergonomic}
   size_t MaxHeapSize                              = 4127195136                                {product} {ergonomic}
   size_t MaxNewSize                               = 2474639360                                {product} {ergonomic}
   size_t MinHeapDeltaBytes                        = 2097152                                   {product} {ergonomic}
   size_t MinHeapSize                              = 8388608                                   {product} {ergonomic}
    uintx NonNMethodCodeHeapSize                   = 5839372                                {pd product} {ergonomic}
    uintx NonProfiledCodeHeapSize                  = 122909434                              {pd product} {ergonomic}
    uintx ProfiledCodeHeapSize                     = 122909434                              {pd product} {ergonomic}
    uintx ReservedCodeCacheSize                    = 251658240                              {pd product} {ergonomic}
     bool SegmentedCodeCache                       = true                                      {product} {ergonomic}
   size_t SoftMaxHeapSize                          = 4127195136                             {manageable} {ergonomic}
     bool UseCompressedClassPointers               = true                           {product lp64_product} {ergonomic}
     bool UseCompressedOops                        = true                           {product lp64_product} {ergonomic}
     bool UseG1GC                                  = true                                      {product} {ergonomic}
     bool UseLargePagesIndividualAllocation        = false                                  {pd product} {ergonomic}

Logging:
Log output configuration:
 #0: stdout all=off uptime,level,tags
 #1: stderr all=off uptime,level,tags

Environment Variables:
PATH=C:\Python310\Scripts\;C:\Python310\;C:\Program Files\Java\jdk-17.0.2;C:\Program Files (x86)\Common Files\Oracle\Java\javapath;C:\Program Files\Java\jdk-17.0.2\lib;C:\ProgramData\Oracle\Java\javapath;C:\Windows\system32;C:\Windows;C:\Windows\System32\Wbem;C:\Windows\System32\WindowsPowerShell\v1.0\;C:\Windows\System32\OpenSSH\;C:\Program Files\dotnet\;C:\Program Files (x86)\dotnet\;C:\ProgramData\chocolatey\bin;D:\Programs\nodejs\;D:\OpenServer\modules\php\PHP_8.1;C:\Program Files\PuTTY\;C:\Program Files\Git\cmd;C:\Program Files\Docker\Docker\resources\bin;C:\ProgramData\DockerDesktop\version-bin;C:\python39\Scripts\;C:\python39\;C:\Users\Карина\AppData\Local\Microsoft\WindowsApps;C:\Users\Карина\AppData\Local\Programs\Microsoft VS Code\bin;C:\Users\Карина\.dotnet\tools;C:\Users\Карина\AppData\Roaming\npm
USERNAME=Карина
OS=Windows_NT
PROCESSOR_IDENTIFIER=AMD64 Family 23 Model 96 Stepping 1, AuthenticAMD



---------------  S Y S T E M  ---------------

OS:
 Windows 10 , 64 bit Build 19041 (10.0.19041.1889)
OS uptime: 0 days 5:11 hours
Hyper-V role detected

CPU: total 12 (initial active 12) (12 cores per cpu, 2 threads per core) family 23 model 96 stepping 1 microcode 0x0, cx8, cmov, fxsr, ht, mmx, 3dnowpref, sse, sse2, sse3, ssse3, sse4a, sse4.1, sse4.2, popcnt, lzcnt, tsc, tscinvbit, avx, avx2, aes, clmul, bmi1, bmi2, adx, sha, fma, vzeroupper, clflush, clflushopt, hv

Memory: 4k page, system-wide physical 15741M (4499M free)
TotalPageFile size 19209M (AvailPageFile size 3192M)
current process WorkingSet (physical memory assigned to process): 158M, peak: 177M
current process commit charge ("private bytes"): 425M, peak: 445M

vm_info: OpenJDK 64-Bit Server VM (17+35-2724) for windows-amd64 JRE (17+35-2724), built on Aug  5 2021 23:26:02 by "mach5one" with MS VC++ 16.8 (VS2019)

END.
