#
# A fatal error has been detected by the Java Runtime Environment:
#
#  EXCEPTION_ACCESS_VIOLATION (0xc0000005) at pc=0x00007ffce87f6a87, pid=8320, tid=7856
#
# JRE version: OpenJDK Runtime Environment (17.0+35) (build 17+35-2724)
# Java VM: OpenJDK 64-Bit Server VM (17+35-2724, mixed mode, sharing, tiered, compressed oops, compressed class ptrs, g1 gc, windows-amd64)
# Problematic frame:
# C  [glass.dll+0x26a87]
#
# No core dump will be written. Minidumps are not enabled by default on client versions of Windows
#
# If you would like to submit a bug report, please visit:
#   https://bugreport.java.com/bugreport/crash.jsp
#

---------------  S U M M A R Y ------------

Command Line: -javaagent:D:\JetBrains\IntelliJ IDEA Community Edition 2021.2.2\lib\idea_rt.jar=3729:D:\JetBrains\IntelliJ IDEA Community Edition 2021.2.2\bin -Dfile.encoding=UTF-8 --module-path=C:\Users\Карина\.m2\repository\org\openjfx\javafx-controls\17-ea+11\javafx-controls-17-ea+11-win.jar;C:\Users\Карина\.m2\repository\org\openjfx\javafx-fxml\17-ea+11\javafx-fxml-17-ea+11-win.jar;C:\Users\Карина\.m2\repository\org\openjfx\javafx-base\17-ea+11\javafx-base-17-ea+11-win.jar;C:\Users\Карина\.m2\repository\org\openjfx\javafx-graphics\17-ea+11\javafx-graphics-17-ea+11-win.jar;C:\Users\Карина\.m2\repository\mysql\mysql-connector-java\8.0.25\mysql-connector-java-8.0.25.jar;D:\IdeaProjects\CourseProject\target\classes -Djdk.module.main=com.example.courseproject com.example.courseproject/com.example.courseproject.MyApplication

Host: AMD Ryzen 5 4600H with Radeon Graphics         , 12 cores, 15G,  Windows 10 , 64 bit Build 19041 (10.0.19041.1889)
Time: Sat Sep 17 15:37:00 2022 RTZ 2 (s 10 , 64 bit Build 19041 (10.0.19041.1889) elapsed time: 68.320581 seconds (0d 0h 1m 8s)

---------------  T H R E A D  ---------------

Current thread (0x000002088f4d8560):  VMThread "VM Thread" [stack: 0x0000008f66a00000,0x0000008f66b00000] [id=7856]

Stack: [0x0000008f66a00000,0x0000008f66b00000],  sp=0x0000008f66aff0a0,  free space=1020k
Native frames: (J=compiled Java code, j=interpreted, Vv=VM code, C=native code)
C  [glass.dll+0x26a87]


siginfo: EXCEPTION_ACCESS_VIOLATION (0xc0000005), reading address 0x0000000000000000


Register to memory mapping:

RIP=0x00007ffce87f6a87 glass.dll
RAX=0x0 is NULL
RBX=0x000002088f4e52e8 is a global jni handle
RCX=0x000002088f4d8560 points into unknown readable memory: 0x00007ffc7b74c540 | 40 c5 74 7b fc 7f 00 00
RDX=0x0000008f66aff0a0 points into unknown readable memory: 0x0000000000000000 | 00 00 00 00 00 00 00 00
RSP=0x0000008f66aff0a0 points into unknown readable memory: 0x0000000000000000 | 00 00 00 00 00 00 00 00
RBP=0x000002089184e8d8 points into unknown readable memory: 0x00005fd7d80f1e36 | 36 1e 0f d8 d7 5f 00 00
RSI=0x000002089184e8b0 points into unknown readable memory: 0x9b005fc8273501f9 | f9 01 35 27 c8 5f 00 9b
RDI=0x00005fd7d80f1e36 is an unknown value
R8 =0x0000000000010002 is an unknown value
R9 =0x00005fd7d80f1e36 is an unknown value
R10=0x0000000000008000 is an unknown value
R11=0x0000008f66aff030 points into unknown readable memory: 0x000002089184e8b0 | b0 e8 84 91 08 02 00 00
R12=0x00007ffce87f4354 glass.dll
R13=0x00007ffc7b8f2940 jvm.dll
R14=0x0000008f66aff198 points into unknown readable memory: 0x0000008f66aff180 | 80 f1 af 66 8f 00 00 00
R15=0x000002089184e8b0 points into unknown readable memory: 0x9b005fc8273501f9 | f9 01 35 27 c8 5f 00 9b


Registers:
RAX=0x0000000000000000, RBX=0x000002088f4e52e8, RCX=0x000002088f4d8560, RDX=0x0000008f66aff0a0
RSP=0x0000008f66aff0a0, RBP=0x000002089184e8d8, RSI=0x000002089184e8b0, RDI=0x00005fd7d80f1e36
R8 =0x0000000000010002, R9 =0x00005fd7d80f1e36, R10=0x0000000000008000, R11=0x0000008f66aff030
R12=0x00007ffce87f4354, R13=0x00007ffc7b8f2940, R14=0x0000008f66aff198, R15=0x000002089184e8b0
RIP=0x00007ffce87f6a87, EFLAGS=0x0000000000010202

Top of Stack: (sp=0x0000008f66aff0a0)
0x0000008f66aff0a0:   0000000000000000 000002089184e8b0
0x0000008f66aff0b0:   00007ffc7b8f2940 00007ffce87f4354
0x0000008f66aff0c0:   000002089184e8b8 00007ffd23f142d6
0x0000008f66aff0d0:   00005fd7d80f1e36 0000020800000000
0x0000008f66aff0e0:   000002089184e8d8 000002089184e8b0
0x0000008f66aff0f0:   fffffffffffffffe 0000000000000000
0x0000008f66aff100:   0000000000000001 00007ffce87d0000
0x0000008f66aff110:   0000008f66aff188 00007ffd23f141fb
0x0000008f66aff120:   0000000000000000 0000008f66aff198
0x0000008f66aff130:   0000008f66aff460 00007ffd23ff0e40
0x0000008f66aff140:   0000000000000001 00007ffd23f141b4
0x0000008f66aff150:   0000000000000000 0000000000000001
0x0000008f66aff160:   0000000000000001 0000008f66aff188
0x0000008f66aff170:   0000000000000000 00007ffce87f41e1
0x0000008f66aff180:   00007ffce880a138 00007ffc00000002
0x0000008f66aff190:   0000000000000002 0000008f66aff180 

Instructions: (pc=0x00007ffce87f6a87)
0x00007ffce87f6987:   8b 4d 58 e8 01 cf ff ff 48 8b 4d 60 e8 f8 ce ff
0x00007ffce87f6997:   ff 48 8b 95 80 00 00 00 48 8b 8d 18 01 00 00 e8
0x00007ffce87f69a7:   c6 c3 ff ff 33 d2 33 c9 e8 3c e1 ff ff 90 48 89
0x00007ffce87f69b7:   54 24 10 55 48 83 ec 20 48 8b ea 48 b8 00 00 00
0x00007ffce87f69c7:   00 00 00 00 00 48 83 c4 20 5d c3 cc 40 55 48 8b
0x00007ffce87f69d7:   ea 48 8b 01 33 c9 81 38 05 00 00 c0 0f 94 c1 8b
0x00007ffce87f69e7:   c1 5d c3 cc 40 55 48 83 ec 20 48 8b ea 8a 4d 40
0x00007ffce87f69f7:   48 83 c4 20 5d e9 f7 d2 ff ff cc 40 55 48 83 ec
0x00007ffce87f6a07:   20 48 8b ea 8a 4d 20 e8 e5 d2 ff ff 90 48 83 c4
0x00007ffce87f6a17:   20 5d c3 cc 40 55 48 83 ec 20 48 8b ea 48 83 c4
0x00007ffce87f6a27:   20 5d e9 46 d1 ff ff cc 40 55 48 83 ec 30 48 8b
0x00007ffce87f6a37:   ea 48 8b 01 8b 10 48 89 4c 24 28 89 54 24 20 4c
0x00007ffce87f6a47:   8d 0d e7 d5 ff ff 4c 8b 45 70 8b 55 68 48 8b 4d
0x00007ffce87f6a57:   60 e8 87 d0 ff ff 90 48 83 c4 30 5d c3 cc cc cc
0x00007ffce87f6a67:   cc cc cc cc cc cc cc cc cc 40 53 48 83 ec 20 48
0x00007ffce87f6a77:   8b 1d b3 30 01 00 48 85 db 74 16 e8 09 8b ff ff
0x00007ffce87f6a87:   4c 8b 00 48 8b d3 48 8b c8 41 ff 90 b0 00 00 00
0x00007ffce87f6a97:   90 48 83 c4 20 5b c3 cc cc 40 53 48 83 ec 20 48
0x00007ffce87f6aa7:   8b 1d 2b 32 01 00 48 85 db 74 57 b8 ff ff ff ff
0x00007ffce87f6ab7:   f0 0f c1 43 10 83 f8 01 75 3d 48 85 db 74 38 48
0x00007ffce87f6ac7:   8b 0b 48 85 c9 74 0d ff 15 d4 07 00 00 48 c7 03
0x00007ffce87f6ad7:   00 00 00 00 48 8b 4b 08 48 85 c9 74 0d e8 a7 cd
0x00007ffce87f6ae7:   ff ff 48 c7 43 08 00 00 00 00 ba 18 00 00 00 48
0x00007ffce87f6af7:   8b cb e8 92 cd ff ff 48 c7 05 cf 31 01 00 00 00
0x00007ffce87f6b07:   00 00 48 83 c4 20 5b c3 cc 40 53 48 83 ec 20 48
0x00007ffce87f6b17:   8b 1d 9b 31 01 00 48 85 db 74 57 b8 ff ff ff ff
0x00007ffce87f6b27:   f0 0f c1 43 10 83 f8 01 75 3d 48 85 db 74 38 48
0x00007ffce87f6b37:   8b 0b 48 85 c9 74 0d ff 15 64 07 00 00 48 c7 03
0x00007ffce87f6b47:   00 00 00 00 48 8b 4b 08 48 85 c9 74 0d e8 37 cd
0x00007ffce87f6b57:   ff ff 48 c7 43 08 00 00 00 00 ba 18 00 00 00 48
0x00007ffce87f6b67:   8b cb e8 22 cd ff ff 48 c7 05 3f 31 01 00 00 00
0x00007ffce87f6b77:   00 00 48 83 c4 20 5b c3 cc 40 53 48 83 ec 20 48 


Stack slot to memory mapping:
stack at sp + 0 slots: 0x0 is NULL
stack at sp + 1 slots: 0x000002089184e8b0 points into unknown readable memory: 0x9b005fc8273501f9 | f9 01 35 27 c8 5f 00 9b
stack at sp + 2 slots: 0x00007ffc7b8f2940 jvm.dll
stack at sp + 3 slots: 0x00007ffce87f4354 glass.dll
stack at sp + 4 slots: 0x000002089184e8b8 points into unknown readable memory: 0x00005fd7d80f1e36 | 36 1e 0f d8 d7 5f 00 00
stack at sp + 5 slots: 0x00007ffd23f142d6 ucrtbase.dll
stack at sp + 6 slots: 0x00005fd7d80f1e36 is an unknown value
stack at sp + 7 slots: 0x0000020800000000 is an unknown value

VM_Operation (0x0000008f661ff240): Exit, mode: safepoint, requested by thread 0x00000208919ff420


---------------  P R O C E S S  ---------------

Threads class SMR info:
_java_thread_list=0x0000020891a75b30, length=21, elements={
0x00000208ec84d4e0, 0x000002088f4de380, 0x000002088f4def00, 0x000002088f4f5850,
0x000002088f4f6110, 0x000002088f4f89e0, 0x000002088f4f95d0, 0x000002088f4fd480,
0x000002088f5081a0, 0x000002088f4c7da0, 0x0000020890c43260, 0x0000020890aea430,
0x0000020890e03ea0, 0x0000020890e04370, 0x0000020890e090a0, 0x0000020890c1aef0,
0x0000020890c1e4f0, 0x0000020891a01100, 0x0000020891a00290, 0x00000208919fea80,
0x00000208919ff420
}

Java Threads: ( => current thread )
  0x00000208ec84d4e0 JavaThread "main" [_thread_blocked, id=10372, stack(0x0000008f66400000,0x0000008f66500000)]
  0x000002088f4de380 JavaThread "Reference Handler" daemon [_thread_blocked, id=14356, stack(0x0000008f66b00000,0x0000008f66c00000)]
  0x000002088f4def00 JavaThread "Finalizer" daemon [_thread_blocked, id=16672, stack(0x0000008f66c00000,0x0000008f66d00000)]
  0x000002088f4f5850 JavaThread "Attach Listener" daemon [_thread_blocked, id=16456, stack(0x0000008f66e00000,0x0000008f66f00000)]
  0x000002088f4f6110 JavaThread "Service Thread" daemon [_thread_blocked, id=7684, stack(0x0000008f66f00000,0x0000008f67000000)]
  0x000002088f4f89e0 JavaThread "Monitor Deflation Thread" daemon [_thread_blocked, id=21248, stack(0x0000008f67000000,0x0000008f67100000)]
  0x000002088f4f95d0 JavaThread "C2 CompilerThread0" daemon [_thread_blocked, id=3896, stack(0x0000008f67100000,0x0000008f67200000)]
  0x000002088f4fd480 JavaThread "C1 CompilerThread0" daemon [_thread_blocked, id=19360, stack(0x0000008f67200000,0x0000008f67300000)]
  0x000002088f5081a0 JavaThread "Sweeper thread" daemon [_thread_blocked, id=19304, stack(0x0000008f67300000,0x0000008f67400000)]
  0x000002088f4c7da0 JavaThread "Common-Cleaner" daemon [_thread_blocked, id=16132, stack(0x0000008f67400000,0x0000008f67500000)]
  0x0000020890c43260 JavaThread "Monitor Ctrl-Break" daemon [_thread_in_native, id=22372, stack(0x0000008f67700000,0x0000008f67800000)]
  0x0000020890aea430 JavaThread "Notification Thread" daemon [_thread_blocked, id=2100, stack(0x0000008f67800000,0x0000008f67900000)]
  0x0000020890e03ea0 JavaThread "QuantumRenderer-0" daemon [_thread_blocked, id=9332, stack(0x0000008f67a00000,0x0000008f67b00000)]
  0x0000020890e04370 JavaThread "InvokeLaterDispatcher" daemon [_thread_blocked, id=18756, stack(0x0000008f67d00000,0x0000008f67e00000)]
  0x0000020890e090a0 JavaThread "JavaFX Application Thread" [_thread_in_native, id=3404, stack(0x0000008f67e00000,0x0000008f67f00000)]
  0x0000020890c1aef0 JavaThread "JavaFX-Launcher" [_thread_blocked, id=8620, stack(0x0000008f68800000,0x0000008f68900000)]
  0x0000020890c1e4f0 JavaThread "Thread-2" daemon [_thread_in_native, id=22048, stack(0x0000008f68700000,0x0000008f68800000)]
  0x0000020891a01100 JavaThread "Prism Font Disposer" daemon [_thread_blocked, id=5744, stack(0x0000008f68f00000,0x0000008f69000000)]
  0x0000020891a00290 JavaThread "Cleaner-0" daemon [_thread_blocked, id=18656, stack(0x0000008f69000000,0x0000008f69100000)]
  0x00000208919fea80 JavaThread "mysql-cj-abandoned-connection-cleanup" daemon [_thread_blocked, id=21456, stack(0x0000008f67500000,0x0000008f67600000)]
  0x00000208919ff420 JavaThread "SIGINT handler" daemon [_thread_blocked, id=19984, stack(0x0000008f66100000,0x0000008f66200000)]

Other Threads:
=>0x000002088f4d8560 VMThread "VM Thread" [stack: 0x0000008f66a00000,0x0000008f66b00000] [id=7856]
  0x00000208ec899cd0 GCTaskThread "GC Thread#0" [stack: 0x0000008f66500000,0x0000008f66600000] [id=3524]
  0x000002089167b760 GCTaskThread "GC Thread#1" [stack: 0x0000008f68900000,0x0000008f68a00000] [id=7292]
  0x000002089065ce80 GCTaskThread "GC Thread#2" [stack: 0x0000008f68a00000,0x0000008f68b00000] [id=11124]
  0x0000020890449150 GCTaskThread "GC Thread#3" [stack: 0x0000008f68b00000,0x0000008f68c00000] [id=1688]
  0x0000020891663e90 GCTaskThread "GC Thread#4" [stack: 0x0000008f68c00000,0x0000008f68d00000] [id=5100]
  0x0000020890d7ba70 GCTaskThread "GC Thread#5" [stack: 0x0000008f68d00000,0x0000008f68e00000] [id=17028]
  0x0000020891800320 GCTaskThread "GC Thread#6" [stack: 0x0000008f67600000,0x0000008f67700000] [id=20604]
  0x00000208918018a0 GCTaskThread "GC Thread#7" [stack: 0x0000008f69100000,0x0000008f69200000] [id=2636]
  0x0000020891800880 GCTaskThread "GC Thread#8" [stack: 0x0000008f69200000,0x0000008f69300000] [id=2216]
  0x0000020891800b30 GCTaskThread "GC Thread#9" [stack: 0x0000008f69300000,0x0000008f69400000] [id=18324]
  0x00000208ec8aa210 ConcurrentGCThread "G1 Main Marker" terminated
  0x00000208ec8ad040 ConcurrentGCThread "G1 Conc#0" [stack: 0x0000008f66700000,0x0000008f66800000] [id=21944]
  0x000002088f3924c0 ConcurrentGCThread "G1 Refine#0" terminated
  0x00000208ec92d8b0 ConcurrentGCThread "G1 Service" terminated

Threads with active compile tasks:

VM state: at safepoint (shutting down)

VM Mutex/Monitor currently owned by a thread:  ([mutex/lock_event])
[0x00000208ec849590] Threads_lock - owner thread: 0x000002088f4d8560
[0x00000208ec848930] Heap_lock - owner thread: 0x00000208919ff420

Heap address: 0x000000070a000000, size: 3936 MB, Compressed Oops mode: Zero based, Oop shift amount: 3

CDS archive(s) mapped at: [0x0000000800000000-0x0000000800bc0000-0x0000000800bc0000), size 12320768, SharedBaseAddress: 0x0000000800000000, ArchiveRelocationMode: 0.
Compressed class space mapped at: 0x0000000800c00000-0x0000000840c00000, reserved size: 1073741824
Narrow klass base: 0x0000000800000000, Narrow klass shift: 0, Narrow klass range: 0x100000000

GC Precious Log:
 CPUs: 12 total, 12 available
 Memory: 15741M
 Large Page Support: Disabled
 NUMA Support: Disabled
 Compressed Oops: Enabled (Zero based)
 Heap Region Size: 2M
 Heap Min Capacity: 8M
 Heap Initial Capacity: 246M
 Heap Max Capacity: 3936M
 Pre-touch: Disabled
 Parallel Workers: 10
 Concurrent Workers: 3
 Concurrent Refinement Workers: 10
 Periodic GC: Disabled

Heap:
 garbage-first heap   total 251904K, used 44010K [0x000000070a000000, 0x0000000800000000)
  region size 2048K, 20 young (40960K), 3 survivors (6144K)
 Metaspace       used 20443K, committed 20736K, reserved 1073152K
  class space    used 2830K, committed 3008K, reserved 1048576K

Heap Regions: E=young(eden), S=young(survivor), O=old, HS=humongous(starts), HC=humongous(continues), CS=collection set, F=free, OA=open archive, CA=closed archive, TAMS=top-at-mark-start (previous, next)
|   0|0x000000070a000000, 0x000000070a200000, 0x000000070a200000|100%|HS|  |TAMS 0x000000070a000000, 0x000000070a000000| Complete 
|   1|0x000000070a200000, 0x000000070a2faa00, 0x000000070a400000| 48%| O|  |TAMS 0x000000070a200000, 0x000000070a200000| Untracked 
|   2|0x000000070a400000, 0x000000070a600000, 0x000000070a600000|100%|HS|  |TAMS 0x000000070a400000, 0x000000070a400000| Complete 
|   3|0x000000070a600000, 0x000000070a600000, 0x000000070a800000|  0%| F|  |TAMS 0x000000070a600000, 0x000000070a600000| Untracked 
|   4|0x000000070a800000, 0x000000070a800000, 0x000000070aa00000|  0%| F|  |TAMS 0x000000070a800000, 0x000000070a800000| Untracked 
|   5|0x000000070aa00000, 0x000000070aa00000, 0x000000070ac00000|  0%| F|  |TAMS 0x000000070aa00000, 0x000000070aa00000| Untracked 
|   6|0x000000070ac00000, 0x000000070ac00000, 0x000000070ae00000|  0%| F|  |TAMS 0x000000070ac00000, 0x000000070ac00000| Untracked 
|   7|0x000000070ae00000, 0x000000070ae00000, 0x000000070b000000|  0%| F|  |TAMS 0x000000070ae00000, 0x000000070ae00000| Untracked 
|   8|0x000000070b000000, 0x000000070b000000, 0x000000070b200000|  0%| F|  |TAMS 0x000000070b000000, 0x000000070b000000| Untracked 
|   9|0x000000070b200000, 0x000000070b200000, 0x000000070b400000|  0%| F|  |TAMS 0x000000070b200000, 0x000000070b200000| Untracked 
|  10|0x000000070b400000, 0x000000070b400000, 0x000000070b600000|  0%| F|  |TAMS 0x000000070b400000, 0x000000070b400000| Untracked 
|  11|0x000000070b600000, 0x000000070b600000, 0x000000070b800000|  0%| F|  |TAMS 0x000000070b600000, 0x000000070b600000| Untracked 
|  12|0x000000070b800000, 0x000000070b800000, 0x000000070ba00000|  0%| F|  |TAMS 0x000000070b800000, 0x000000070b800000| Untracked 
|  13|0x000000070ba00000, 0x000000070ba00000, 0x000000070bc00000|  0%| F|  |TAMS 0x000000070ba00000, 0x000000070ba00000| Untracked 
|  14|0x000000070bc00000, 0x000000070bc00000, 0x000000070be00000|  0%| F|  |TAMS 0x000000070bc00000, 0x000000070bc00000| Untracked 
|  15|0x000000070be00000, 0x000000070be00000, 0x000000070c000000|  0%| F|  |TAMS 0x000000070be00000, 0x000000070be00000| Untracked 
|  16|0x000000070c000000, 0x000000070c000000, 0x000000070c200000|  0%| F|  |TAMS 0x000000070c000000, 0x000000070c000000| Untracked 
|  17|0x000000070c200000, 0x000000070c200000, 0x000000070c400000|  0%| F|  |TAMS 0x000000070c200000, 0x000000070c200000| Untracked 
|  18|0x000000070c400000, 0x000000070c400000, 0x000000070c600000|  0%| F|  |TAMS 0x000000070c400000, 0x000000070c400000| Untracked 
|  19|0x000000070c600000, 0x000000070c600000, 0x000000070c800000|  0%| F|  |TAMS 0x000000070c600000, 0x000000070c600000| Untracked 
|  20|0x000000070c800000, 0x000000070c800000, 0x000000070ca00000|  0%| F|  |TAMS 0x000000070c800000, 0x000000070c800000| Untracked 
|  21|0x000000070ca00000, 0x000000070ca00000, 0x000000070cc00000|  0%| F|  |TAMS 0x000000070ca00000, 0x000000070ca00000| Untracked 
|  22|0x000000070cc00000, 0x000000070cc00000, 0x000000070ce00000|  0%| F|  |TAMS 0x000000070cc00000, 0x000000070cc00000| Untracked 
|  23|0x000000070ce00000, 0x000000070ce00000, 0x000000070d000000|  0%| F|  |TAMS 0x000000070ce00000, 0x000000070ce00000| Untracked 
|  24|0x000000070d000000, 0x000000070d000000, 0x000000070d200000|  0%| F|  |TAMS 0x000000070d000000, 0x000000070d000000| Untracked 
|  25|0x000000070d200000, 0x000000070d200000, 0x000000070d400000|  0%| F|  |TAMS 0x000000070d200000, 0x000000070d200000| Untracked 
|  26|0x000000070d400000, 0x000000070d400000, 0x000000070d600000|  0%| F|  |TAMS 0x000000070d400000, 0x000000070d400000| Untracked 
|  27|0x000000070d600000, 0x000000070d600000, 0x000000070d800000|  0%| F|  |TAMS 0x000000070d600000, 0x000000070d600000| Untracked 
|  28|0x000000070d800000, 0x000000070d800000, 0x000000070da00000|  0%| F|  |TAMS 0x000000070d800000, 0x000000070d800000| Untracked 
|  29|0x000000070da00000, 0x000000070da00000, 0x000000070dc00000|  0%| F|  |TAMS 0x000000070da00000, 0x000000070da00000| Untracked 
|  30|0x000000070dc00000, 0x000000070dc00000, 0x000000070de00000|  0%| F|  |TAMS 0x000000070dc00000, 0x000000070dc00000| Untracked 
|  31|0x000000070de00000, 0x000000070de00000, 0x000000070e000000|  0%| F|  |TAMS 0x000000070de00000, 0x000000070de00000| Untracked 
|  32|0x000000070e000000, 0x000000070e000000, 0x000000070e200000|  0%| F|  |TAMS 0x000000070e000000, 0x000000070e000000| Untracked 
|  33|0x000000070e200000, 0x000000070e200000, 0x000000070e400000|  0%| F|  |TAMS 0x000000070e200000, 0x000000070e200000| Untracked 
|  34|0x000000070e400000, 0x000000070e400000, 0x000000070e600000|  0%| F|  |TAMS 0x000000070e400000, 0x000000070e400000| Untracked 
|  35|0x000000070e600000, 0x000000070e600000, 0x000000070e800000|  0%| F|  |TAMS 0x000000070e600000, 0x000000070e600000| Untracked 
|  36|0x000000070e800000, 0x000000070e800000, 0x000000070ea00000|  0%| F|  |TAMS 0x000000070e800000, 0x000000070e800000| Untracked 
|  37|0x000000070ea00000, 0x000000070ea00000, 0x000000070ec00000|  0%| F|  |TAMS 0x000000070ea00000, 0x000000070ea00000| Untracked 
|  38|0x000000070ec00000, 0x000000070ec00000, 0x000000070ee00000|  0%| F|  |TAMS 0x000000070ec00000, 0x000000070ec00000| Untracked 
|  39|0x000000070ee00000, 0x000000070ee00000, 0x000000070f000000|  0%| F|  |TAMS 0x000000070ee00000, 0x000000070ee00000| Untracked 
|  40|0x000000070f000000, 0x000000070f000000, 0x000000070f200000|  0%| F|  |TAMS 0x000000070f000000, 0x000000070f000000| Untracked 
|  41|0x000000070f200000, 0x000000070f200000, 0x000000070f400000|  0%| F|  |TAMS 0x000000070f200000, 0x000000070f200000| Untracked 
|  42|0x000000070f400000, 0x000000070f400000, 0x000000070f600000|  0%| F|  |TAMS 0x000000070f400000, 0x000000070f400000| Untracked 
|  43|0x000000070f600000, 0x000000070f600000, 0x000000070f800000|  0%| F|  |TAMS 0x000000070f600000, 0x000000070f600000| Untracked 
|  44|0x000000070f800000, 0x000000070f800000, 0x000000070fa00000|  0%| F|  |TAMS 0x000000070f800000, 0x000000070f800000| Untracked 
|  45|0x000000070fa00000, 0x000000070fa00000, 0x000000070fc00000|  0%| F|  |TAMS 0x000000070fa00000, 0x000000070fa00000| Untracked 
|  46|0x000000070fc00000, 0x000000070fc00000, 0x000000070fe00000|  0%| F|  |TAMS 0x000000070fc00000, 0x000000070fc00000| Untracked 
|  47|0x000000070fe00000, 0x000000070fe00000, 0x0000000710000000|  0%| F|  |TAMS 0x000000070fe00000, 0x000000070fe00000| Untracked 
|  48|0x0000000710000000, 0x0000000710000000, 0x0000000710200000|  0%| F|  |TAMS 0x0000000710000000, 0x0000000710000000| Untracked 
|  49|0x0000000710200000, 0x0000000710200000, 0x0000000710400000|  0%| F|  |TAMS 0x0000000710200000, 0x0000000710200000| Untracked 
|  50|0x0000000710400000, 0x0000000710400000, 0x0000000710600000|  0%| F|  |TAMS 0x0000000710400000, 0x0000000710400000| Untracked 
|  51|0x0000000710600000, 0x0000000710600000, 0x0000000710800000|  0%| F|  |TAMS 0x0000000710600000, 0x0000000710600000| Untracked 
|  52|0x0000000710800000, 0x0000000710800000, 0x0000000710a00000|  0%| F|  |TAMS 0x0000000710800000, 0x0000000710800000| Untracked 
|  53|0x0000000710a00000, 0x0000000710a00000, 0x0000000710c00000|  0%| F|  |TAMS 0x0000000710a00000, 0x0000000710a00000| Untracked 
|  54|0x0000000710c00000, 0x0000000710c00000, 0x0000000710e00000|  0%| F|  |TAMS 0x0000000710c00000, 0x0000000710c00000| Untracked 
|  55|0x0000000710e00000, 0x0000000710e00000, 0x0000000711000000|  0%| F|  |TAMS 0x0000000710e00000, 0x0000000710e00000| Untracked 
|  56|0x0000000711000000, 0x0000000711000000, 0x0000000711200000|  0%| F|  |TAMS 0x0000000711000000, 0x0000000711000000| Untracked 
|  57|0x0000000711200000, 0x0000000711200000, 0x0000000711400000|  0%| F|  |TAMS 0x0000000711200000, 0x0000000711200000| Untracked 
|  58|0x0000000711400000, 0x0000000711400000, 0x0000000711600000|  0%| F|  |TAMS 0x0000000711400000, 0x0000000711400000| Untracked 
|  59|0x0000000711600000, 0x0000000711600000, 0x0000000711800000|  0%| F|  |TAMS 0x0000000711600000, 0x0000000711600000| Untracked 
|  60|0x0000000711800000, 0x0000000711800000, 0x0000000711a00000|  0%| F|  |TAMS 0x0000000711800000, 0x0000000711800000| Untracked 
|  61|0x0000000711a00000, 0x0000000711a00000, 0x0000000711c00000|  0%| F|  |TAMS 0x0000000711a00000, 0x0000000711a00000| Untracked 
|  62|0x0000000711c00000, 0x0000000711c00000, 0x0000000711e00000|  0%| F|  |TAMS 0x0000000711c00000, 0x0000000711c00000| Untracked 
|  63|0x0000000711e00000, 0x0000000711e00000, 0x0000000712000000|  0%| F|  |TAMS 0x0000000711e00000, 0x0000000711e00000| Untracked 
|  64|0x0000000712000000, 0x0000000712000000, 0x0000000712200000|  0%| F|  |TAMS 0x0000000712000000, 0x0000000712000000| Untracked 
|  65|0x0000000712200000, 0x0000000712200000, 0x0000000712400000|  0%| F|  |TAMS 0x0000000712200000, 0x0000000712200000| Untracked 
|  66|0x0000000712400000, 0x0000000712400000, 0x0000000712600000|  0%| F|  |TAMS 0x0000000712400000, 0x0000000712400000| Untracked 
|  67|0x0000000712600000, 0x0000000712600000, 0x0000000712800000|  0%| F|  |TAMS 0x0000000712600000, 0x0000000712600000| Untracked 
|  68|0x0000000712800000, 0x0000000712800000, 0x0000000712a00000|  0%| F|  |TAMS 0x0000000712800000, 0x0000000712800000| Untracked 
|  69|0x0000000712a00000, 0x0000000712a00000, 0x0000000712c00000|  0%| F|  |TAMS 0x0000000712a00000, 0x0000000712a00000| Untracked 
|  70|0x0000000712c00000, 0x0000000712c00000, 0x0000000712e00000|  0%| F|  |TAMS 0x0000000712c00000, 0x0000000712c00000| Untracked 
|  71|0x0000000712e00000, 0x0000000712e00000, 0x0000000713000000|  0%| F|  |TAMS 0x0000000712e00000, 0x0000000712e00000| Untracked 
|  72|0x0000000713000000, 0x0000000713000000, 0x0000000713200000|  0%| F|  |TAMS 0x0000000713000000, 0x0000000713000000| Untracked 
|  73|0x0000000713200000, 0x0000000713200000, 0x0000000713400000|  0%| F|  |TAMS 0x0000000713200000, 0x0000000713200000| Untracked 
|  74|0x0000000713400000, 0x0000000713400000, 0x0000000713600000|  0%| F|  |TAMS 0x0000000713400000, 0x0000000713400000| Untracked 
|  75|0x0000000713600000, 0x0000000713600000, 0x0000000713800000|  0%| F|  |TAMS 0x0000000713600000, 0x0000000713600000| Untracked 
|  76|0x0000000713800000, 0x0000000713800000, 0x0000000713a00000|  0%| F|  |TAMS 0x0000000713800000, 0x0000000713800000| Untracked 
|  77|0x0000000713a00000, 0x0000000713a00000, 0x0000000713c00000|  0%| F|  |TAMS 0x0000000713a00000, 0x0000000713a00000| Untracked 
|  78|0x0000000713c00000, 0x0000000713c00000, 0x0000000713e00000|  0%| F|  |TAMS 0x0000000713c00000, 0x0000000713c00000| Untracked 
|  79|0x0000000713e00000, 0x0000000713e00000, 0x0000000714000000|  0%| F|  |TAMS 0x0000000713e00000, 0x0000000713e00000| Untracked 
|  80|0x0000000714000000, 0x0000000714000000, 0x0000000714200000|  0%| F|  |TAMS 0x0000000714000000, 0x0000000714000000| Untracked 
|  81|0x0000000714200000, 0x0000000714200000, 0x0000000714400000|  0%| F|  |TAMS 0x0000000714200000, 0x0000000714200000| Untracked 
|  82|0x0000000714400000, 0x0000000714400000, 0x0000000714600000|  0%| F|  |TAMS 0x0000000714400000, 0x0000000714400000| Untracked 
|  83|0x0000000714600000, 0x0000000714600000, 0x0000000714800000|  0%| F|  |TAMS 0x0000000714600000, 0x0000000714600000| Untracked 
|  84|0x0000000714800000, 0x0000000714800000, 0x0000000714a00000|  0%| F|  |TAMS 0x0000000714800000, 0x0000000714800000| Untracked 
|  85|0x0000000714a00000, 0x0000000714a00000, 0x0000000714c00000|  0%| F|  |TAMS 0x0000000714a00000, 0x0000000714a00000| Untracked 
|  86|0x0000000714c00000, 0x0000000714c00000, 0x0000000714e00000|  0%| F|  |TAMS 0x0000000714c00000, 0x0000000714c00000| Untracked 
|  87|0x0000000714e00000, 0x0000000714e00000, 0x0000000715000000|  0%| F|  |TAMS 0x0000000714e00000, 0x0000000714e00000| Untracked 
|  88|0x0000000715000000, 0x0000000715000000, 0x0000000715200000|  0%| F|  |TAMS 0x0000000715000000, 0x0000000715000000| Untracked 
|  89|0x0000000715200000, 0x0000000715200000, 0x0000000715400000|  0%| F|  |TAMS 0x0000000715200000, 0x0000000715200000| Untracked 
|  90|0x0000000715400000, 0x0000000715400000, 0x0000000715600000|  0%| F|  |TAMS 0x0000000715400000, 0x0000000715400000| Untracked 
|  91|0x0000000715600000, 0x0000000715600000, 0x0000000715800000|  0%| F|  |TAMS 0x0000000715600000, 0x0000000715600000| Untracked 
|  92|0x0000000715800000, 0x0000000715800000, 0x0000000715a00000|  0%| F|  |TAMS 0x0000000715800000, 0x0000000715800000| Untracked 
|  93|0x0000000715a00000, 0x0000000715a00000, 0x0000000715c00000|  0%| F|  |TAMS 0x0000000715a00000, 0x0000000715a00000| Untracked 
|  94|0x0000000715c00000, 0x0000000715c00000, 0x0000000715e00000|  0%| F|  |TAMS 0x0000000715c00000, 0x0000000715c00000| Untracked 
|  95|0x0000000715e00000, 0x0000000715e00000, 0x0000000716000000|  0%| F|  |TAMS 0x0000000715e00000, 0x0000000715e00000| Untracked 
|  96|0x0000000716000000, 0x0000000716000000, 0x0000000716200000|  0%| F|  |TAMS 0x0000000716000000, 0x0000000716000000| Untracked 
|  97|0x0000000716200000, 0x0000000716200000, 0x0000000716400000|  0%| F|  |TAMS 0x0000000716200000, 0x0000000716200000| Untracked 
|  98|0x0000000716400000, 0x0000000716400000, 0x0000000716600000|  0%| F|  |TAMS 0x0000000716400000, 0x0000000716400000| Untracked 
|  99|0x0000000716600000, 0x0000000716600000, 0x0000000716800000|  0%| F|  |TAMS 0x0000000716600000, 0x0000000716600000| Untracked 
| 100|0x0000000716800000, 0x0000000716800000, 0x0000000716a00000|  0%| F|  |TAMS 0x0000000716800000, 0x0000000716800000| Untracked 
| 101|0x0000000716a00000, 0x0000000716c00000, 0x0000000716c00000|100%| S|CS|TAMS 0x0000000716a00000, 0x0000000716a00000| Complete 
| 102|0x0000000716c00000, 0x0000000716e00000, 0x0000000716e00000|100%| S|CS|TAMS 0x0000000716c00000, 0x0000000716c00000| Complete 
| 103|0x0000000716e00000, 0x0000000717000000, 0x0000000717000000|100%| S|CS|TAMS 0x0000000716e00000, 0x0000000716e00000| Complete 
| 104|0x0000000717000000, 0x0000000717000000, 0x0000000717200000|  0%| F|  |TAMS 0x0000000717000000, 0x0000000717000000| Untracked 
| 105|0x0000000717200000, 0x0000000717200000, 0x0000000717400000|  0%| F|  |TAMS 0x0000000717200000, 0x0000000717200000| Untracked 
| 106|0x0000000717400000, 0x00000007174ef730, 0x0000000717600000| 46%| E|  |TAMS 0x0000000717400000, 0x0000000717400000| Complete 
| 107|0x0000000717600000, 0x0000000717800000, 0x0000000717800000|100%| E|CS|TAMS 0x0000000717600000, 0x0000000717600000| Complete 
| 108|0x0000000717800000, 0x0000000717a00000, 0x0000000717a00000|100%| E|CS|TAMS 0x0000000717800000, 0x0000000717800000| Complete 
| 109|0x0000000717a00000, 0x0000000717c00000, 0x0000000717c00000|100%| E|CS|TAMS 0x0000000717a00000, 0x0000000717a00000| Complete 
| 110|0x0000000717c00000, 0x0000000717e00000, 0x0000000717e00000|100%| E|CS|TAMS 0x0000000717c00000, 0x0000000717c00000| Complete 
| 111|0x0000000717e00000, 0x0000000718000000, 0x0000000718000000|100%| E|CS|TAMS 0x0000000717e00000, 0x0000000717e00000| Complete 
| 112|0x0000000718000000, 0x0000000718200000, 0x0000000718200000|100%| E|CS|TAMS 0x0000000718000000, 0x0000000718000000| Complete 
| 113|0x0000000718200000, 0x0000000718400000, 0x0000000718400000|100%| E|CS|TAMS 0x0000000718200000, 0x0000000718200000| Complete 
| 114|0x0000000718400000, 0x0000000718600000, 0x0000000718600000|100%| E|CS|TAMS 0x0000000718400000, 0x0000000718400000| Complete 
| 115|0x0000000718600000, 0x0000000718800000, 0x0000000718800000|100%| E|CS|TAMS 0x0000000718600000, 0x0000000718600000| Complete 
| 116|0x0000000718800000, 0x0000000718a00000, 0x0000000718a00000|100%| E|CS|TAMS 0x0000000718800000, 0x0000000718800000| Complete 
| 117|0x0000000718a00000, 0x0000000718c00000, 0x0000000718c00000|100%| E|CS|TAMS 0x0000000718a00000, 0x0000000718a00000| Complete 
| 118|0x0000000718c00000, 0x0000000718e00000, 0x0000000718e00000|100%| E|CS|TAMS 0x0000000718c00000, 0x0000000718c00000| Complete 
| 119|0x0000000718e00000, 0x0000000719000000, 0x0000000719000000|100%| E|CS|TAMS 0x0000000718e00000, 0x0000000718e00000| Complete 
| 120|0x0000000719000000, 0x0000000719200000, 0x0000000719200000|100%| E|CS|TAMS 0x0000000719000000, 0x0000000719000000| Complete 
| 121|0x0000000719200000, 0x0000000719400000, 0x0000000719400000|100%| E|CS|TAMS 0x0000000719200000, 0x0000000719200000| Complete 
| 122|0x0000000719400000, 0x0000000719600000, 0x0000000719600000|100%| E|CS|TAMS 0x0000000719400000, 0x0000000719400000| Complete 

Card table byte_map: [0x00000208f4d50000,0x00000208f5500000] _byte_map_base: 0x00000208f1500000

Marking Bits (Prev, Next): (CMBitMap*) 0x00000208ec89a2e0, (CMBitMap*) 0x00000208ec89a320
 Prev Bits: [0x00000208f5cb0000, 0x00000208f9a30000)
 Next Bits: [0x00000208f9a30000, 0x00000208fd7b0000)

Polling page: 0x00000208ea850000

Metaspace:

Usage:
  Non-class:     17.20 MB used.
      Class:      2.76 MB used.
       Both:     19.96 MB used.

Virtual space:
  Non-class space:       24.00 MB reserved,      17.31 MB ( 72%) committed,  3 nodes.
      Class space:        1.00 GB reserved,       2.94 MB ( <1%) committed,  1 nodes.
             Both:        1.02 GB reserved,      20.25 MB (  2%) committed. 

Chunk freelists:
   Non-Class:  2.12 MB
       Class:  951.00 KB
        Both:  3.05 MB

MaxMetaspaceSize: unlimited
CompressedClassSpaceSize: 1.00 GB
Initial GC threshold: 21.00 MB
Current GC threshold: 21.00 MB
CDS: on
MetaspaceReclaimPolicy: balanced
 - commit_granule_bytes: 65536.
 - commit_granule_words: 8192.
 - virtual_space_node_default_size: 1048576.
 - enlarge_chunks_in_place: 1.
 - new_chunks_are_fully_committed: 0.
 - uncommit_free_chunks: 1.
 - use_allocation_guard: 0.
 - handle_deallocations: 1.


Internal statistics:

num_allocs_failed_limit: 0.
num_arena_births: 228.
num_arena_deaths: 0.
num_vsnodes_births: 4.
num_vsnodes_deaths: 0.
num_space_committed: 324.
num_space_uncommitted: 0.
num_chunks_returned_to_freelist: 0.
num_chunks_taken_from_freelist: 882.
num_chunk_merges: 0.
num_chunk_splits: 627.
num_chunks_enlarged: 495.
num_purges: 0.
num_inconsistent_stats: 0.

CodeHeap 'non-profiled nmethods': size=120000Kb used=1490Kb max_used=1490Kb free=118509Kb
 bounds [0x0000020887ad0000, 0x0000020887d40000, 0x000002088f000000]
CodeHeap 'profiled nmethods': size=120000Kb used=6432Kb max_used=6432Kb free=113568Kb
 bounds [0x00000208805a0000, 0x0000020880bf0000, 0x0000020887ad0000]
CodeHeap 'non-nmethods': size=5760Kb used=1469Kb max_used=1519Kb free=4290Kb
 bounds [0x0000020880000000, 0x0000020880270000, 0x00000208805a0000]
 total_blobs=4237 nmethods=3393 adapters=755
 compilation: enabled
              stopped_count=0, restarted_count=0
 full_count=0

Compilation events (20 events):
Event: 23.302 Thread 0x000002088f4fd480 3384       3       com.sun.javafx.tk.quantum.GlassViewEventHandler::mouseEventButton (60 bytes)
Event: 23.302 Thread 0x000002088f4fd480 nmethod 3384 0x0000020880be5010 code [0x0000020880be51e0, 0x0000020880be54b8]
Event: 23.302 Thread 0x000002088f4fd480 3385       3       java.util.EnumMap$Values::iterator (12 bytes)
Event: 23.302 Thread 0x000002088f4fd480 nmethod 3385 0x0000020880be5590 code [0x0000020880be5740, 0x0000020880be5a98]
Event: 23.302 Thread 0x000002088f4fd480 3386       3       java.util.EnumMap$ValueIterator::<init> (11 bytes)
Event: 23.303 Thread 0x000002088f4fd480 nmethod 3386 0x0000020880be5b90 code [0x0000020880be5d40, 0x0000020880be5fd8]
Event: 23.303 Thread 0x000002088f4fd480 3387       3       java.util.EnumMap$EnumMapIterator::<init> (20 bytes)
Event: 23.303 Thread 0x000002088f4fd480 nmethod 3387 0x0000020880be6110 code [0x0000020880be62a0, 0x0000020880be6478]
Event: 58.251 Thread 0x000002088f4fd480 3388       3       com.sun.javafx.stage.WindowCloseRequestHandler::dispatchBubblingEvent (23 bytes)
Event: 58.251 Thread 0x000002088f4fd480 nmethod 3388 0x0000020880be6510 code [0x0000020880be66e0, 0x0000020880be6ab8]
Event: 58.251 Thread 0x000002088f4fd480 3389       3       com.sun.javafx.event.BasicEventDispatcher::dispatchBubblingEvent (2 bytes)
Event: 58.251 Thread 0x000002088f4fd480 nmethod 3389 0x0000020880be6c10 code [0x0000020880be6da0, 0x0000020880be6eb8]
Event: 58.305 Thread 0x000002088f4fd480 3390       3       com.sun.javafx.scene.KeyboardShortcutsHandler::dispatchBubblingEvent (60 bytes)
Event: 58.306 Thread 0x000002088f4fd480 nmethod 3390 0x0000020880be6f90 code [0x0000020880be7180, 0x0000020880be7888]
Event: 58.382 Thread 0x000002088f4f95d0 3391       4       javafx.scene.Node::getLocalBounds (162 bytes)
Event: 58.392 Thread 0x000002088f4f95d0 nmethod 3391 0x0000020887c42390 code [0x0000020887c42620, 0x0000020887c43350]
Event: 60.236 Thread 0x000002088f4f95d0 3392       4       com.sun.javafx.event.EventHandlerManager::dispatchBubblingEvent (41 bytes)
Event: 60.241 Thread 0x000002088f4f95d0 nmethod 3392 0x0000020887c43c10 code [0x0000020887c43e00, 0x0000020887c44300]
Event: 65.145 Thread 0x000002088f4fd480 3393       3       javafx.beans.property.ReadOnlyBooleanWrapper$ReadOnlyPropertyImpl::get (8 bytes)
Event: 65.145 Thread 0x000002088f4fd480 nmethod 3393 0x0000020880be7a10 code [0x0000020880be7bc0, 0x0000020880be7ee8]

GC Heap History (4 events):
Event: 0.549 GC heap before
{Heap before GC invocations=0 (full 0):
 garbage-first heap   total 251904K, used 22528K [0x000000070a000000, 0x0000000800000000)
  region size 2048K, 11 young (22528K), 0 survivors (0K)
 Metaspace       used 4834K, committed 4992K, reserved 1056768K
  class space    used 564K, committed 640K, reserved 1048576K
}
Event: 0.552 GC heap after
{Heap after GC invocations=1 (full 0):
 garbage-first heap   total 251904K, used 2847K [0x000000070a000000, 0x0000000800000000)
  region size 2048K, 2 young (4096K), 2 survivors (4096K)
 Metaspace       used 4834K, committed 4992K, reserved 1056768K
  class space    used 564K, committed 640K, reserved 1048576K
}
Event: 2.513 GC heap before
{Heap before GC invocations=1 (full 0):
 garbage-first heap   total 251904K, used 39711K [0x000000070a000000, 0x0000000800000000)
  region size 2048K, 19 young (38912K), 2 survivors (4096K)
 Metaspace       used 13989K, committed 14208K, reserved 1064960K
  class space    used 1887K, committed 1984K, reserved 1048576K
}
Event: 2.517 GC heap after
{Heap after GC invocations=2 (full 0):
 garbage-first heap   total 251904K, used 9194K [0x000000070a000000, 0x0000000800000000)
  region size 2048K, 3 young (6144K), 3 survivors (6144K)
 Metaspace       used 13989K, committed 14208K, reserved 1064960K
  class space    used 1887K, committed 1984K, reserved 1048576K
}

Deoptimization events (20 events):
Event: 4.462 Thread 0x0000020890e090a0 Uncommon trap: trap_request=0xffffffc6 fr.pc=0x0000020887c0290c relative=0x00000000000009ec
Event: 4.462 Thread 0x0000020890e090a0 Uncommon trap: reason=bimorphic_or_optimized_type_check action=maybe_recompile pc=0x0000020887c0290c method=javafx.beans.property.DoublePropertyBase.get()D @ 23 c2
Event: 4.462 Thread 0x0000020890e090a0 DEOPT PACKING pc=0x0000020887c0290c sp=0x0000008f67ef9ae0
Event: 4.462 Thread 0x0000020890e090a0 DEOPT UNPACKING pc=0x00000208800523a3 sp=0x0000008f67ef9990 mode 2
Event: 4.462 Thread 0x0000020890e090a0 Uncommon trap: trap_request=0xffffffc6 fr.pc=0x0000020887c0290c relative=0x00000000000009ec
Event: 4.462 Thread 0x0000020890e090a0 Uncommon trap: reason=bimorphic_or_optimized_type_check action=maybe_recompile pc=0x0000020887c0290c method=javafx.beans.property.DoublePropertyBase.get()D @ 23 c2
Event: 4.462 Thread 0x0000020890e090a0 DEOPT PACKING pc=0x0000020887c0290c sp=0x0000008f67ef9ae0
Event: 4.462 Thread 0x0000020890e090a0 DEOPT UNPACKING pc=0x00000208800523a3 sp=0x0000008f67ef9990 mode 2
Event: 4.462 Thread 0x0000020890e090a0 Uncommon trap: trap_request=0xffffffc6 fr.pc=0x0000020887c0290c relative=0x00000000000009ec
Event: 4.462 Thread 0x0000020890e090a0 Uncommon trap: reason=bimorphic_or_optimized_type_check action=maybe_recompile pc=0x0000020887c0290c method=javafx.beans.property.DoublePropertyBase.get()D @ 23 c2
Event: 4.462 Thread 0x0000020890e090a0 DEOPT PACKING pc=0x0000020887c0290c sp=0x0000008f67ef9a90
Event: 4.462 Thread 0x0000020890e090a0 DEOPT UNPACKING pc=0x00000208800523a3 sp=0x0000008f67ef9940 mode 2
Event: 4.462 Thread 0x0000020890e090a0 Uncommon trap: trap_request=0xffffffc6 fr.pc=0x0000020887c0290c relative=0x00000000000009ec
Event: 4.462 Thread 0x0000020890e090a0 Uncommon trap: reason=bimorphic_or_optimized_type_check action=maybe_recompile pc=0x0000020887c0290c method=javafx.beans.property.DoublePropertyBase.get()D @ 23 c2
Event: 4.462 Thread 0x0000020890e090a0 DEOPT PACKING pc=0x0000020887c0290c sp=0x0000008f67ef9ae0
Event: 4.462 Thread 0x0000020890e090a0 DEOPT UNPACKING pc=0x00000208800523a3 sp=0x0000008f67ef9990 mode 2
Event: 4.463 Thread 0x0000020890e090a0 Uncommon trap: trap_request=0xffffffc6 fr.pc=0x0000020887be5f94 relative=0x0000000000000134
Event: 4.463 Thread 0x0000020890e090a0 Uncommon trap: reason=bimorphic_or_optimized_type_check action=maybe_recompile pc=0x0000020887be5f94 method=javafx.beans.property.DoublePropertyBase.get()D @ 23 c2
Event: 4.463 Thread 0x0000020890e090a0 DEOPT PACKING pc=0x0000020887be5f94 sp=0x0000008f67ef99f0
Event: 4.463 Thread 0x0000020890e090a0 DEOPT UNPACKING pc=0x00000208800523a3 sp=0x0000008f67ef9980 mode 2

Classes unloaded (0 events):
No events

Classes redefined (0 events):
No events

Internal exceptions (20 events):
Event: 0.921 Thread 0x0000020890e090a0 Exception <a 'java/lang/NoSuchMethodError'{0x0000000717bd2250}: 'java.lang.Object java.lang.invoke.DirectMethodHandle$Holder.newInvokeSpecial(java.lang.Object, java.lang.Object, int)'> (0x0000000717bd2250) 
thrown [t:\workspace\open\src\hotspot\share\interpreter\linkResolver.cpp, line 766]
Event: 0.941 Thread 0x0000020890e03ea0 Exception <a 'java/lang/NoSuchMethodError'{0x000000071787bc80}: 'int java.lang.invoke.DirectMethodHandle$Holder.invokeStaticInit(java.lang.Object, java.lang.Object)'> (0x000000071787bc80) 
thrown [t:\workspace\open\src\hotspot\share\interpreter\linkResolver.cpp, line 766]
Event: 2.219 Thread 0x0000020890e090a0 Exception <a 'java/lang/NoSuchMethodError'{0x000000071758de08}: 'long java.lang.invoke.DirectMethodHandle$Holder.invokeStatic(java.lang.Object, java.lang.Object, java.lang.Object)'> (0x000000071758de08) 
thrown [t:\workspace\open\src\hotspot\share\interpreter\linkResolver.cpp, line 766]
Event: 2.219 Thread 0x0000020890e090a0 Exception <a 'java/lang/NoSuchMethodError'{0x00000007175915b0}: 'long java.lang.invoke.DirectMethodHandle$Holder.invokeStaticInit(java.lang.Object, java.lang.Object, java.lang.Object)'> (0x00000007175915b0) 
thrown [t:\workspace\open\src\hotspot\share\interpreter\linkResolver.cpp, line 766]
Event: 2.221 Thread 0x0000020890e090a0 Exception <a 'java/lang/NoSuchMethodError'{0x00000007175a91b8}: 'java.lang.Object java.lang.invoke.DirectMethodHandle$Holder.newInvokeSpecial(java.lang.Object, java.lang.Object, long)'> (0x00000007175a91b8) 
thrown [t:\workspace\open\src\hotspot\share\interpreter\linkResolver.cpp, line 766]
Event: 2.221 Thread 0x0000020890e090a0 Exception <a 'java/lang/NoSuchMethodError'{0x00000007175acd28}: 'java.lang.Object java.lang.invoke.Invokers$Holder.linkToTargetMethod(java.lang.Object, long, java.lang.Object)'> (0x00000007175acd28) 
thrown [t:\workspace\open\src\hotspot\share\interpreter\linkResolver.cpp, line 766]
Event: 2.489 Thread 0x0000020890e090a0 Exception <a 'sun/nio/fs/WindowsException'{0x00000007170378d8}> (0x00000007170378d8) 
thrown [t:\workspace\open\src\hotspot\share\prims\jni.cpp, line 516]
Event: 2.507 Thread 0x0000020890e090a0 Exception <a 'java/lang/NoSuchMethodError'{0x0000000717172750}: 'java.lang.Object java.lang.invoke.DirectMethodHandle$Holder.invokeVirtual(java.lang.Object, java.lang.Object, java.lang.Object)'> (0x0000000717172750) 
thrown [t:\workspace\open\src\hotspot\share\interpreter\linkResolver.cpp, line 766]
Event: 2.633 Thread 0x0000020890e090a0 Implicit null exception at 0x0000020887b2d8f9 to 0x0000020887b2e3c0
Event: 2.634 Thread 0x0000020890e090a0 Implicit null exception at 0x0000020887b35ef6 to 0x0000020887b369d4
Event: 2.724 Thread 0x0000020890e090a0 Exception <a 'java/lang/ClassNotFoundException'{0x0000000718d8e790}: com/sun/javafx/scene/control/skin/resources/controls> (0x0000000718d8e790) 
thrown [t:\workspace\open\src\hotspot\share\prims\jni.cpp, line 535]
Event: 2.724 Thread 0x0000020890e090a0 Exception <a 'java/lang/ClassNotFoundException'{0x0000000718d9c560}: com/sun/javafx/scene/control/skin/resources/controls_ru> (0x0000000718d9c560) 
thrown [t:\workspace\open\src\hotspot\share\prims\jni.cpp, line 535]
Event: 2.725 Thread 0x0000020890e090a0 Exception <a 'java/lang/ClassNotFoundException'{0x0000000718d9d7c8}: com/sun/javafx/scene/control/skin/resources/controls_ru_RU> (0x0000000718d9d7c8) 
thrown [t:\workspace\open\src\hotspot\share\prims\jni.cpp, line 535]
Event: 2.998 Thread 0x0000020890e03ea0 Exception <a 'java/lang/NoSuchMethodError'{0x0000000717fd5b58}: 'java.lang.Object java.lang.invoke.DirectMethodHandle$Holder.invokeStaticInit(java.lang.Object, int)'> (0x0000000717fd5b58) 
thrown [t:\workspace\open\src\hotspot\share\interpreter\linkResolver.cpp, line 766]
Event: 4.376 Thread 0x0000020890e090a0 Exception <a 'sun/nio/fs/WindowsException'{0x0000000717de43d8}> (0x0000000717de43d8) 
thrown [t:\workspace\open\src\hotspot\share\prims\jni.cpp, line 516]
Event: 4.379 Thread 0x0000020890e090a0 Exception <a 'java/lang/ClassNotFoundException'{0x0000000717df46d0}: sun/util/logging/resources/spi/loggingProvider> (0x0000000717df46d0) 
thrown [t:\workspace\open\src\hotspot\share\classfile\systemDictionary.cpp, line 256]
Event: 4.433 Thread 0x0000020890e090a0 Exception <a 'java/lang/NoSuchMethodError'{0x000000071787b338}: 'void java.lang.invoke.DirectMethodHandle$Holder.invokeSpecial(java.lang.Object, java.lang.Object, java.lang.Object, java.lang.Object, java.lang.Object, java.lang.Object)'> (0x000000071787b338) 
thrown [t:\workspace\open\src\hotspot\share\interpreter\linkResolver.cpp, line 766]
Event: 15.453 Thread 0x0000020890e090a0 Exception <a 'java/lang/NoSuchMethodError'{0x00000007176025e8}: 'java.lang.Object java.lang.invoke.DirectMethodHandle$Holder.newInvokeSpecial(java.lang.Object, java.lang.Object, int, int, int, int, int, java.lang.Object)'> (0x00000007176025e8) 
thrown [t:\workspace\open\src\hotspot\share\interpreter\linkResolver.cpp, line 766]
Event: 15.454 Thread 0x0000020890e090a0 Exception <a 'java/lang/NoSuchMethodError'{0x0000000717616068}: 'java.lang.Object java.lang.invoke.DirectMethodHandle$Holder.newInvokeSpecial(java.lang.Object, java.lang.Object, java.lang.Object, int, int, int, int, int)'> (0x0000000717616068) 
thrown [t:\workspace\open\src\hotspot\share\interpreter\linkResolver.cpp, line 766]
Event: 15.454 Thread 0x0000020890e090a0 Exception <a 'java/lang/NoSuchMethodError'{0x000000071761e368}: 'java.lang.Object java.lang.invoke.Invokers$Holder.linkToTargetMethod(java.lang.Object, java.lang.Object, int, int, int, int, int, java.lang.Object)'> (0x000000071761e368) 
thrown [t:\workspace\open\src\hotspot\share\interpreter\linkResolver.cpp, line 766]

VM Operations (20 events):
Event: 9.388 Executing VM operation: Cleanup done
Event: 10.388 Executing VM operation: Cleanup
Event: 10.389 Executing VM operation: Cleanup done
Event: 14.390 Executing VM operation: Cleanup
Event: 14.390 Executing VM operation: Cleanup done
Event: 16.391 Executing VM operation: Cleanup
Event: 16.391 Executing VM operation: Cleanup done
Event: 17.391 Executing VM operation: Cleanup
Event: 17.391 Executing VM operation: Cleanup done
Event: 19.393 Executing VM operation: Cleanup
Event: 19.393 Executing VM operation: Cleanup done
Event: 21.394 Executing VM operation: Cleanup
Event: 21.394 Executing VM operation: Cleanup done
Event: 22.395 Executing VM operation: Cleanup
Event: 22.395 Executing VM operation: Cleanup done
Event: 23.395 Executing VM operation: Cleanup
Event: 23.396 Executing VM operation: Cleanup done
Event: 28.398 Executing VM operation: Cleanup
Event: 28.398 Executing VM operation: Cleanup done
Event: 67.955 Executing VM operation: Exit

Events (20 events):
Event: 4.380 loading class sun/util/logging/resources/logging_ru_RU
Event: 4.380 loading class sun/util/logging/resources/logging_ru_RU done
Event: 4.380 loading class sun/util/logging/resources/logging_ru_RU
Event: 4.380 loading class sun/util/logging/resources/logging_ru_RU done
Event: 4.380 loading class java/util/Formatter$DateTime
Event: 4.380 loading class java/util/Formatter$DateTime done
Event: 4.380 loading class java/time/ZonedDateTime$1
Event: 4.380 loading class java/time/ZonedDateTime$1 done
Event: 4.382 Thread 0x0000020891a8e030 Thread added: 0x0000020891a8e030
Event: 4.618 Thread 0x0000020891a8e030 Thread exited: 0x0000020891a8e030
Event: 19.756 loading class java/text/StringCharacterIterator
Event: 19.756 loading class java/text/StringCharacterIterator done
Event: 67.954 loading class jdk/internal/misc/Signal$1
Event: 67.954 loading class jdk/internal/misc/Signal$1 done
Event: 67.954 Thread 0x00000208919ff420 Thread added: 0x00000208919ff420
Event: 67.954 Thread 0x00000208919ff8f0 Thread added: 0x00000208919ff8f0
Event: 67.954 Thread 0x00000208919ffdc0 Thread added: 0x00000208919ffdc0
Event: 67.955 Thread 0x00000208919ff8f0 Thread exited: 0x00000208919ff8f0
Event: 67.955 Thread 0x00000208919ffdc0 Thread exited: 0x00000208919ffdc0
Event: 67.955 Thread 0x000002088f4f4f90 Thread exited: 0x000002088f4f4f90


Dynamic libraries:
0x00007ff753600000 - 0x00007ff75360e000 	C:\Users\Карина\.jdks\openjdk-17\bin\java.exe
0x00007ffd26410000 - 0x00007ffd26608000 	C:\Windows\SYSTEM32\ntdll.dll
0x00007ffd25570000 - 0x00007ffd2562d000 	C:\Windows\System32\KERNEL32.DLL
0x00007ffd24000000 - 0x00007ffd242ce000 	C:\Windows\System32\KERNELBASE.dll
0x00007ffd23f00000 - 0x00007ffd24000000 	C:\Windows\System32\ucrtbase.dll
0x00007ffd137f0000 - 0x00007ffd1380a000 	C:\Users\Карина\.jdks\openjdk-17\bin\VCRUNTIME140.dll
0x00007ffd139b0000 - 0x00007ffd139c8000 	C:\Users\Карина\.jdks\openjdk-17\bin\jli.dll
0x00007ffd25890000 - 0x00007ffd25a30000 	C:\Windows\System32\USER32.dll
0x00007ffd242d0000 - 0x00007ffd242f2000 	C:\Windows\System32\win32u.dll
0x00007ffd0efe0000 - 0x00007ffd0f27a000 	C:\Windows\WinSxS\amd64_microsoft.windows.common-controls_6595b64144ccf1df_6.0.19041.1110_none_60b5254171f9507e\COMCTL32.dll
0x00007ffd25b40000 - 0x00007ffd25b6a000 	C:\Windows\System32\GDI32.dll
0x00007ffd25d40000 - 0x00007ffd25dde000 	C:\Windows\System32\msvcrt.dll
0x00007ffd23b30000 - 0x00007ffd23c3b000 	C:\Windows\System32\gdi32full.dll
0x00007ffd23c40000 - 0x00007ffd23cdd000 	C:\Windows\System32\msvcp_win.dll
0x00007ffd24470000 - 0x00007ffd244a0000 	C:\Windows\System32\IMM32.DLL
0x00007ffd1ef20000 - 0x00007ffd1ef2c000 	C:\Users\Карина\.jdks\openjdk-17\bin\vcruntime140_1.dll
0x00007ffcea410000 - 0x00007ffcea49d000 	C:\Users\Карина\.jdks\openjdk-17\bin\msvcp140.dll
0x00007ffc7add0000 - 0x00007ffc7b98e000 	C:\Users\Карина\.jdks\openjdk-17\bin\server\jvm.dll
0x00007ffd25390000 - 0x00007ffd2543e000 	C:\Windows\System32\ADVAPI32.dll
0x00007ffd25a30000 - 0x00007ffd25acc000 	C:\Windows\System32\sechost.dll
0x00007ffd25700000 - 0x00007ffd25825000 	C:\Windows\System32\RPCRT4.dll
0x00007ffd25210000 - 0x00007ffd25218000 	C:\Windows\System32\PSAPI.DLL
0x00007ffd19450000 - 0x00007ffd1945a000 	C:\Windows\SYSTEM32\VERSION.dll
0x00007ffd22310000 - 0x00007ffd22337000 	C:\Windows\SYSTEM32\WINMM.dll
0x00007ffcf38b0000 - 0x00007ffcf38b9000 	C:\Windows\SYSTEM32\WSOCK32.dll
0x00007ffd25310000 - 0x00007ffd2537b000 	C:\Windows\System32\WS2_32.dll
0x00007ffd223d0000 - 0x00007ffd223e2000 	C:\Windows\SYSTEM32\kernel.appcore.dll
0x00007ffd1edd0000 - 0x00007ffd1edda000 	C:\Users\Карина\.jdks\openjdk-17\bin\jimage.dll
0x00007ffd21700000 - 0x00007ffd218e4000 	C:\Windows\SYSTEM32\DBGHELP.DLL
0x00007ffd0fe20000 - 0x00007ffd0fe4c000 	C:\Windows\SYSTEM32\dbgcore.DLL
0x00007ffd243e0000 - 0x00007ffd24462000 	C:\Windows\System32\bcryptPrimitives.dll
0x00007ffd1d990000 - 0x00007ffd1d99e000 	C:\Users\Карина\.jdks\openjdk-17\bin\instrument.dll
0x00007ffd137c0000 - 0x00007ffd137e5000 	C:\Users\Карина\.jdks\openjdk-17\bin\java.dll
0x00007ffce8b80000 - 0x00007ffce8c56000 	C:\Users\Карина\.jdks\openjdk-17\bin\svml.dll
0x00007ffd244a0000 - 0x00007ffd24be4000 	C:\Windows\System32\SHELL32.dll
0x00007ffd218f0000 - 0x00007ffd22084000 	C:\Windows\SYSTEM32\windows.storage.dll
0x00007ffd26070000 - 0x00007ffd263c4000 	C:\Windows\System32\combase.dll
0x00007ffd23520000 - 0x00007ffd23550000 	C:\Windows\SYSTEM32\Wldp.dll
0x00007ffd25630000 - 0x00007ffd256dd000 	C:\Windows\System32\SHCORE.dll
0x00007ffd251b0000 - 0x00007ffd25205000 	C:\Windows\System32\shlwapi.dll
0x00007ffd23a70000 - 0x00007ffd23a8f000 	C:\Windows\SYSTEM32\profapi.dll
0x00007ffcf91c0000 - 0x00007ffcf91d9000 	C:\Users\Карина\.jdks\openjdk-17\bin\net.dll
0x00007ffd19c50000 - 0x00007ffd19d5a000 	C:\Windows\SYSTEM32\WINHTTP.dll
0x00007ffd23220000 - 0x00007ffd2328a000 	C:\Windows\system32\mswsock.dll
0x00007ffced4a0000 - 0x00007ffced4b5000 	C:\Users\Карина\.jdks\openjdk-17\bin\nio.dll
0x00007ffced480000 - 0x00007ffced498000 	C:\Users\Карина\.jdks\openjdk-17\bin\zip.dll
0x00007ffceab30000 - 0x00007ffceab4a000 	D:\JetBrains\IntelliJ IDEA Community Edition 2021.2.2\bin\breakgen64.dll
0x000002088f7b0000 - 0x000002088f7b3000 	C:\Users\Карина\.openjfx\cache\17-ea\api-ms-win-core-console-l1-1-0.dll
0x000002088f660000 - 0x000002088f663000 	C:\Users\Карина\.openjfx\cache\17-ea\api-ms-win-core-console-l1-2-0.dll
0x000002088f7c0000 - 0x000002088f7c3000 	C:\Users\Карина\.openjfx\cache\17-ea\api-ms-win-core-datetime-l1-1-0.dll
0x000002088f670000 - 0x000002088f673000 	C:\Users\Карина\.openjfx\cache\17-ea\api-ms-win-core-debug-l1-1-0.dll
0x000002088f680000 - 0x000002088f683000 	C:\Users\Карина\.openjfx\cache\17-ea\api-ms-win-core-errorhandling-l1-1-0.dll
0x000002088f690000 - 0x000002088f694000 	C:\Users\Карина\.openjfx\cache\17-ea\api-ms-win-core-file-l1-1-0.dll
0x000002088f6a0000 - 0x000002088f6a3000 	C:\Users\Карина\.openjfx\cache\17-ea\api-ms-win-core-file-l1-2-0.dll
0x000002088f6b0000 - 0x000002088f6b3000 	C:\Users\Карина\.openjfx\cache\17-ea\api-ms-win-core-file-l2-1-0.dll
0x000002088f6c0000 - 0x000002088f6c3000 	C:\Users\Карина\.openjfx\cache\17-ea\api-ms-win-core-handle-l1-1-0.dll
0x000002088f6d0000 - 0x000002088f6d3000 	C:\Users\Карина\.openjfx\cache\17-ea\api-ms-win-core-heap-l1-1-0.dll
0x000002088f6e0000 - 0x000002088f6e3000 	C:\Users\Карина\.openjfx\cache\17-ea\api-ms-win-core-interlocked-l1-1-0.dll
0x000002088f6f0000 - 0x000002088f6f3000 	C:\Users\Карина\.openjfx\cache\17-ea\api-ms-win-core-libraryloader-l1-1-0.dll
0x000002088f700000 - 0x000002088f703000 	C:\Users\Карина\.openjfx\cache\17-ea\api-ms-win-core-localization-l1-2-0.dll
0x000002088f710000 - 0x000002088f713000 	C:\Users\Карина\.openjfx\cache\17-ea\api-ms-win-core-memory-l1-1-0.dll
0x000002088f720000 - 0x000002088f723000 	C:\Users\Карина\.openjfx\cache\17-ea\api-ms-win-core-namedpipe-l1-1-0.dll
0x000002088f730000 - 0x000002088f733000 	C:\Users\Карина\.openjfx\cache\17-ea\api-ms-win-core-processenvironment-l1-1-0.dll
0x000002088f740000 - 0x000002088f743000 	C:\Users\Карина\.openjfx\cache\17-ea\api-ms-win-core-processthreads-l1-1-0.dll
0x000002088f750000 - 0x000002088f753000 	C:\Users\Карина\.openjfx\cache\17-ea\api-ms-win-core-processthreads-l1-1-1.dll
0x000002088f760000 - 0x000002088f763000 	C:\Users\Карина\.openjfx\cache\17-ea\api-ms-win-core-profile-l1-1-0.dll
0x000002088f770000 - 0x000002088f773000 	C:\Users\Карина\.openjfx\cache\17-ea\api-ms-win-core-rtlsupport-l1-1-0.dll
0x000002088f780000 - 0x000002088f783000 	C:\Users\Карина\.openjfx\cache\17-ea\api-ms-win-core-string-l1-1-0.dll
0x000002088f790000 - 0x000002088f793000 	C:\Users\Карина\.openjfx\cache\17-ea\api-ms-win-core-synch-l1-1-0.dll
0x000002088f7a0000 - 0x000002088f7a3000 	C:\Users\Карина\.openjfx\cache\17-ea\api-ms-win-core-synch-l1-2-0.dll
0x000002088f7d0000 - 0x000002088f7d3000 	C:\Users\Карина\.openjfx\cache\17-ea\api-ms-win-core-sysinfo-l1-1-0.dll
0x000002088f7e0000 - 0x000002088f7e3000 	C:\Users\Карина\.openjfx\cache\17-ea\api-ms-win-core-timezone-l1-1-0.dll
0x000002088f7f0000 - 0x000002088f7f3000 	C:\Users\Карина\.openjfx\cache\17-ea\api-ms-win-core-util-l1-1-0.dll
0x0000020891bd0000 - 0x0000020891bd3000 	C:\Users\Карина\.openjfx\cache\17-ea\api-ms-win-crt-conio-l1-1-0.dll
0x0000020891be0000 - 0x0000020891be4000 	C:\Users\Карина\.openjfx\cache\17-ea\api-ms-win-crt-convert-l1-1-0.dll
0x0000020891bf0000 - 0x0000020891bf3000 	C:\Users\Карина\.openjfx\cache\17-ea\api-ms-win-crt-environment-l1-1-0.dll
0x0000020891c00000 - 0x0000020891c03000 	C:\Users\Карина\.openjfx\cache\17-ea\api-ms-win-crt-filesystem-l1-1-0.dll
0x0000020891c10000 - 0x0000020891c13000 	C:\Users\Карина\.openjfx\cache\17-ea\api-ms-win-crt-heap-l1-1-0.dll
0x0000020891c20000 - 0x0000020891c23000 	C:\Users\Карина\.openjfx\cache\17-ea\api-ms-win-crt-locale-l1-1-0.dll
0x0000020891c30000 - 0x0000020891c35000 	C:\Users\Карина\.openjfx\cache\17-ea\api-ms-win-crt-math-l1-1-0.dll
0x0000020891c40000 - 0x0000020891c45000 	C:\Users\Карина\.openjfx\cache\17-ea\api-ms-win-crt-multibyte-l1-1-0.dll
0x0000020891eb0000 - 0x0000020891ec0000 	C:\Users\Карина\.openjfx\cache\17-ea\api-ms-win-crt-private-l1-1-0.dll
0x0000020891ec0000 - 0x0000020891ec3000 	C:\Users\Карина\.openjfx\cache\17-ea\api-ms-win-crt-process-l1-1-0.dll
0x0000020891ed0000 - 0x0000020891ed4000 	C:\Users\Карина\.openjfx\cache\17-ea\api-ms-win-crt-runtime-l1-1-0.dll
0x0000020891ee0000 - 0x0000020891ee4000 	C:\Users\Карина\.openjfx\cache\17-ea\api-ms-win-crt-stdio-l1-1-0.dll
0x0000020891ef0000 - 0x0000020891ef4000 	C:\Users\Карина\.openjfx\cache\17-ea\api-ms-win-crt-string-l1-1-0.dll
0x0000020891f00000 - 0x0000020891f03000 	C:\Users\Карина\.openjfx\cache\17-ea\api-ms-win-crt-time-l1-1-0.dll
0x0000020891f10000 - 0x0000020891f13000 	C:\Users\Карина\.openjfx\cache\17-ea\api-ms-win-crt-utility-l1-1-0.dll
0x00007ffcafd40000 - 0x00007ffcafe3c000 	C:\Users\Карина\.openjfx\cache\17-ea\ucrtbase.dll
0x00007ffcea3f0000 - 0x00007ffcea40a000 	C:\Users\Карина\.openjfx\cache\17-ea\vcruntime140.dll
0x00007ffcfe770000 - 0x00007ffcfe77c000 	C:\Users\Карина\.openjfx\cache\17-ea\vcruntime140_1.dll
0x00007ffce7b00000 - 0x00007ffce7b8d000 	C:\Users\Карина\.openjfx\cache\17-ea\msvcp140.dll
0x00007ffce8b50000 - 0x00007ffce8b77000 	C:\Users\Карина\.openjfx\cache\17-ea\prism_d3d.dll
0x00007ffce6590000 - 0x00007ffce675f000 	C:\Windows\system32\d3d9.dll
0x00007ffd208e0000 - 0x00007ffd2090f000 	C:\Windows\SYSTEM32\dwmapi.dll
0x00007ffd206d0000 - 0x00007ffd2076e000 	C:\Windows\system32\uxtheme.dll
0x00007ffd17410000 - 0x00007ffd175eb000 	C:\Windows\System32\DriverStore\FileRepository\u0358839.inf_amd64_4febe8b5febaf786\B358480\aticfx64.dll
0x00007ffce79e0000 - 0x00007ffce7a13000 	C:\Windows\System32\DriverStore\FileRepository\u0358839.inf_amd64_4febe8b5febaf786\B358480\atiu9p64.dll
0x00007ffce2430000 - 0x00007ffce30c6000 	C:\Windows\System32\DriverStore\FileRepository\u0358839.inf_amd64_4febe8b5febaf786\B358480\atiumd64.dll
0x00007ffd25440000 - 0x00007ffd2556a000 	C:\Windows\System32\ole32.dll
0x00000000717d0000 - 0x000000007264d000 	C:\Windows\System32\DriverStore\FileRepository\u0358839.inf_amd64_4febe8b5febaf786\B358480\atiumd6a.dll
0x00007ffd238f0000 - 0x00007ffd2393b000 	C:\Windows\SYSTEM32\POWRPROF.dll
0x00007ffd238d0000 - 0x00007ffd238e2000 	C:\Windows\SYSTEM32\UMPDC.dll
0x00007ffd158b0000 - 0x00007ffd158df000 	C:\Windows\SYSTEM32\amdihk64.dll
0x00007ffce87d0000 - 0x00007ffce8812000 	C:\Users\Карина\.openjfx\cache\17-ea\glass.dll
0x00007ffd25f90000 - 0x00007ffd2606a000 	C:\Windows\System32\COMDLG32.dll
0x00007ffd24bf0000 - 0x00007ffd24cbd000 	C:\Windows\System32\OLEAUT32.dll
0x00007ffcaa000000 - 0x00007ffcaa023000 	C:\Program Files (x86)\Yandex\Punto Switcher\PSHook64.dll
0x00007ffcdfdd0000 - 0x00007ffcdff08000 	C:\ProgramData\A-Volute\A-Volute.Nahimic\Modules\Scheduled\x64\AudioDevProps2.dll
0x00007ffd25c20000 - 0x00007ffd25d35000 	C:\Windows\System32\MSCTF.dll
0x00007ffd17600000 - 0x00007ffd1763b000 	C:\Windows\SYSTEM32\dxcore.dll
0x00007ffd23eb0000 - 0x00007ffd23efe000 	C:\Windows\System32\cfgmgr32.dll
0x00007ffce87b0000 - 0x00007ffce87c4000 	C:\Users\Карина\.openjfx\cache\17-ea\javafx_font.dll
0x00007ffd21370000 - 0x00007ffd215ef000 	C:\Windows\SYSTEM32\dwrite.dll
0x00007ffd25b70000 - 0x00007ffd25c19000 	C:\Windows\System32\clbcatq.dll
0x00007ffd19030000 - 0x00007ffd191e4000 	C:\Windows\SYSTEM32\WindowsCodecs.dll
0x00007ffd24300000 - 0x00007ffd24327000 	C:\Windows\System32\bcrypt.dll
0x00007ffcf9420000 - 0x00007ffcf945e000 	C:\Windows\system32\dataexchange.dll
0x00007ffd1b6d0000 - 0x00007ffd1b8b4000 	C:\Windows\system32\dcomp.dll
0x00007ffd22090000 - 0x00007ffd222f3000 	C:\Windows\system32\d3d11.dll
0x00007ffd223f0000 - 0x00007ffd224e3000 	C:\Windows\system32\dxgi.dll
0x00007ffd1c1e0000 - 0x00007ffd1c3e0000 	C:\Windows\system32\twinapi.appcore.dll
0x00007ffcaaa00000 - 0x00007ffcaaa34000 	C:\Program Files\Common Files\Microsoft Shared\Ink\rtscom.dll
0x00007ffd00600000 - 0x00007ffd006f9000 	C:\Windows\SYSTEM32\textinputframework.dll
0x00007ffd1b8c0000 - 0x00007ffd1bc1e000 	C:\Windows\System32\CoreUIComponents.dll
0x00007ffd1df40000 - 0x00007ffd1e032000 	C:\Windows\System32\CoreMessaging.dll
0x00007ffd22800000 - 0x00007ffd22833000 	C:\Windows\SYSTEM32\ntmarta.dll
0x00007ffd1f370000 - 0x00007ffd1f4c4000 	C:\Windows\SYSTEM32\wintypes.dll

dbghelp: loaded successfully - version: 4.0.5 - missing functions: none
symbol engine: initialized successfully - sym options: 0x614 - pdb path: .;C:\Users\Карина\.jdks\openjdk-17\bin;C:\Windows\SYSTEM32;C:\Windows\WinSxS\amd64_microsoft.windows.common-controls_6595b64144ccf1df_6.0.19041.1110_none_60b5254171f9507e;C:\Users\Карина\.jdks\openjdk-17\bin\server;D:\JetBrains\IntelliJ IDEA Community Edition 2021.2.2\bin;C:\Users\Карина\.openjfx\cache\17-ea;C:\Windows\System32\DriverStore\FileRepository\u0358839.inf_amd64_4febe8b5febaf786\B358480;C:\Program Files (x86)\Yandex\Punto Switcher;C:\ProgramData\A-Volute\A-Volute.Nahimic\Modules\Scheduled\x64;C:\Program Files\Common Files\Microsoft Shared\Ink

VM Arguments:
jvm_args: -javaagent:D:\JetBrains\IntelliJ IDEA Community Edition 2021.2.2\lib\idea_rt.jar=3729:D:\JetBrains\IntelliJ IDEA Community Edition 2021.2.2\bin -Dfile.encoding=UTF-8 --module-path=C:\Users\Карина\.m2\repository\org\openjfx\javafx-controls\17-ea+11\javafx-controls-17-ea+11-win.jar;C:\Users\Карина\.m2\repository\org\openjfx\javafx-fxml\17-ea+11\javafx-fxml-17-ea+11-win.jar;C:\Users\Карина\.m2\repository\org\openjfx\javafx-base\17-ea+11\javafx-base-17-ea+11-win.jar;C:\Users\Карина\.m2\repository\org\openjfx\javafx-graphics\17-ea+11\javafx-graphics-17-ea+11-win.jar;C:\Users\Карина\.m2\repository\mysql\mysql-connector-java\8.0.25\mysql-connector-java-8.0.25.jar;D:\IdeaProjects\CourseProject\target\classes -Djdk.module.main=com.example.courseproject 
java_command: com.example.courseproject/com.example.courseproject.MyApplication
java_class_path (initial): C:\Users\Карина\.m2\repository\org\openjfx\javafx-controls\17-ea+11\javafx-controls-17-ea+11.jar;C:\Users\Карина\.m2\repository\org\openjfx\javafx-graphics\17-ea+11\javafx-graphics-17-ea+11.jar;C:\Users\Карина\.m2\repository\org\openjfx\javafx-base\17-ea+11\javafx-base-17-ea+11.jar;C:\Users\Карина\.m2\repository\org\openjfx\javafx-fxml\17-ea+11\javafx-fxml-17-ea+11.jar;C:\Users\Карина\.m2\repository\com\google\protobuf\protobuf-java\3.11.4\protobuf-java-3.11.4.jar
Launcher Type: SUN_STANDARD

[Global flags]
     intx CICompilerCount                          = 4                                         {product} {ergonomic}
     uint ConcGCThreads                            = 3                                         {product} {ergonomic}
     uint G1ConcRefinementThreads                  = 10                                        {product} {ergonomic}
   size_t G1HeapRegionSize                         = 2097152                                   {product} {ergonomic}
    uintx GCDrainStackTargetSize                   = 64                                        {product} {ergonomic}
   size_t InitialHeapSize                          = 257949696                                 {product} {ergonomic}
   size_t MarkStackSize                            = 4194304                                   {product} {ergonomic}
   size_t MaxHeapSize                              = 4127195136                                {product} {ergonomic}
   size_t MaxNewSize                               = 2474639360                                {product} {ergonomic}
   size_t MinHeapDeltaBytes                        = 2097152                                   {product} {ergonomic}
   size_t MinHeapSize                              = 8388608                                   {product} {ergonomic}
    uintx NonNMethodCodeHeapSize                   = 5839372                                {pd product} {ergonomic}
    uintx NonProfiledCodeHeapSize                  = 122909434                              {pd product} {ergonomic}
    uintx ProfiledCodeHeapSize                     = 122909434                              {pd product} {ergonomic}
    uintx ReservedCodeCacheSize                    = 251658240                              {pd product} {ergonomic}
     bool SegmentedCodeCache                       = true                                      {product} {ergonomic}
   size_t SoftMaxHeapSize                          = 4127195136                             {manageable} {ergonomic}
     bool UseCompressedClassPointers               = true                           {product lp64_product} {ergonomic}
     bool UseCompressedOops                        = true                           {product lp64_product} {ergonomic}
     bool UseG1GC                                  = true                                      {product} {ergonomic}
     bool UseLargePagesIndividualAllocation        = false                                  {pd product} {ergonomic}

Logging:
Log output configuration:
 #0: stdout all=off uptime,level,tags
 #1: stderr all=off uptime,level,tags

Environment Variables:
PATH=C:\Python310\Scripts\;C:\Python310\;C:\Program Files\Java\jdk-17.0.2;C:\Program Files (x86)\Common Files\Oracle\Java\javapath;C:\Program Files\Java\jdk-17.0.2\lib;C:\ProgramData\Oracle\Java\javapath;C:\Windows\system32;C:\Windows;C:\Windows\System32\Wbem;C:\Windows\System32\WindowsPowerShell\v1.0\;C:\Windows\System32\OpenSSH\;C:\Program Files\dotnet\;C:\Program Files (x86)\dotnet\;C:\ProgramData\chocolatey\bin;D:\Programs\nodejs\;D:\OpenServer\modules\php\PHP_8.1;C:\Program Files\PuTTY\;C:\Program Files\Git\cmd;C:\Program Files\Docker\Docker\resources\bin;C:\ProgramData\DockerDesktop\version-bin;C:\python39\Scripts\;C:\python39\;C:\Users\Карина\AppData\Local\Microsoft\WindowsApps;C:\Users\Карина\AppData\Local\Programs\Microsoft VS Code\bin;C:\Users\Карина\.dotnet\tools;C:\Users\Карина\AppData\Roaming\npm
USERNAME=Карина
OS=Windows_NT
PROCESSOR_IDENTIFIER=AMD64 Family 23 Model 96 Stepping 1, AuthenticAMD



---------------  S Y S T E M  ---------------

OS:
 Windows 10 , 64 bit Build 19041 (10.0.19041.1889)
OS uptime: 0 days 4:38 hours
Hyper-V role detected

CPU: total 12 (initial active 12) (12 cores per cpu, 2 threads per core) family 23 model 96 stepping 1 microcode 0x0, cx8, cmov, fxsr, ht, mmx, 3dnowpref, sse, sse2, sse3, ssse3, sse4a, sse4.1, sse4.2, popcnt, lzcnt, tsc, tscinvbit, avx, avx2, aes, clmul, bmi1, bmi2, adx, sha, fma, vzeroupper, clflush, clflushopt, hv

Memory: 4k page, system-wide physical 15741M (4508M free)
TotalPageFile size 18173M (AvailPageFile size 2135M)
current process WorkingSet (physical memory assigned to process): 153M, peak: 179M
current process commit charge ("private bytes"): 421M, peak: 455M

vm_info: OpenJDK 64-Bit Server VM (17+35-2724) for windows-amd64 JRE (17+35-2724), built on Aug  5 2021 23:26:02 by "mach5one" with MS VC++ 16.8 (VS2019)

END.
