#
# A fatal error has been detected by the Java Runtime Environment:
#
#  EXCEPTION_ACCESS_VIOLATION (0xc0000005) at pc=0x00007ff88b3f6a87, pid=1604, tid=13344
#
# JRE version: OpenJDK Runtime Environment (17.0+35) (build 17+35-2724)
# Java VM: OpenJDK 64-Bit Server VM (17+35-2724, mixed mode, sharing, tiered, compressed oops, compressed class ptrs, g1 gc, windows-amd64)
# Problematic frame:
# C  [glass.dll+0x26a87]
#
# No core dump will be written. Minidumps are not enabled by default on client versions of Windows
#
# If you would like to submit a bug report, please visit:
#   https://bugreport.java.com/bugreport/crash.jsp
#

---------------  S U M M A R Y ------------

Command Line: -javaagent:D:\JetBrains\IntelliJ IDEA Community Edition 2021.2.2\lib\idea_rt.jar=3049:D:\JetBrains\IntelliJ IDEA Community Edition 2021.2.2\bin -Dfile.encoding=UTF-8 --module-path=C:\Users\Карина\.m2\repository\org\openjfx\javafx-graphics\17-ea+11\javafx-graphics-17-ea+11-win.jar;C:\Users\Карина\.m2\repository\org\openjfx\javafx-fxml\17-ea+11\javafx-fxml-17-ea+11-win.jar;C:\Users\Карина\.m2\repository\org\openjfx\javafx-controls\17-ea+11\javafx-controls-17-ea+11-win.jar;D:\IdeaProjects\CourseProject\target\classes;C:\Users\Карина\.m2\repository\org\openjfx\javafx-base\17-ea+11\javafx-base-17-ea+11-win.jar;C:\Users\Карина\.m2\repository\mysql\mysql-connector-java\8.0.25\mysql-connector-java-8.0.25.jar -Djdk.module.main=com.example.courseproject com.example.courseproject/com.example.courseproject.MyApplication

Host: AMD Ryzen 5 4600H with Radeon Graphics         , 12 cores, 15G,  Windows 10 , 64 bit Build 19041 (10.0.19041.1889)
Time: Fri Sep 23 15:46:39 2022 RTZ 2 (s 10 , 64 bit Build 19041 (10.0.19041.1889) elapsed time: 23.354927 seconds (0d 0h 0m 23s)

---------------  T H R E A D  ---------------

Current thread (0x00000133b6a30840):  VMThread "VM Thread" [stack: 0x00000028d8600000,0x00000028d8700000] [id=13344]

Stack: [0x00000028d8600000,0x00000028d8700000],  sp=0x00000028d86ff1c0,  free space=1020k
Native frames: (J=compiled Java code, j=interpreted, Vv=VM code, C=native code)
C  [glass.dll+0x26a87]


siginfo: EXCEPTION_ACCESS_VIOLATION (0xc0000005), reading address 0x0000000000000000


Register to memory mapping:

RIP=0x00007ff88b3f6a87 glass.dll
RAX=0x0 is NULL
RBX=0x00000133b6a3e8b0 is a global jni handle
RCX=0x00000133b6a30840 points into unknown readable memory: 0x00007ff8ad8dc540 | 40 c5 8d ad f8 7f 00 00
RDX=0x00000028d86ff1c0 points into unknown readable memory: 0x0000000000000000 | 00 00 00 00 00 00 00 00
RSP=0x00000028d86ff1c0 points into unknown readable memory: 0x0000000000000000 | 00 00 00 00 00 00 00 00
RBP=0x00000133b81b62d8 points into unknown readable memory: 0x0000f81eab3f8945 | 45 89 3f ab 1e f8 00 00
RSI=0x00000133b81b62b0 points into unknown readable memory: 0x000f070fccd844c5 | c5 44 d8 cc 0f 07 0f 00
RDI=0x0000f81eab3f8945 is an unknown value
R8 =0x0000000000010002 is an unknown value
R9 =0x0000f81eab3f8945 is an unknown value
R10=0x0000000000008000 is an unknown value
R11=0x00000028d86ff150 points into unknown readable memory: 0x00000133b81b62b0 | b0 62 1b b8 33 01 00 00
R12=0x00007ff88b3f4354 glass.dll
R13=0x00007ff8ada82940 jvm.dll
R14=0x00000028d86ff2b8 points into unknown readable memory: 0x00000028d86ff2a0 | a0 f2 6f d8 28 00 00 00
R15=0x00000133b81b62b0 points into unknown readable memory: 0x000f070fccd844c5 | c5 44 d8 cc 0f 07 0f 00


Registers:
RAX=0x0000000000000000, RBX=0x00000133b6a3e8b0, RCX=0x00000133b6a30840, RDX=0x00000028d86ff1c0
RSP=0x00000028d86ff1c0, RBP=0x00000133b81b62d8, RSI=0x00000133b81b62b0, RDI=0x0000f81eab3f8945
R8 =0x0000000000010002, R9 =0x0000f81eab3f8945, R10=0x0000000000008000, R11=0x00000028d86ff150
R12=0x00007ff88b3f4354, R13=0x00007ff8ada82940, R14=0x00000028d86ff2b8, R15=0x00000133b81b62b0
RIP=0x00007ff88b3f6a87, EFLAGS=0x0000000000010206

Top of Stack: (sp=0x00000028d86ff1c0)
0x00000028d86ff1c0:   0000000000000000 00000133b81b62b0
0x00000028d86ff1d0:   00007ff8ada82940 00007ff88b3f4354
0x00000028d86ff1e0:   00000133b81b62b8 00007ff8e48a42d6
0x00000028d86ff1f0:   0000f81eab3f8945 0000013300000000
0x00000028d86ff200:   00000133b81b62d8 00000133b81b62b0
0x00000028d86ff210:   fffffffffffffffe 0000000000000000
0x00000028d86ff220:   0000000000000001 00007ff88b3d0000
0x00000028d86ff230:   00000028d86ff2a8 00007ff8e48a41fb
0x00000028d86ff240:   0000000000000000 00000028d86ff2b8
0x00000028d86ff250:   00000028d86ff580 00007ff8e4980e40
0x00000028d86ff260:   0000000000000001 00007ff8e48a41b4
0x00000028d86ff270:   0000000000000000 0000000000000001
0x00000028d86ff280:   0000000000000001 00000028d86ff2a8
0x00000028d86ff290:   0000000000000000 00007ff88b3f41e1
0x00000028d86ff2a0:   00007ff88b40a138 00007ff800000002
0x00000028d86ff2b0:   0000000000000002 00000028d86ff2a0 

Instructions: (pc=0x00007ff88b3f6a87)
0x00007ff88b3f6987:   8b 4d 58 e8 01 cf ff ff 48 8b 4d 60 e8 f8 ce ff
0x00007ff88b3f6997:   ff 48 8b 95 80 00 00 00 48 8b 8d 18 01 00 00 e8
0x00007ff88b3f69a7:   c6 c3 ff ff 33 d2 33 c9 e8 3c e1 ff ff 90 48 89
0x00007ff88b3f69b7:   54 24 10 55 48 83 ec 20 48 8b ea 48 b8 00 00 00
0x00007ff88b3f69c7:   00 00 00 00 00 48 83 c4 20 5d c3 cc 40 55 48 8b
0x00007ff88b3f69d7:   ea 48 8b 01 33 c9 81 38 05 00 00 c0 0f 94 c1 8b
0x00007ff88b3f69e7:   c1 5d c3 cc 40 55 48 83 ec 20 48 8b ea 8a 4d 40
0x00007ff88b3f69f7:   48 83 c4 20 5d e9 f7 d2 ff ff cc 40 55 48 83 ec
0x00007ff88b3f6a07:   20 48 8b ea 8a 4d 20 e8 e5 d2 ff ff 90 48 83 c4
0x00007ff88b3f6a17:   20 5d c3 cc 40 55 48 83 ec 20 48 8b ea 48 83 c4
0x00007ff88b3f6a27:   20 5d e9 46 d1 ff ff cc 40 55 48 83 ec 30 48 8b
0x00007ff88b3f6a37:   ea 48 8b 01 8b 10 48 89 4c 24 28 89 54 24 20 4c
0x00007ff88b3f6a47:   8d 0d e7 d5 ff ff 4c 8b 45 70 8b 55 68 48 8b 4d
0x00007ff88b3f6a57:   60 e8 87 d0 ff ff 90 48 83 c4 30 5d c3 cc cc cc
0x00007ff88b3f6a67:   cc cc cc cc cc cc cc cc cc 40 53 48 83 ec 20 48
0x00007ff88b3f6a77:   8b 1d b3 30 01 00 48 85 db 74 16 e8 09 8b ff ff
0x00007ff88b3f6a87:   4c 8b 00 48 8b d3 48 8b c8 41 ff 90 b0 00 00 00
0x00007ff88b3f6a97:   90 48 83 c4 20 5b c3 cc cc 40 53 48 83 ec 20 48
0x00007ff88b3f6aa7:   8b 1d 2b 32 01 00 48 85 db 74 57 b8 ff ff ff ff
0x00007ff88b3f6ab7:   f0 0f c1 43 10 83 f8 01 75 3d 48 85 db 74 38 48
0x00007ff88b3f6ac7:   8b 0b 48 85 c9 74 0d ff 15 d4 07 00 00 48 c7 03
0x00007ff88b3f6ad7:   00 00 00 00 48 8b 4b 08 48 85 c9 74 0d e8 a7 cd
0x00007ff88b3f6ae7:   ff ff 48 c7 43 08 00 00 00 00 ba 18 00 00 00 48
0x00007ff88b3f6af7:   8b cb e8 92 cd ff ff 48 c7 05 cf 31 01 00 00 00
0x00007ff88b3f6b07:   00 00 48 83 c4 20 5b c3 cc 40 53 48 83 ec 20 48
0x00007ff88b3f6b17:   8b 1d 9b 31 01 00 48 85 db 74 57 b8 ff ff ff ff
0x00007ff88b3f6b27:   f0 0f c1 43 10 83 f8 01 75 3d 48 85 db 74 38 48
0x00007ff88b3f6b37:   8b 0b 48 85 c9 74 0d ff 15 64 07 00 00 48 c7 03
0x00007ff88b3f6b47:   00 00 00 00 48 8b 4b 08 48 85 c9 74 0d e8 37 cd
0x00007ff88b3f6b57:   ff ff 48 c7 43 08 00 00 00 00 ba 18 00 00 00 48
0x00007ff88b3f6b67:   8b cb e8 22 cd ff ff 48 c7 05 3f 31 01 00 00 00
0x00007ff88b3f6b77:   00 00 48 83 c4 20 5b c3 cc 40 53 48 83 ec 20 48 


Stack slot to memory mapping:
stack at sp + 0 slots: 0x0 is NULL
stack at sp + 1 slots: 0x00000133b81b62b0 points into unknown readable memory: 0x000f070fccd844c5 | c5 44 d8 cc 0f 07 0f 00
stack at sp + 2 slots: 0x00007ff8ada82940 jvm.dll
stack at sp + 3 slots: 0x00007ff88b3f4354 glass.dll
stack at sp + 4 slots: 0x00000133b81b62b8 points into unknown readable memory: 0x0000f81eab3f8945 | 45 89 3f ab 1e f8 00 00
stack at sp + 5 slots: 0x00007ff8e48a42d6 ucrtbase.dll
stack at sp + 6 slots: 0x0000f81eab3f8945 is an unknown value
stack at sp + 7 slots: 0x0000013300000000 is an unknown value

VM_Operation (0x00000028db4ff360): Exit, mode: safepoint, requested by thread 0x00000133b84b8a20


---------------  P R O C E S S  ---------------

Threads class SMR info:
_java_thread_list=0x00000133b8495870, length=22, elements={
0x0000013393e3fd70, 0x00000133b6a36b40, 0x00000133b6a37400, 0x00000133b6a4eb20,
0x00000133b6a4f3e0, 0x00000133b6a4fca0, 0x00000133b6a52570, 0x00000133b6a55220,
0x00000133b6a5a0e0, 0x00000133b6a5a9e0, 0x00000133b6a22030, 0x00000133b7cffba0,
0x00000133b783ee90, 0x00000133b7e2ff80, 0x00000133b8218030, 0x00000133b821b670,
0x00000133b82ebd30, 0x00000133b82de920, 0x00000133b8643010, 0x00000133b84b76e0,
0x00000133b84b63a0, 0x00000133b84b8a20
}

Java Threads: ( => current thread )
  0x0000013393e3fd70 JavaThread "main" [_thread_blocked, id=3948, stack(0x00000028d8000000,0x00000028d8100000)]
  0x00000133b6a36b40 JavaThread "Reference Handler" daemon [_thread_blocked, id=7456, stack(0x00000028d8700000,0x00000028d8800000)]
  0x00000133b6a37400 JavaThread "Finalizer" daemon [_thread_blocked, id=4944, stack(0x00000028d8800000,0x00000028d8900000)]
  0x00000133b6a4eb20 JavaThread "Signal Dispatcher" daemon [_thread_blocked, id=13712, stack(0x00000028d8900000,0x00000028d8a00000)]
  0x00000133b6a4f3e0 JavaThread "Attach Listener" daemon [_thread_blocked, id=7180, stack(0x00000028d8a00000,0x00000028d8b00000)]
  0x00000133b6a4fca0 JavaThread "Service Thread" daemon [_thread_blocked, id=20320, stack(0x00000028d8b00000,0x00000028d8c00000)]
  0x00000133b6a52570 JavaThread "Monitor Deflation Thread" daemon [_thread_blocked, id=18416, stack(0x00000028d8c00000,0x00000028d8d00000)]
  0x00000133b6a55220 JavaThread "C2 CompilerThread0" daemon [_thread_blocked, id=16040, stack(0x00000028d8d00000,0x00000028d8e00000)]
  0x00000133b6a5a0e0 JavaThread "C1 CompilerThread0" daemon [_thread_blocked, id=19256, stack(0x00000028d8e00000,0x00000028d8f00000)]
  0x00000133b6a5a9e0 JavaThread "Sweeper thread" daemon [_thread_blocked, id=18772, stack(0x00000028d8f00000,0x00000028d9000000)]
  0x00000133b6a22030 JavaThread "Common-Cleaner" daemon [_thread_blocked, id=13636, stack(0x00000028d9000000,0x00000028d9100000)]
  0x00000133b7cffba0 JavaThread "Monitor Ctrl-Break" daemon [_thread_in_native, id=18560, stack(0x00000028d9300000,0x00000028d9400000)]
  0x00000133b783ee90 JavaThread "Notification Thread" daemon [_thread_blocked, id=4920, stack(0x00000028d9400000,0x00000028d9500000)]
  0x00000133b7e2ff80 JavaThread "QuantumRenderer-0" daemon [_thread_blocked, id=16176, stack(0x00000028d9600000,0x00000028d9700000)]
  0x00000133b8218030 JavaThread "InvokeLaterDispatcher" daemon [_thread_blocked, id=7380, stack(0x00000028d9900000,0x00000028d9a00000)]
  0x00000133b821b670 JavaThread "JavaFX Application Thread" [_thread_blocked, id=9016, stack(0x00000028d9a00000,0x00000028d9b00000)]
  0x00000133b82ebd30 JavaThread "JavaFX-Launcher" [_thread_blocked, id=10196, stack(0x00000028da400000,0x00000028da500000)]
  0x00000133b82de920 JavaThread "Thread-2" daemon [_thread_in_native, id=19220, stack(0x00000028da300000,0x00000028da400000)]
  0x00000133b8643010 JavaThread "mysql-cj-abandoned-connection-cleanup" daemon [_thread_blocked, id=1124, stack(0x00000028daa00000,0x00000028dab00000)]
  0x00000133b84b76e0 JavaThread "Prism Font Disposer" daemon [_thread_blocked, id=13136, stack(0x00000028db000000,0x00000028db100000)]
  0x00000133b84b63a0 JavaThread "Cleaner-0" daemon [_thread_blocked, id=18016, stack(0x00000028db300000,0x00000028db400000)]
  0x00000133b84b8a20 JavaThread "SIGINT handler" daemon [_thread_blocked, id=9168, stack(0x00000028db400000,0x00000028db500000)]

Other Threads:
=>0x00000133b6a30840 VMThread "VM Thread" [stack: 0x00000028d8600000,0x00000028d8700000] [id=13344]
  0x0000013393e8fc10 GCTaskThread "GC Thread#0" [stack: 0x00000028d8100000,0x00000028d8200000] [id=17376]
  0x00000133b8295d90 GCTaskThread "GC Thread#1" [stack: 0x00000028da500000,0x00000028da600000] [id=18364]
  0x00000133b8294e90 GCTaskThread "GC Thread#2" [stack: 0x00000028da600000,0x00000028da700000] [id=19816]
  0x00000133b82dedf0 GCTaskThread "GC Thread#3" [stack: 0x00000028da700000,0x00000028da800000] [id=15192]
  0x00000133b82cfcb0 GCTaskThread "GC Thread#4" [stack: 0x00000028da800000,0x00000028da900000] [id=3788]
  0x00000133b82cff60 GCTaskThread "GC Thread#5" [stack: 0x00000028da900000,0x00000028daa00000] [id=15852]
  0x00000133b85473b0 GCTaskThread "GC Thread#6" [stack: 0x00000028d9200000,0x00000028d9300000] [id=6036]
  0x00000133b850c4d0 GCTaskThread "GC Thread#7" [stack: 0x00000028dab00000,0x00000028dac00000] [id=3200]
  0x00000133b87513c0 GCTaskThread "GC Thread#8" [stack: 0x00000028dac00000,0x00000028dad00000] [id=8188]
  0x00000133b8751e80 GCTaskThread "GC Thread#9" [stack: 0x00000028dad00000,0x00000028dae00000] [id=1608]
  0x0000013393ea1080 ConcurrentGCThread "G1 Main Marker" terminated
  0x0000013393ea19a0 ConcurrentGCThread "G1 Conc#0" [stack: 0x00000028d8300000,0x00000028d8400000] [id=20016]
  0x0000013393f1e5a0 ConcurrentGCThread "G1 Refine#0" terminated
  0x00000133b854aa90 ConcurrentGCThread "G1 Refine#1" terminated
  0x00000133b854ad70 ConcurrentGCThread "G1 Refine#2" terminated
  0x0000013393f1ec70 ConcurrentGCThread "G1 Service" terminated

Threads with active compile tasks:

VM state: at safepoint (shutting down)

VM Mutex/Monitor currently owned by a thread:  ([mutex/lock_event])
[0x0000013393e3a1c0] Threads_lock - owner thread: 0x00000133b6a30840
[0x0000013393e39560] Heap_lock - owner thread: 0x00000133b84b8a20

Heap address: 0x000000070a000000, size: 3936 MB, Compressed Oops mode: Zero based, Oop shift amount: 3

CDS archive(s) mapped at: [0x0000000800000000-0x0000000800bc0000-0x0000000800bc0000), size 12320768, SharedBaseAddress: 0x0000000800000000, ArchiveRelocationMode: 0.
Compressed class space mapped at: 0x0000000800c00000-0x0000000840c00000, reserved size: 1073741824
Narrow klass base: 0x0000000800000000, Narrow klass shift: 0, Narrow klass range: 0x100000000

GC Precious Log:
 CPUs: 12 total, 12 available
 Memory: 15741M
 Large Page Support: Disabled
 NUMA Support: Disabled
 Compressed Oops: Enabled (Zero based)
 Heap Region Size: 2M
 Heap Min Capacity: 8M
 Heap Initial Capacity: 246M
 Heap Max Capacity: 3936M
 Pre-touch: Disabled
 Parallel Workers: 10
 Concurrent Workers: 3
 Concurrent Refinement Workers: 10
 Periodic GC: Disabled

Heap:
 garbage-first heap   total 251904K, used 40576K [0x000000070a000000, 0x0000000800000000)
  region size 2048K, 19 young (38912K), 3 survivors (6144K)
 Metaspace       used 20595K, committed 20800K, reserved 1073152K
  class space    used 2849K, committed 2944K, reserved 1048576K

Heap Regions: E=young(eden), S=young(survivor), O=old, HS=humongous(starts), HC=humongous(continues), CS=collection set, F=free, OA=open archive, CA=closed archive, TAMS=top-at-mark-start (previous, next)
|   0|0x000000070a000000, 0x000000070a1a0200, 0x000000070a200000| 81%| O|  |TAMS 0x000000070a000000, 0x000000070a000000| Untracked 
|   1|0x000000070a200000, 0x000000070a400000, 0x000000070a400000|100%|HS|  |TAMS 0x000000070a200000, 0x000000070a200000| Complete 
|   2|0x000000070a400000, 0x000000070a400000, 0x000000070a600000|  0%| F|  |TAMS 0x000000070a400000, 0x000000070a400000| Untracked 
|   3|0x000000070a600000, 0x000000070a600000, 0x000000070a800000|  0%| F|  |TAMS 0x000000070a600000, 0x000000070a600000| Untracked 
|   4|0x000000070a800000, 0x000000070a800000, 0x000000070aa00000|  0%| F|  |TAMS 0x000000070a800000, 0x000000070a800000| Untracked 
|   5|0x000000070aa00000, 0x000000070aa00000, 0x000000070ac00000|  0%| F|  |TAMS 0x000000070aa00000, 0x000000070aa00000| Untracked 
|   6|0x000000070ac00000, 0x000000070ac00000, 0x000000070ae00000|  0%| F|  |TAMS 0x000000070ac00000, 0x000000070ac00000| Untracked 
|   7|0x000000070ae00000, 0x000000070ae00000, 0x000000070b000000|  0%| F|  |TAMS 0x000000070ae00000, 0x000000070ae00000| Untracked 
|   8|0x000000070b000000, 0x000000070b000000, 0x000000070b200000|  0%| F|  |TAMS 0x000000070b000000, 0x000000070b000000| Untracked 
|   9|0x000000070b200000, 0x000000070b200000, 0x000000070b400000|  0%| F|  |TAMS 0x000000070b200000, 0x000000070b200000| Untracked 
|  10|0x000000070b400000, 0x000000070b400000, 0x000000070b600000|  0%| F|  |TAMS 0x000000070b400000, 0x000000070b400000| Untracked 
|  11|0x000000070b600000, 0x000000070b600000, 0x000000070b800000|  0%| F|  |TAMS 0x000000070b600000, 0x000000070b600000| Untracked 
|  12|0x000000070b800000, 0x000000070b800000, 0x000000070ba00000|  0%| F|  |TAMS 0x000000070b800000, 0x000000070b800000| Untracked 
|  13|0x000000070ba00000, 0x000000070ba00000, 0x000000070bc00000|  0%| F|  |TAMS 0x000000070ba00000, 0x000000070ba00000| Untracked 
|  14|0x000000070bc00000, 0x000000070bc00000, 0x000000070be00000|  0%| F|  |TAMS 0x000000070bc00000, 0x000000070bc00000| Untracked 
|  15|0x000000070be00000, 0x000000070be00000, 0x000000070c000000|  0%| F|  |TAMS 0x000000070be00000, 0x000000070be00000| Untracked 
|  16|0x000000070c000000, 0x000000070c000000, 0x000000070c200000|  0%| F|  |TAMS 0x000000070c000000, 0x000000070c000000| Untracked 
|  17|0x000000070c200000, 0x000000070c200000, 0x000000070c400000|  0%| F|  |TAMS 0x000000070c200000, 0x000000070c200000| Untracked 
|  18|0x000000070c400000, 0x000000070c400000, 0x000000070c600000|  0%| F|  |TAMS 0x000000070c400000, 0x000000070c400000| Untracked 
|  19|0x000000070c600000, 0x000000070c600000, 0x000000070c800000|  0%| F|  |TAMS 0x000000070c600000, 0x000000070c600000| Untracked 
|  20|0x000000070c800000, 0x000000070c800000, 0x000000070ca00000|  0%| F|  |TAMS 0x000000070c800000, 0x000000070c800000| Untracked 
|  21|0x000000070ca00000, 0x000000070ca00000, 0x000000070cc00000|  0%| F|  |TAMS 0x000000070ca00000, 0x000000070ca00000| Untracked 
|  22|0x000000070cc00000, 0x000000070cc00000, 0x000000070ce00000|  0%| F|  |TAMS 0x000000070cc00000, 0x000000070cc00000| Untracked 
|  23|0x000000070ce00000, 0x000000070ce00000, 0x000000070d000000|  0%| F|  |TAMS 0x000000070ce00000, 0x000000070ce00000| Untracked 
|  24|0x000000070d000000, 0x000000070d000000, 0x000000070d200000|  0%| F|  |TAMS 0x000000070d000000, 0x000000070d000000| Untracked 
|  25|0x000000070d200000, 0x000000070d200000, 0x000000070d400000|  0%| F|  |TAMS 0x000000070d200000, 0x000000070d200000| Untracked 
|  26|0x000000070d400000, 0x000000070d400000, 0x000000070d600000|  0%| F|  |TAMS 0x000000070d400000, 0x000000070d400000| Untracked 
|  27|0x000000070d600000, 0x000000070d600000, 0x000000070d800000|  0%| F|  |TAMS 0x000000070d600000, 0x000000070d600000| Untracked 
|  28|0x000000070d800000, 0x000000070d800000, 0x000000070da00000|  0%| F|  |TAMS 0x000000070d800000, 0x000000070d800000| Untracked 
|  29|0x000000070da00000, 0x000000070da00000, 0x000000070dc00000|  0%| F|  |TAMS 0x000000070da00000, 0x000000070da00000| Untracked 
|  30|0x000000070dc00000, 0x000000070dc00000, 0x000000070de00000|  0%| F|  |TAMS 0x000000070dc00000, 0x000000070dc00000| Untracked 
|  31|0x000000070de00000, 0x000000070de00000, 0x000000070e000000|  0%| F|  |TAMS 0x000000070de00000, 0x000000070de00000| Untracked 
|  32|0x000000070e000000, 0x000000070e000000, 0x000000070e200000|  0%| F|  |TAMS 0x000000070e000000, 0x000000070e000000| Untracked 
|  33|0x000000070e200000, 0x000000070e200000, 0x000000070e400000|  0%| F|  |TAMS 0x000000070e200000, 0x000000070e200000| Untracked 
|  34|0x000000070e400000, 0x000000070e400000, 0x000000070e600000|  0%| F|  |TAMS 0x000000070e400000, 0x000000070e400000| Untracked 
|  35|0x000000070e600000, 0x000000070e600000, 0x000000070e800000|  0%| F|  |TAMS 0x000000070e600000, 0x000000070e600000| Untracked 
|  36|0x000000070e800000, 0x000000070e800000, 0x000000070ea00000|  0%| F|  |TAMS 0x000000070e800000, 0x000000070e800000| Untracked 
|  37|0x000000070ea00000, 0x000000070ea00000, 0x000000070ec00000|  0%| F|  |TAMS 0x000000070ea00000, 0x000000070ea00000| Untracked 
|  38|0x000000070ec00000, 0x000000070ec00000, 0x000000070ee00000|  0%| F|  |TAMS 0x000000070ec00000, 0x000000070ec00000| Untracked 
|  39|0x000000070ee00000, 0x000000070ee00000, 0x000000070f000000|  0%| F|  |TAMS 0x000000070ee00000, 0x000000070ee00000| Untracked 
|  40|0x000000070f000000, 0x000000070f000000, 0x000000070f200000|  0%| F|  |TAMS 0x000000070f000000, 0x000000070f000000| Untracked 
|  41|0x000000070f200000, 0x000000070f200000, 0x000000070f400000|  0%| F|  |TAMS 0x000000070f200000, 0x000000070f200000| Untracked 
|  42|0x000000070f400000, 0x000000070f400000, 0x000000070f600000|  0%| F|  |TAMS 0x000000070f400000, 0x000000070f400000| Untracked 
|  43|0x000000070f600000, 0x000000070f600000, 0x000000070f800000|  0%| F|  |TAMS 0x000000070f600000, 0x000000070f600000| Untracked 
|  44|0x000000070f800000, 0x000000070f800000, 0x000000070fa00000|  0%| F|  |TAMS 0x000000070f800000, 0x000000070f800000| Untracked 
|  45|0x000000070fa00000, 0x000000070fa00000, 0x000000070fc00000|  0%| F|  |TAMS 0x000000070fa00000, 0x000000070fa00000| Untracked 
|  46|0x000000070fc00000, 0x000000070fc00000, 0x000000070fe00000|  0%| F|  |TAMS 0x000000070fc00000, 0x000000070fc00000| Untracked 
|  47|0x000000070fe00000, 0x000000070fe00000, 0x0000000710000000|  0%| F|  |TAMS 0x000000070fe00000, 0x000000070fe00000| Untracked 
|  48|0x0000000710000000, 0x0000000710000000, 0x0000000710200000|  0%| F|  |TAMS 0x0000000710000000, 0x0000000710000000| Untracked 
|  49|0x0000000710200000, 0x0000000710200000, 0x0000000710400000|  0%| F|  |TAMS 0x0000000710200000, 0x0000000710200000| Untracked 
|  50|0x0000000710400000, 0x0000000710400000, 0x0000000710600000|  0%| F|  |TAMS 0x0000000710400000, 0x0000000710400000| Untracked 
|  51|0x0000000710600000, 0x0000000710600000, 0x0000000710800000|  0%| F|  |TAMS 0x0000000710600000, 0x0000000710600000| Untracked 
|  52|0x0000000710800000, 0x0000000710800000, 0x0000000710a00000|  0%| F|  |TAMS 0x0000000710800000, 0x0000000710800000| Untracked 
|  53|0x0000000710a00000, 0x0000000710a00000, 0x0000000710c00000|  0%| F|  |TAMS 0x0000000710a00000, 0x0000000710a00000| Untracked 
|  54|0x0000000710c00000, 0x0000000710c00000, 0x0000000710e00000|  0%| F|  |TAMS 0x0000000710c00000, 0x0000000710c00000| Untracked 
|  55|0x0000000710e00000, 0x0000000710e00000, 0x0000000711000000|  0%| F|  |TAMS 0x0000000710e00000, 0x0000000710e00000| Untracked 
|  56|0x0000000711000000, 0x0000000711000000, 0x0000000711200000|  0%| F|  |TAMS 0x0000000711000000, 0x0000000711000000| Untracked 
|  57|0x0000000711200000, 0x0000000711200000, 0x0000000711400000|  0%| F|  |TAMS 0x0000000711200000, 0x0000000711200000| Untracked 
|  58|0x0000000711400000, 0x0000000711400000, 0x0000000711600000|  0%| F|  |TAMS 0x0000000711400000, 0x0000000711400000| Untracked 
|  59|0x0000000711600000, 0x0000000711600000, 0x0000000711800000|  0%| F|  |TAMS 0x0000000711600000, 0x0000000711600000| Untracked 
|  60|0x0000000711800000, 0x0000000711800000, 0x0000000711a00000|  0%| F|  |TAMS 0x0000000711800000, 0x0000000711800000| Untracked 
|  61|0x0000000711a00000, 0x0000000711a00000, 0x0000000711c00000|  0%| F|  |TAMS 0x0000000711a00000, 0x0000000711a00000| Untracked 
|  62|0x0000000711c00000, 0x0000000711c00000, 0x0000000711e00000|  0%| F|  |TAMS 0x0000000711c00000, 0x0000000711c00000| Untracked 
|  63|0x0000000711e00000, 0x0000000711e00000, 0x0000000712000000|  0%| F|  |TAMS 0x0000000711e00000, 0x0000000711e00000| Untracked 
|  64|0x0000000712000000, 0x0000000712000000, 0x0000000712200000|  0%| F|  |TAMS 0x0000000712000000, 0x0000000712000000| Untracked 
|  65|0x0000000712200000, 0x0000000712200000, 0x0000000712400000|  0%| F|  |TAMS 0x0000000712200000, 0x0000000712200000| Untracked 
|  66|0x0000000712400000, 0x0000000712400000, 0x0000000712600000|  0%| F|  |TAMS 0x0000000712400000, 0x0000000712400000| Untracked 
|  67|0x0000000712600000, 0x0000000712600000, 0x0000000712800000|  0%| F|  |TAMS 0x0000000712600000, 0x0000000712600000| Untracked 
|  68|0x0000000712800000, 0x0000000712800000, 0x0000000712a00000|  0%| F|  |TAMS 0x0000000712800000, 0x0000000712800000| Untracked 
|  69|0x0000000712a00000, 0x0000000712a00000, 0x0000000712c00000|  0%| F|  |TAMS 0x0000000712a00000, 0x0000000712a00000| Untracked 
|  70|0x0000000712c00000, 0x0000000712c00000, 0x0000000712e00000|  0%| F|  |TAMS 0x0000000712c00000, 0x0000000712c00000| Untracked 
|  71|0x0000000712e00000, 0x0000000712e00000, 0x0000000713000000|  0%| F|  |TAMS 0x0000000712e00000, 0x0000000712e00000| Untracked 
|  72|0x0000000713000000, 0x0000000713000000, 0x0000000713200000|  0%| F|  |TAMS 0x0000000713000000, 0x0000000713000000| Untracked 
|  73|0x0000000713200000, 0x0000000713200000, 0x0000000713400000|  0%| F|  |TAMS 0x0000000713200000, 0x0000000713200000| Untracked 
|  74|0x0000000713400000, 0x0000000713400000, 0x0000000713600000|  0%| F|  |TAMS 0x0000000713400000, 0x0000000713400000| Untracked 
|  75|0x0000000713600000, 0x0000000713600000, 0x0000000713800000|  0%| F|  |TAMS 0x0000000713600000, 0x0000000713600000| Untracked 
|  76|0x0000000713800000, 0x0000000713800000, 0x0000000713a00000|  0%| F|  |TAMS 0x0000000713800000, 0x0000000713800000| Untracked 
|  77|0x0000000713a00000, 0x0000000713a00000, 0x0000000713c00000|  0%| F|  |TAMS 0x0000000713a00000, 0x0000000713a00000| Untracked 
|  78|0x0000000713c00000, 0x0000000713c00000, 0x0000000713e00000|  0%| F|  |TAMS 0x0000000713c00000, 0x0000000713c00000| Untracked 
|  79|0x0000000713e00000, 0x0000000713e00000, 0x0000000714000000|  0%| F|  |TAMS 0x0000000713e00000, 0x0000000713e00000| Untracked 
|  80|0x0000000714000000, 0x0000000714000000, 0x0000000714200000|  0%| F|  |TAMS 0x0000000714000000, 0x0000000714000000| Untracked 
|  81|0x0000000714200000, 0x0000000714200000, 0x0000000714400000|  0%| F|  |TAMS 0x0000000714200000, 0x0000000714200000| Untracked 
|  82|0x0000000714400000, 0x0000000714400000, 0x0000000714600000|  0%| F|  |TAMS 0x0000000714400000, 0x0000000714400000| Untracked 
|  83|0x0000000714600000, 0x0000000714600000, 0x0000000714800000|  0%| F|  |TAMS 0x0000000714600000, 0x0000000714600000| Untracked 
|  84|0x0000000714800000, 0x0000000714800000, 0x0000000714a00000|  0%| F|  |TAMS 0x0000000714800000, 0x0000000714800000| Untracked 
|  85|0x0000000714a00000, 0x0000000714a00000, 0x0000000714c00000|  0%| F|  |TAMS 0x0000000714a00000, 0x0000000714a00000| Untracked 
|  86|0x0000000714c00000, 0x0000000714c00000, 0x0000000714e00000|  0%| F|  |TAMS 0x0000000714c00000, 0x0000000714c00000| Untracked 
|  87|0x0000000714e00000, 0x0000000714e00000, 0x0000000715000000|  0%| F|  |TAMS 0x0000000714e00000, 0x0000000714e00000| Untracked 
|  88|0x0000000715000000, 0x0000000715000000, 0x0000000715200000|  0%| F|  |TAMS 0x0000000715000000, 0x0000000715000000| Untracked 
|  89|0x0000000715200000, 0x0000000715200000, 0x0000000715400000|  0%| F|  |TAMS 0x0000000715200000, 0x0000000715200000| Untracked 
|  90|0x0000000715400000, 0x0000000715400000, 0x0000000715600000|  0%| F|  |TAMS 0x0000000715400000, 0x0000000715400000| Untracked 
|  91|0x0000000715600000, 0x0000000715600000, 0x0000000715800000|  0%| F|  |TAMS 0x0000000715600000, 0x0000000715600000| Untracked 
|  92|0x0000000715800000, 0x0000000715800000, 0x0000000715a00000|  0%| F|  |TAMS 0x0000000715800000, 0x0000000715800000| Untracked 
|  93|0x0000000715a00000, 0x0000000715a00000, 0x0000000715c00000|  0%| F|  |TAMS 0x0000000715a00000, 0x0000000715a00000| Untracked 
|  94|0x0000000715c00000, 0x0000000715c00000, 0x0000000715e00000|  0%| F|  |TAMS 0x0000000715c00000, 0x0000000715c00000| Untracked 
|  95|0x0000000715e00000, 0x0000000715e00000, 0x0000000716000000|  0%| F|  |TAMS 0x0000000715e00000, 0x0000000715e00000| Untracked 
|  96|0x0000000716000000, 0x0000000716000000, 0x0000000716200000|  0%| F|  |TAMS 0x0000000716000000, 0x0000000716000000| Untracked 
|  97|0x0000000716200000, 0x0000000716200000, 0x0000000716400000|  0%| F|  |TAMS 0x0000000716200000, 0x0000000716200000| Untracked 
|  98|0x0000000716400000, 0x0000000716400000, 0x0000000716600000|  0%| F|  |TAMS 0x0000000716400000, 0x0000000716400000| Untracked 
|  99|0x0000000716600000, 0x0000000716600000, 0x0000000716800000|  0%| F|  |TAMS 0x0000000716600000, 0x0000000716600000| Untracked 
| 100|0x0000000716800000, 0x0000000716800000, 0x0000000716a00000|  0%| F|  |TAMS 0x0000000716800000, 0x0000000716800000| Untracked 
| 101|0x0000000716a00000, 0x0000000716c00000, 0x0000000716c00000|100%| S|CS|TAMS 0x0000000716a00000, 0x0000000716a00000| Complete 
| 102|0x0000000716c00000, 0x0000000716e00000, 0x0000000716e00000|100%| S|CS|TAMS 0x0000000716c00000, 0x0000000716c00000| Complete 
| 103|0x0000000716e00000, 0x0000000717000000, 0x0000000717000000|100%| S|CS|TAMS 0x0000000716e00000, 0x0000000716e00000| Complete 
| 104|0x0000000717000000, 0x0000000717000000, 0x0000000717200000|  0%| F|  |TAMS 0x0000000717000000, 0x0000000717000000| Untracked 
| 105|0x0000000717200000, 0x0000000717200000, 0x0000000717400000|  0%| F|  |TAMS 0x0000000717200000, 0x0000000717200000| Untracked 
| 106|0x0000000717400000, 0x0000000717400000, 0x0000000717600000|  0%| F|  |TAMS 0x0000000717400000, 0x0000000717400000| Untracked 
| 107|0x0000000717600000, 0x00000007177ae9a0, 0x0000000717800000| 84%| E|  |TAMS 0x0000000717600000, 0x0000000717600000| Complete 
| 108|0x0000000717800000, 0x0000000717a00000, 0x0000000717a00000|100%| E|CS|TAMS 0x0000000717800000, 0x0000000717800000| Complete 
| 109|0x0000000717a00000, 0x0000000717c00000, 0x0000000717c00000|100%| E|CS|TAMS 0x0000000717a00000, 0x0000000717a00000| Complete 
| 110|0x0000000717c00000, 0x0000000717e00000, 0x0000000717e00000|100%| E|CS|TAMS 0x0000000717c00000, 0x0000000717c00000| Complete 
| 111|0x0000000717e00000, 0x0000000718000000, 0x0000000718000000|100%| E|CS|TAMS 0x0000000717e00000, 0x0000000717e00000| Complete 
| 112|0x0000000718000000, 0x0000000718200000, 0x0000000718200000|100%| E|CS|TAMS 0x0000000718000000, 0x0000000718000000| Complete 
| 113|0x0000000718200000, 0x0000000718400000, 0x0000000718400000|100%| E|CS|TAMS 0x0000000718200000, 0x0000000718200000| Complete 
| 114|0x0000000718400000, 0x0000000718600000, 0x0000000718600000|100%| E|CS|TAMS 0x0000000718400000, 0x0000000718400000| Complete 
| 115|0x0000000718600000, 0x0000000718800000, 0x0000000718800000|100%| E|CS|TAMS 0x0000000718600000, 0x0000000718600000| Complete 
| 116|0x0000000718800000, 0x0000000718a00000, 0x0000000718a00000|100%| E|CS|TAMS 0x0000000718800000, 0x0000000718800000| Complete 
| 117|0x0000000718a00000, 0x0000000718c00000, 0x0000000718c00000|100%| E|CS|TAMS 0x0000000718a00000, 0x0000000718a00000| Complete 
| 118|0x0000000718c00000, 0x0000000718e00000, 0x0000000718e00000|100%| E|CS|TAMS 0x0000000718c00000, 0x0000000718c00000| Complete 
| 119|0x0000000718e00000, 0x0000000719000000, 0x0000000719000000|100%| E|CS|TAMS 0x0000000718e00000, 0x0000000718e00000| Complete 
| 120|0x0000000719000000, 0x0000000719200000, 0x0000000719200000|100%| E|CS|TAMS 0x0000000719000000, 0x0000000719000000| Complete 
| 121|0x0000000719200000, 0x0000000719400000, 0x0000000719400000|100%| E|CS|TAMS 0x0000000719200000, 0x0000000719200000| Complete 
| 122|0x0000000719400000, 0x0000000719600000, 0x0000000719600000|100%| E|CS|TAMS 0x0000000719400000, 0x0000000719400000| Complete 

Card table byte_map: [0x00000133ab350000,0x00000133abb00000] _byte_map_base: 0x00000133a7b00000

Marking Bits (Prev, Next): (CMBitMap*) 0x0000013393e90130, (CMBitMap*) 0x0000013393e90170
 Prev Bits: [0x00000133ac2b0000, 0x00000133b0030000)
 Next Bits: [0x00000133b0030000, 0x00000133b3db0000)

Polling page: 0x0000013391c20000

Metaspace:

Usage:
  Non-class:     17.33 MB used.
      Class:      2.78 MB used.
       Both:     20.11 MB used.

Virtual space:
  Non-class space:       24.00 MB reserved,      17.44 MB ( 73%) committed,  3 nodes.
      Class space:        1.00 GB reserved,       2.88 MB ( <1%) committed,  1 nodes.
             Both:        1.02 GB reserved,      20.31 MB (  2%) committed. 

Chunk freelists:
   Non-Class:  2.57 MB
       Class:  1.14 MB
        Both:  3.71 MB

MaxMetaspaceSize: unlimited
CompressedClassSpaceSize: 1.00 GB
Initial GC threshold: 21.00 MB
Current GC threshold: 21.00 MB
CDS: on
MetaspaceReclaimPolicy: balanced
 - commit_granule_bytes: 65536.
 - commit_granule_words: 8192.
 - virtual_space_node_default_size: 1048576.
 - enlarge_chunks_in_place: 1.
 - new_chunks_are_fully_committed: 0.
 - uncommit_free_chunks: 1.
 - use_allocation_guard: 0.
 - handle_deallocations: 1.


Internal statistics:

num_allocs_failed_limit: 0.
num_arena_births: 218.
num_arena_deaths: 0.
num_vsnodes_births: 4.
num_vsnodes_deaths: 0.
num_space_committed: 325.
num_space_uncommitted: 0.
num_chunks_returned_to_freelist: 0.
num_chunks_taken_from_freelist: 870.
num_chunk_merges: 0.
num_chunk_splits: 626.
num_chunks_enlarged: 491.
num_purges: 0.
num_inconsistent_stats: 0.

CodeHeap 'non-profiled nmethods': size=120000Kb used=1395Kb max_used=1395Kb free=118604Kb
 bounds [0x00000133a3110000, 0x00000133a3380000, 0x00000133aa640000]
CodeHeap 'profiled nmethods': size=120000Kb used=6483Kb max_used=6483Kb free=113516Kb
 bounds [0x000001339bbe0000, 0x000001339c240000, 0x00000133a3110000]
CodeHeap 'non-nmethods': size=5760Kb used=1469Kb max_used=1503Kb free=4290Kb
 bounds [0x000001339b640000, 0x000001339b8b0000, 0x000001339bbe0000]
 total_blobs=4198 nmethods=3356 adapters=753
 compilation: enabled
              stopped_count=0, restarted_count=0
 full_count=0

Compilation events (20 events):
Event: 16.095 Thread 0x00000133b6a5a0e0 3349       1       java.lang.reflect.Method::getRoot (5 bytes)
Event: 16.095 Thread 0x00000133b6a55220 3346       4       jdk.internal.reflect.ByteVectorImpl::getLength (7 bytes)
Event: 16.095 Thread 0x00000133b6a5a0e0 nmethod 3349 0x00000133a326c590 code [0x00000133a326c720, 0x00000133a326c7f8]
Event: 16.095 Thread 0x00000133b6a5a0e0 3350       3       java.lang.String::regionMatches (150 bytes)
Event: 16.095 Thread 0x00000133b6a55220 nmethod 3346 0x00000133a326c890 code [0x00000133a326ca00, 0x00000133a326ca78]
Event: 16.096 Thread 0x00000133b6a5a0e0 nmethod 3350 0x000001339c232190 code [0x000001339c2323e0, 0x000001339c232be8]
Event: 16.462 Thread 0x00000133b6a5a0e0 3351       3       com.mysql.cj.conf.DefaultPropertySet::getBooleanProperty (6 bytes)
Event: 16.462 Thread 0x00000133b6a5a0e0 nmethod 3351 0x000001339c232e90 code [0x000001339c233020, 0x000001339c2331e8]
Event: 17.219 Thread 0x00000133b6a5a0e0 3352       3       java.lang.invoke.VarHandleByteArrayAsInts$ArrayHandle::get (36 bytes)
Event: 17.219 Thread 0x00000133b6a5a0e0 nmethod 3352 0x000001339c233290 code [0x000001339c233460, 0x000001339c233938]
Event: 18.582 Thread 0x00000133b6a5a0e0 3353       3       java.util.Optional::ofNullable (19 bytes)
Event: 18.583 Thread 0x00000133b6a5a0e0 nmethod 3353 0x000001339c233b10 code [0x000001339c233cc0, 0x000001339c233f98]
Event: 21.198 Thread 0x00000133b6a5a0e0 3354       3       com.mysql.cj.protocol.AbstractSocketConnection::getMysqlInput (25 bytes)
Event: 21.198 Thread 0x00000133b6a5a0e0 nmethod 3354 0x000001339c234090 code [0x000001339c234260, 0x000001339c234518]
Event: 21.198 Thread 0x00000133b6a5a0e0 3355       3       java.io.FilterInputStream::read (11 bytes)
Event: 21.198 Thread 0x00000133b6a5a0e0 nmethod 3355 0x000001339c234690 code [0x000001339c234840, 0x000001339c234a28]
Event: 22.405 Thread 0x00000133b6a5a0e0 3356       3       java.nio.HeapCharBuffer::ix (7 bytes)
Event: 22.406 Thread 0x00000133b6a5a0e0 nmethod 3356 0x000001339c234b10 code [0x000001339c234ca0, 0x000001339c234db8]
Event: 22.823 Thread 0x00000133b6a55220 3357       4       java.util.AbstractMap::<init> (5 bytes)
Event: 22.823 Thread 0x00000133b6a55220 nmethod 3357 0x00000133a326cb90 code [0x00000133a326cd00, 0x00000133a326cd78]

GC Heap History (4 events):
Event: 0.534 GC heap before
{Heap before GC invocations=0 (full 0):
 garbage-first heap   total 251904K, used 20480K [0x000000070a000000, 0x0000000800000000)
  region size 2048K, 11 young (22528K), 0 survivors (0K)
 Metaspace       used 4834K, committed 4992K, reserved 1056768K
  class space    used 565K, committed 640K, reserved 1048576K
}
Event: 0.537 GC heap after
{Heap after GC invocations=1 (full 0):
 garbage-first heap   total 251904K, used 2858K [0x000000070a000000, 0x0000000800000000)
  region size 2048K, 2 young (4096K), 2 survivors (4096K)
 Metaspace       used 4834K, committed 4992K, reserved 1056768K
  class space    used 565K, committed 640K, reserved 1048576K
}
Event: 1.240 GC heap before
{Heap before GC invocations=1 (full 0):
 garbage-first heap   total 251904K, used 37674K [0x000000070a000000, 0x0000000800000000)
  region size 2048K, 19 young (38912K), 2 survivors (4096K)
 Metaspace       used 14571K, committed 14784K, reserved 1064960K
  class space    used 1881K, committed 1984K, reserved 1048576K
}
Event: 1.245 GC heap after
{Heap after GC invocations=2 (full 0):
 garbage-first heap   total 251904K, used 7808K [0x000000070a000000, 0x0000000800000000)
  region size 2048K, 3 young (6144K), 3 survivors (6144K)
 Metaspace       used 14571K, committed 14784K, reserved 1064960K
  class space    used 1881K, committed 1984K, reserved 1048576K
}

Deoptimization events (20 events):
Event: 3.823 Thread 0x00000133b7e2ff80 DEOPT PACKING pc=0x000001339c161ba2 sp=0x00000028d96fdc60
Event: 3.823 Thread 0x00000133b7e2ff80 DEOPT UNPACKING pc=0x000001339b692b43 sp=0x00000028d96fd0b8 mode 0
Event: 3.833 Thread 0x00000133b821b670 Uncommon trap: trap_request=0xffffffc6 fr.pc=0x00000133a31fa914 relative=0x0000000000000134
Event: 3.833 Thread 0x00000133b821b670 Uncommon trap: reason=bimorphic_or_optimized_type_check action=maybe_recompile pc=0x00000133a31fa914 method=javafx.beans.property.DoublePropertyBase.get()D @ 23 c2
Event: 3.833 Thread 0x00000133b821b670 DEOPT PACKING pc=0x00000133a31fa914 sp=0x00000028d9afb6b0
Event: 3.833 Thread 0x00000133b821b670 DEOPT UNPACKING pc=0x000001339b6923a3 sp=0x00000028d9afb640 mode 2
Event: 3.835 Thread 0x00000133b7e2ff80 Uncommon trap: trap_request=0xffffff45 fr.pc=0x00000133a3230850 relative=0x0000000000000050
Event: 3.835 Thread 0x00000133b7e2ff80 Uncommon trap: reason=unstable_if action=reinterpret pc=0x00000133a3230850 method=java.lang.Float.isNaN(F)Z @ 3 c2
Event: 3.835 Thread 0x00000133b7e2ff80 DEOPT PACKING pc=0x00000133a3230850 sp=0x00000028d96fe7a0
Event: 3.835 Thread 0x00000133b7e2ff80 DEOPT UNPACKING pc=0x000001339b6923a3 sp=0x00000028d96fe730 mode 2
Event: 4.330 Thread 0x00000133b821b670 Uncommon trap: trap_request=0xffffffc6 fr.pc=0x00000133a31fa914 relative=0x0000000000000134
Event: 4.330 Thread 0x00000133b821b670 Uncommon trap: reason=bimorphic_or_optimized_type_check action=maybe_recompile pc=0x00000133a31fa914 method=javafx.beans.property.DoublePropertyBase.get()D @ 23 c2
Event: 4.330 Thread 0x00000133b821b670 DEOPT PACKING pc=0x00000133a31fa914 sp=0x00000028d9afb6f0
Event: 4.330 Thread 0x00000133b821b670 DEOPT UNPACKING pc=0x000001339b6923a3 sp=0x00000028d9afb680 mode 2
Event: 5.820 Thread 0x00000133b7e2ff80 DEOPT PACKING pc=0x000001339c0f9683 sp=0x00000028d96fdfc0
Event: 5.820 Thread 0x00000133b7e2ff80 DEOPT UNPACKING pc=0x000001339b692b43 sp=0x00000028d96fd3e0 mode 0
Event: 7.004 Thread 0x00000133b7e2ff80 DEOPT PACKING pc=0x000001339c0875c2 sp=0x00000028d96fd1f0
Event: 7.004 Thread 0x00000133b7e2ff80 DEOPT UNPACKING pc=0x000001339b692b43 sp=0x00000028d96fc680 mode 0
Event: 9.324 Thread 0x00000133b7e2ff80 DEOPT PACKING pc=0x000001339c196dd9 sp=0x00000028d96fde60
Event: 9.324 Thread 0x00000133b7e2ff80 DEOPT UNPACKING pc=0x000001339b692b43 sp=0x00000028d96fd298 mode 0

Classes unloaded (0 events):
No events

Classes redefined (0 events):
No events

Internal exceptions (20 events):
Event: 0.725 Thread 0x00000133b821b670 Exception <a 'java/lang/NoSuchMethodError'{0x00000007186cbda0}: 'void java.lang.invoke.DirectMethodHandle$Holder.invokeStaticInit(java.lang.Object, java.lang.Object)'> (0x00000007186cbda0) 
thrown [t:\workspace\open\src\hotspot\share\interpreter\linkResolver.cpp, line 766]
Event: 0.790 Thread 0x00000133b821b670 Exception <a 'sun/nio/fs/WindowsException'{0x0000000718290310}> (0x0000000718290310) 
thrown [t:\workspace\open\src\hotspot\share\prims\jni.cpp, line 516]
Event: 0.809 Thread 0x00000133b821b670 Exception <a 'java/lang/NoSuchMethodError'{0x00000007183c9188}: 'java.lang.Object java.lang.invoke.DirectMethodHandle$Holder.invokeVirtual(java.lang.Object, java.lang.Object, java.lang.Object)'> (0x00000007183c9188) 
thrown [t:\workspace\open\src\hotspot\share\interpreter\linkResolver.cpp, line 766]
Event: 1.020 Thread 0x00000133b821b670 Implicit null exception at 0x00000133a31656f9 to 0x00000133a31661c0
Event: 1.020 Thread 0x00000133b821b670 Implicit null exception at 0x00000133a316e076 to 0x00000133a316eb54
Event: 1.145 Thread 0x00000133b821b670 Implicit null exception at 0x00000133a319901e to 0x00000133a319a0b8
Event: 1.156 Thread 0x00000133b821b670 Implicit null exception at 0x00000133a318c9b4 to 0x00000133a318ce98
Event: 1.260 Thread 0x00000133b821b670 Exception <a 'java/lang/NoSuchMethodError'{0x00000007194d91b8}: 'java.lang.Object java.lang.invoke.DirectMethodHandle$Holder.invokeInterface(java.lang.Object, java.lang.Object, java.lang.Object)'> (0x00000007194d91b8) 
thrown [t:\workspace\open\src\hotspot\share\interpreter\linkResolver.cpp, line 766]
Event: 1.260 Thread 0x00000133b821b670 Exception <a 'java/lang/IncompatibleClassChangeError'{0x00000007194dc880}: Found class java.lang.Object, but interface was expected> (0x00000007194dc880) 
thrown [t:\workspace\open\src\hotspot\share\interpreter\linkResolver.cpp, line 833]
Event: 1.294 Thread 0x00000133b821b670 Exception <a 'java/lang/ClassNotFoundException'{0x00000007193fdcf0}: com/sun/javafx/scene/control/skin/resources/controls> (0x00000007193fdcf0) 
thrown [t:\workspace\open\src\hotspot\share\prims\jni.cpp, line 535]
Event: 1.294 Thread 0x00000133b821b670 Exception <a 'java/lang/ClassNotFoundException'{0x000000071900bed0}: com/sun/javafx/scene/control/skin/resources/controls_ru> (0x000000071900bed0) 
thrown [t:\workspace\open\src\hotspot\share\prims\jni.cpp, line 535]
Event: 1.294 Thread 0x00000133b821b670 Exception <a 'java/lang/ClassNotFoundException'{0x000000071900ce68}: com/sun/javafx/scene/control/skin/resources/controls_ru_RU> (0x000000071900ce68) 
thrown [t:\workspace\open\src\hotspot\share\prims\jni.cpp, line 535]
Event: 1.507 Thread 0x00000133b821b670 Exception <a 'java/lang/NoSuchMethodError'{0x0000000718784f28}: 'java.lang.Object java.lang.invoke.DirectMethodHandle$Holder.newInvokeSpecial(java.lang.Object, java.lang.Object, int)'> (0x0000000718784f28) 
thrown [t:\workspace\open\src\hotspot\share\interpreter\linkResolver.cpp, line 766]
Event: 1.553 Thread 0x00000133b7e2ff80 Exception <a 'java/lang/NoSuchMethodError'{0x000000071821bbe8}: 'int java.lang.invoke.DirectMethodHandle$Holder.invokeStaticInit(java.lang.Object, java.lang.Object)'> (0x000000071821bbe8) 
thrown [t:\workspace\open\src\hotspot\share\interpreter\linkResolver.cpp, line 766]
Event: 1.635 Thread 0x00000133b7e2ff80 Exception <a 'java/lang/NoSuchMethodError'{0x0000000717e47358}: 'java.lang.Object java.lang.invoke.DirectMethodHandle$Holder.invokeStaticInit(java.lang.Object, int)'> (0x0000000717e47358) 
thrown [t:\workspace\open\src\hotspot\share\interpreter\linkResolver.cpp, line 766]
Event: 3.500 Thread 0x00000133b821b670 Exception <a 'java/lang/NoSuchMethodError'{0x0000000717c70f08}: 'long java.lang.invoke.DirectMethodHandle$Holder.invokeStatic(java.lang.Object, java.lang.Object, java.lang.Object)'> (0x0000000717c70f08) 
thrown [t:\workspace\open\src\hotspot\share\interpreter\linkResolver.cpp, line 766]
Event: 3.500 Thread 0x00000133b821b670 Exception <a 'java/lang/NoSuchMethodError'{0x0000000717c746b0}: 'long java.lang.invoke.DirectMethodHandle$Holder.invokeStaticInit(java.lang.Object, java.lang.Object, java.lang.Object)'> (0x0000000717c746b0) 
thrown [t:\workspace\open\src\hotspot\share\interpreter\linkResolver.cpp, line 766]
Event: 3.502 Thread 0x00000133b821b670 Exception <a 'java/lang/NoSuchMethodError'{0x0000000717c8c2b8}: 'java.lang.Object java.lang.invoke.DirectMethodHandle$Holder.newInvokeSpecial(java.lang.Object, java.lang.Object, long)'> (0x0000000717c8c2b8) 
thrown [t:\workspace\open\src\hotspot\share\interpreter\linkResolver.cpp, line 766]
Event: 3.502 Thread 0x00000133b821b670 Exception <a 'java/lang/NoSuchMethodError'{0x0000000717c8fe28}: 'java.lang.Object java.lang.invoke.Invokers$Holder.linkToTargetMethod(java.lang.Object, long, java.lang.Object)'> (0x0000000717c8fe28) 
thrown [t:\workspace\open\src\hotspot\share\interpreter\linkResolver.cpp, line 766]
Event: 3.784 Thread 0x00000133b821b670 Exception <a 'java/lang/NoSuchMethodError'{0x0000000717b3e810}: 'void java.lang.invoke.DirectMethodHandle$Holder.invokeSpecial(java.lang.Object, java.lang.Object, java.lang.Object, java.lang.Object, java.lang.Object, java.lang.Object)'> (0x0000000717b3e810) 
thrown [t:\workspace\open\src\hotspot\share\interpreter\linkResolver.cpp, line 766]

VM Operations (20 events):
Event: 3.724 Executing VM operation: Cleanup done
Event: 3.837 Executing VM operation: HandshakeAllThreads
Event: 3.837 Executing VM operation: HandshakeAllThreads done
Event: 4.837 Executing VM operation: Cleanup
Event: 4.837 Executing VM operation: Cleanup done
Event: 6.837 Executing VM operation: Cleanup
Event: 6.837 Executing VM operation: Cleanup done
Event: 8.838 Executing VM operation: Cleanup
Event: 8.838 Executing VM operation: Cleanup done
Event: 9.838 Executing VM operation: Cleanup
Event: 9.838 Executing VM operation: Cleanup done
Event: 10.839 Executing VM operation: Cleanup
Event: 10.839 Executing VM operation: Cleanup done
Event: 12.840 Executing VM operation: Cleanup
Event: 12.840 Executing VM operation: Cleanup done
Event: 16.842 Executing VM operation: Cleanup
Event: 16.842 Executing VM operation: Cleanup done
Event: 21.846 Executing VM operation: Cleanup
Event: 21.846 Executing VM operation: Cleanup done
Event: 22.824 Executing VM operation: Exit

Events (20 events):
Event: 1.590 loading class jdk/internal/reflect/UnsafeQualifiedStaticFieldAccessorImpl
Event: 1.590 loading class jdk/internal/reflect/UnsafeQualifiedStaticFieldAccessorImpl done
Event: 1.590 loading class jdk/internal/reflect/UnsafeQualifiedStaticObjectFieldAccessorImpl done
Event: 1.635 loading class java/lang/FdLibm$Hypot
Event: 1.635 loading class java/lang/FdLibm$Hypot done
Event: 1.635 loading class java/lang/FdLibm
Event: 1.635 loading class java/lang/FdLibm done
Event: 2.388 Thread 0x00000133b8ae0a40 Thread exited: 0x00000133b8ae0a40
Event: 2.388 Thread 0x00000133b88e2a50 Thread exited: 0x00000133b88e2a50
Event: 2.721 Thread 0x00000133b88e2a50 Thread added: 0x00000133b88e2a50
Event: 2.899 Thread 0x00000133b88e2a50 Thread exited: 0x00000133b88e2a50
Event: 3.801 Thread 0x00000133b88cb980 Thread added: 0x00000133b88cb980
Event: 3.948 Thread 0x00000133b88cb980 Thread exited: 0x00000133b88cb980
Event: 22.822 loading class jdk/internal/misc/Signal$1
Event: 22.822 loading class jdk/internal/misc/Signal$1 done
Event: 22.822 Thread 0x00000133b84b8a20 Thread added: 0x00000133b84b8a20
Event: 22.823 Thread 0x00000133b84b7bb0 Thread added: 0x00000133b84b7bb0
Event: 22.823 Thread 0x00000133b84b7210 Thread added: 0x00000133b84b7210
Event: 22.823 Thread 0x00000133b84b7bb0 Thread exited: 0x00000133b84b7bb0
Event: 22.824 Thread 0x00000133b84b7210 Thread exited: 0x00000133b84b7210


Dynamic libraries:
0x00007ff603b60000 - 0x00007ff603b6e000 	C:\Users\Карина\.jdks\openjdk-17\bin\java.exe
0x00007ff8e6d90000 - 0x00007ff8e6f88000 	C:\Windows\SYSTEM32\ntdll.dll
0x00007ff8e6a60000 - 0x00007ff8e6b1d000 	C:\Windows\System32\KERNEL32.DLL
0x00007ff8e4b20000 - 0x00007ff8e4dee000 	C:\Windows\System32\KERNELBASE.dll
0x00007ff8e4890000 - 0x00007ff8e4990000 	C:\Windows\System32\ucrtbase.dll
0x00007ff8de030000 - 0x00007ff8de048000 	C:\Users\Карина\.jdks\openjdk-17\bin\jli.dll
0x00007ff8ddfd0000 - 0x00007ff8ddfea000 	C:\Users\Карина\.jdks\openjdk-17\bin\VCRUNTIME140.dll
0x00007ff8e55d0000 - 0x00007ff8e5770000 	C:\Windows\System32\USER32.dll
0x00007ff8d1630000 - 0x00007ff8d18ca000 	C:\Windows\WinSxS\amd64_microsoft.windows.common-controls_6595b64144ccf1df_6.0.19041.1110_none_60b5254171f9507e\COMCTL32.dll
0x00007ff8e44b0000 - 0x00007ff8e44d2000 	C:\Windows\System32\win32u.dll
0x00007ff8e6ba0000 - 0x00007ff8e6c3e000 	C:\Windows\System32\msvcrt.dll
0x00007ff8e63e0000 - 0x00007ff8e640a000 	C:\Windows\System32\GDI32.dll
0x00007ff8e4710000 - 0x00007ff8e481b000 	C:\Windows\System32\gdi32full.dll
0x00007ff8e45e0000 - 0x00007ff8e467d000 	C:\Windows\System32\msvcp_win.dll
0x00007ff8e50d0000 - 0x00007ff8e5100000 	C:\Windows\System32\IMM32.DLL
0x00007ff8df790000 - 0x00007ff8df79c000 	C:\Users\Карина\.jdks\openjdk-17\bin\vcruntime140_1.dll
0x00007ff8d3eb0000 - 0x00007ff8d3f3d000 	C:\Users\Карина\.jdks\openjdk-17\bin\msvcp140.dll
0x00007ff8acf60000 - 0x00007ff8adb1e000 	C:\Users\Карина\.jdks\openjdk-17\bin\server\jvm.dll
0x00007ff8e6550000 - 0x00007ff8e65fe000 	C:\Windows\System32\ADVAPI32.dll
0x00007ff8e5100000 - 0x00007ff8e519c000 	C:\Windows\System32\sechost.dll
0x00007ff8e4fa0000 - 0x00007ff8e50c5000 	C:\Windows\System32\RPCRT4.dll
0x00007ff8e5c70000 - 0x00007ff8e5c78000 	C:\Windows\System32\PSAPI.DLL
0x00007ff8da680000 - 0x00007ff8da68a000 	C:\Windows\SYSTEM32\VERSION.dll
0x00007ff8b70e0000 - 0x00007ff8b70e9000 	C:\Windows\SYSTEM32\WSOCK32.dll
0x00007ff8e6b30000 - 0x00007ff8e6b9b000 	C:\Windows\System32\WS2_32.dll
0x00007ff8e24e0000 - 0x00007ff8e2507000 	C:\Windows\SYSTEM32\WINMM.dll
0x00007ff8e2cf0000 - 0x00007ff8e2d02000 	C:\Windows\SYSTEM32\kernel.appcore.dll
0x00007ff8df6c0000 - 0x00007ff8df6ca000 	C:\Users\Карина\.jdks\openjdk-17\bin\jimage.dll
0x00007ff8e2070000 - 0x00007ff8e2254000 	C:\Windows\SYSTEM32\DBGHELP.DLL
0x00007ff8d2660000 - 0x00007ff8d268c000 	C:\Windows\SYSTEM32\dbgcore.DLL
0x00007ff8e4680000 - 0x00007ff8e4702000 	C:\Windows\System32\bcryptPrimitives.dll
0x00007ff8ddfa0000 - 0x00007ff8ddfae000 	C:\Users\Карина\.jdks\openjdk-17\bin\instrument.dll
0x00007ff8dae20000 - 0x00007ff8dae45000 	C:\Users\Карина\.jdks\openjdk-17\bin\java.dll
0x00007ff8c76d0000 - 0x00007ff8c77a6000 	C:\Users\Карина\.jdks\openjdk-17\bin\svml.dll
0x00007ff8e5c80000 - 0x00007ff8e63c3000 	C:\Windows\System32\SHELL32.dll
0x00007ff8e2540000 - 0x00007ff8e2cd5000 	C:\Windows\SYSTEM32\windows.storage.dll
0x00007ff8e5270000 - 0x00007ff8e55c4000 	C:\Windows\System32\combase.dll
0x00007ff8e3e40000 - 0x00007ff8e3e70000 	C:\Windows\SYSTEM32\Wldp.dll
0x00007ff8e6950000 - 0x00007ff8e69fd000 	C:\Windows\System32\SHCORE.dll
0x00007ff8e68f0000 - 0x00007ff8e6945000 	C:\Windows\System32\shlwapi.dll
0x00007ff8e43f0000 - 0x00007ff8e440f000 	C:\Windows\SYSTEM32\profapi.dll
0x00007ff8db8a0000 - 0x00007ff8db8b9000 	C:\Users\Карина\.jdks\openjdk-17\bin\net.dll
0x00007ff8dafe0000 - 0x00007ff8db0ea000 	C:\Windows\SYSTEM32\WINHTTP.dll
0x00007ff8e3ba0000 - 0x00007ff8e3c0a000 	C:\Windows\system32\mswsock.dll
0x00007ff8dae00000 - 0x00007ff8dae15000 	C:\Users\Карина\.jdks\openjdk-17\bin\nio.dll
0x00007ff8dade0000 - 0x00007ff8dadf8000 	C:\Users\Карина\.jdks\openjdk-17\bin\zip.dll
0x00007ff8d3e20000 - 0x00007ff8d3e3a000 	D:\JetBrains\IntelliJ IDEA Community Edition 2021.2.2\bin\breakgen64.dll
0x0000013391e60000 - 0x0000013391e63000 	C:\Users\Карина\.openjfx\cache\17-ea\api-ms-win-core-console-l1-1-0.dll
0x0000013393d60000 - 0x0000013393d63000 	C:\Users\Карина\.openjfx\cache\17-ea\api-ms-win-core-console-l1-2-0.dll
0x0000013393d70000 - 0x0000013393d73000 	C:\Users\Карина\.openjfx\cache\17-ea\api-ms-win-core-datetime-l1-1-0.dll
0x0000013393d80000 - 0x0000013393d83000 	C:\Users\Карина\.openjfx\cache\17-ea\api-ms-win-core-debug-l1-1-0.dll
0x0000013393d90000 - 0x0000013393d93000 	C:\Users\Карина\.openjfx\cache\17-ea\api-ms-win-core-errorhandling-l1-1-0.dll
0x0000013393da0000 - 0x0000013393da4000 	C:\Users\Карина\.openjfx\cache\17-ea\api-ms-win-core-file-l1-1-0.dll
0x0000013393db0000 - 0x0000013393db3000 	C:\Users\Карина\.openjfx\cache\17-ea\api-ms-win-core-file-l1-2-0.dll
0x0000013393dc0000 - 0x0000013393dc3000 	C:\Users\Карина\.openjfx\cache\17-ea\api-ms-win-core-file-l2-1-0.dll
0x0000013393dd0000 - 0x0000013393dd3000 	C:\Users\Карина\.openjfx\cache\17-ea\api-ms-win-core-handle-l1-1-0.dll
0x0000013393de0000 - 0x0000013393de3000 	C:\Users\Карина\.openjfx\cache\17-ea\api-ms-win-core-heap-l1-1-0.dll
0x0000013393df0000 - 0x0000013393df3000 	C:\Users\Карина\.openjfx\cache\17-ea\api-ms-win-core-interlocked-l1-1-0.dll
0x0000013393e00000 - 0x0000013393e03000 	C:\Users\Карина\.openjfx\cache\17-ea\api-ms-win-core-libraryloader-l1-1-0.dll
0x0000013393e10000 - 0x0000013393e13000 	C:\Users\Карина\.openjfx\cache\17-ea\api-ms-win-core-localization-l1-2-0.dll
0x00000133b6b70000 - 0x00000133b6b73000 	C:\Users\Карина\.openjfx\cache\17-ea\api-ms-win-core-memory-l1-1-0.dll
0x00000133b6b80000 - 0x00000133b6b83000 	C:\Users\Карина\.openjfx\cache\17-ea\api-ms-win-core-namedpipe-l1-1-0.dll
0x00000133b6b90000 - 0x00000133b6b93000 	C:\Users\Карина\.openjfx\cache\17-ea\api-ms-win-core-processenvironment-l1-1-0.dll
0x00000133b6ba0000 - 0x00000133b6ba3000 	C:\Users\Карина\.openjfx\cache\17-ea\api-ms-win-core-processthreads-l1-1-0.dll
0x00000133b6bb0000 - 0x00000133b6bb3000 	C:\Users\Карина\.openjfx\cache\17-ea\api-ms-win-core-processthreads-l1-1-1.dll
0x00000133b6bc0000 - 0x00000133b6bc3000 	C:\Users\Карина\.openjfx\cache\17-ea\api-ms-win-core-profile-l1-1-0.dll
0x00000133b6bd0000 - 0x00000133b6bd3000 	C:\Users\Карина\.openjfx\cache\17-ea\api-ms-win-core-rtlsupport-l1-1-0.dll
0x00000133b6be0000 - 0x00000133b6be3000 	C:\Users\Карина\.openjfx\cache\17-ea\api-ms-win-core-string-l1-1-0.dll
0x00000133b6bf0000 - 0x00000133b6bf3000 	C:\Users\Карина\.openjfx\cache\17-ea\api-ms-win-core-synch-l1-1-0.dll
0x00000133b8fd0000 - 0x00000133b8fd3000 	C:\Users\Карина\.openjfx\cache\17-ea\api-ms-win-core-synch-l1-2-0.dll
0x00000133b8fe0000 - 0x00000133b8fe3000 	C:\Users\Карина\.openjfx\cache\17-ea\api-ms-win-core-sysinfo-l1-1-0.dll
0x00000133b8ff0000 - 0x00000133b8ff3000 	C:\Users\Карина\.openjfx\cache\17-ea\api-ms-win-core-timezone-l1-1-0.dll
0x00000133b9000000 - 0x00000133b9003000 	C:\Users\Карина\.openjfx\cache\17-ea\api-ms-win-core-util-l1-1-0.dll
0x00000133b9010000 - 0x00000133b9013000 	C:\Users\Карина\.openjfx\cache\17-ea\api-ms-win-crt-conio-l1-1-0.dll
0x00000133b9020000 - 0x00000133b9024000 	C:\Users\Карина\.openjfx\cache\17-ea\api-ms-win-crt-convert-l1-1-0.dll
0x00000133b9030000 - 0x00000133b9033000 	C:\Users\Карина\.openjfx\cache\17-ea\api-ms-win-crt-environment-l1-1-0.dll
0x00000133b9040000 - 0x00000133b9043000 	C:\Users\Карина\.openjfx\cache\17-ea\api-ms-win-crt-filesystem-l1-1-0.dll
0x00000133b9050000 - 0x00000133b9053000 	C:\Users\Карина\.openjfx\cache\17-ea\api-ms-win-crt-heap-l1-1-0.dll
0x00000133b9060000 - 0x00000133b9063000 	C:\Users\Карина\.openjfx\cache\17-ea\api-ms-win-crt-locale-l1-1-0.dll
0x00000133b9070000 - 0x00000133b9075000 	C:\Users\Карина\.openjfx\cache\17-ea\api-ms-win-crt-math-l1-1-0.dll
0x00000133b9080000 - 0x00000133b9085000 	C:\Users\Карина\.openjfx\cache\17-ea\api-ms-win-crt-multibyte-l1-1-0.dll
0x00000133b9090000 - 0x00000133b90a0000 	C:\Users\Карина\.openjfx\cache\17-ea\api-ms-win-crt-private-l1-1-0.dll
0x00000133b90a0000 - 0x00000133b90a3000 	C:\Users\Карина\.openjfx\cache\17-ea\api-ms-win-crt-process-l1-1-0.dll
0x00000133b90b0000 - 0x00000133b90b4000 	C:\Users\Карина\.openjfx\cache\17-ea\api-ms-win-crt-runtime-l1-1-0.dll
0x00000133b90c0000 - 0x00000133b90c4000 	C:\Users\Карина\.openjfx\cache\17-ea\api-ms-win-crt-stdio-l1-1-0.dll
0x00000133b90d0000 - 0x00000133b90d4000 	C:\Users\Карина\.openjfx\cache\17-ea\api-ms-win-crt-string-l1-1-0.dll
0x00000133b90e0000 - 0x00000133b90e3000 	C:\Users\Карина\.openjfx\cache\17-ea\api-ms-win-crt-time-l1-1-0.dll
0x00000133b90f0000 - 0x00000133b90f3000 	C:\Users\Карина\.openjfx\cache\17-ea\api-ms-win-crt-utility-l1-1-0.dll
0x00007ff869330000 - 0x00007ff86942c000 	C:\Users\Карина\.openjfx\cache\17-ea\ucrtbase.dll
0x00007ff8bca40000 - 0x00007ff8bca5a000 	C:\Users\Карина\.openjfx\cache\17-ea\vcruntime140.dll
0x00007ff8c7670000 - 0x00007ff8c767c000 	C:\Users\Карина\.openjfx\cache\17-ea\vcruntime140_1.dll
0x00007ff8698d0000 - 0x00007ff86995d000 	C:\Users\Карина\.openjfx\cache\17-ea\msvcp140.dll
0x00007ff8a5970000 - 0x00007ff8a5997000 	C:\Users\Карина\.openjfx\cache\17-ea\prism_d3d.dll
0x00007ff8af3f0000 - 0x00007ff8af5bf000 	C:\Windows\system32\d3d9.dll
0x00007ff8e1250000 - 0x00007ff8e127f000 	C:\Windows\SYSTEM32\dwmapi.dll
0x00007ff8e1040000 - 0x00007ff8e10de000 	C:\Windows\system32\uxtheme.dll
0x00007ff8e67c0000 - 0x00007ff8e68ea000 	C:\Windows\System32\ole32.dll
0x00007ff88b3d0000 - 0x00007ff88b412000 	C:\Users\Карина\.openjfx\cache\17-ea\glass.dll
0x00007ff8e66e0000 - 0x00007ff8e67ba000 	C:\Windows\System32\COMDLG32.dll
0x00007ff8e51a0000 - 0x00007ff8e526d000 	C:\Windows\System32\OLEAUT32.dll
0x00007ff86c8a0000 - 0x00007ff86c8c3000 	C:\Program Files (x86)\Yandex\Punto Switcher\PSHook64.dll
0x00007ff8a1500000 - 0x00007ff8a1638000 	C:\ProgramData\A-Volute\A-Volute.Nahimic\Modules\Scheduled\x64\AudioDevProps2.dll
0x00007ff8e6410000 - 0x00007ff8e6525000 	C:\Windows\System32\MSCTF.dll
0x00007ff8d8770000 - 0x00007ff8d87ab000 	C:\Windows\SYSTEM32\dxcore.dll
0x00007ff8e44e0000 - 0x00007ff8e452e000 	C:\Windows\System32\cfgmgr32.dll
0x00007ff8b7e50000 - 0x00007ff8b7e64000 	C:\Users\Карина\.openjfx\cache\17-ea\javafx_font.dll
0x00007ff8e1b90000 - 0x00007ff8e1e0f000 	C:\Windows\SYSTEM32\dwrite.dll
0x00007ff8e38d0000 - 0x00007ff8e399a000 	C:\Windows\SYSTEM32\DNSAPI.dll
0x00007ff8e3890000 - 0x00007ff8e38cb000 	C:\Windows\SYSTEM32\IPHLPAPI.DLL
0x00007ff8e6b20000 - 0x00007ff8e6b28000 	C:\Windows\System32\NSI.dll
0x00007ff8dfcb0000 - 0x00007ff8dfcba000 	C:\Windows\System32\rasadhlp.dll
0x00007ff8d9380000 - 0x00007ff8d9400000 	C:\Windows\System32\fwpuclnt.dll
0x00007ff8e4990000 - 0x00007ff8e49b7000 	C:\Windows\System32\bcrypt.dll
0x00007ff8e6c40000 - 0x00007ff8e6ce9000 	C:\Windows\System32\clbcatq.dll
0x00007ff8d9bb0000 - 0x00007ff8d9d64000 	C:\Windows\SYSTEM32\WindowsCodecs.dll
0x00007ff8bc150000 - 0x00007ff8bc18e000 	C:\Windows\system32\dataexchange.dll
0x00007ff8e2260000 - 0x00007ff8e24c3000 	C:\Windows\system32\d3d11.dll
0x00007ff8dd120000 - 0x00007ff8dd304000 	C:\Windows\system32\dcomp.dll
0x00007ff8e2d60000 - 0x00007ff8e2e53000 	C:\Windows\system32\dxgi.dll
0x00007ff8dc490000 - 0x00007ff8dc690000 	C:\Windows\system32\twinapi.appcore.dll
0x00007ff86bc90000 - 0x00007ff86bcc4000 	C:\Program Files\Common Files\Microsoft Shared\Ink\rtscom.dll
0x00007ff8c23e0000 - 0x00007ff8c24d9000 	C:\Windows\SYSTEM32\textinputframework.dll
0x00007ff8deb40000 - 0x00007ff8dec32000 	C:\Windows\System32\CoreMessaging.dll
0x00007ff8dcdc0000 - 0x00007ff8dd11e000 	C:\Windows\System32\CoreUIComponents.dll
0x00007ff8e3180000 - 0x00007ff8e31b3000 	C:\Windows\SYSTEM32\ntmarta.dll
0x00007ff8dfdb0000 - 0x00007ff8dff04000 	C:\Windows\SYSTEM32\wintypes.dll

dbghelp: loaded successfully - version: 4.0.5 - missing functions: none
symbol engine: initialized successfully - sym options: 0x614 - pdb path: .;C:\Users\Карина\.jdks\openjdk-17\bin;C:\Windows\SYSTEM32;C:\Windows\WinSxS\amd64_microsoft.windows.common-controls_6595b64144ccf1df_6.0.19041.1110_none_60b5254171f9507e;C:\Users\Карина\.jdks\openjdk-17\bin\server;D:\JetBrains\IntelliJ IDEA Community Edition 2021.2.2\bin;C:\Users\Карина\.openjfx\cache\17-ea;C:\Windows\System32\DriverStore\FileRepository\u0358839.inf_amd64_4febe8b5febaf786\B358480;C:\Program Files (x86)\Yandex\Punto Switcher;C:\ProgramData\A-Volute\A-Volute.Nahimic\Modules\Scheduled\x64;C:\Program Files\Common Files\Microsoft Shared\Ink

VM Arguments:
jvm_args: -javaagent:D:\JetBrains\IntelliJ IDEA Community Edition 2021.2.2\lib\idea_rt.jar=3049:D:\JetBrains\IntelliJ IDEA Community Edition 2021.2.2\bin -Dfile.encoding=UTF-8 --module-path=C:\Users\Карина\.m2\repository\org\openjfx\javafx-graphics\17-ea+11\javafx-graphics-17-ea+11-win.jar;C:\Users\Карина\.m2\repository\org\openjfx\javafx-fxml\17-ea+11\javafx-fxml-17-ea+11-win.jar;C:\Users\Карина\.m2\repository\org\openjfx\javafx-controls\17-ea+11\javafx-controls-17-ea+11-win.jar;D:\IdeaProjects\CourseProject\target\classes;C:\Users\Карина\.m2\repository\org\openjfx\javafx-base\17-ea+11\javafx-base-17-ea+11-win.jar;C:\Users\Карина\.m2\repository\mysql\mysql-connector-java\8.0.25\mysql-connector-java-8.0.25.jar -Djdk.module.main=com.example.courseproject 
java_command: com.example.courseproject/com.example.courseproject.MyApplication
java_class_path (initial): C:\Users\Карина\.m2\repository\org\openjfx\javafx-controls\17-ea+11\javafx-controls-17-ea+11.jar;C:\Users\Карина\.m2\repository\org\openjfx\javafx-graphics\17-ea+11\javafx-graphics-17-ea+11.jar;C:\Users\Карина\.m2\repository\org\openjfx\javafx-base\17-ea+11\javafx-base-17-ea+11.jar;C:\Users\Карина\.m2\repository\org\openjfx\javafx-fxml\17-ea+11\javafx-fxml-17-ea+11.jar;C:\Users\Карина\.m2\repository\com\google\protobuf\protobuf-java\3.11.4\protobuf-java-3.11.4.jar
Launcher Type: SUN_STANDARD

[Global flags]
     intx CICompilerCount                          = 4                                         {product} {ergonomic}
     uint ConcGCThreads                            = 3                                         {product} {ergonomic}
     uint G1ConcRefinementThreads                  = 10                                        {product} {ergonomic}
   size_t G1HeapRegionSize                         = 2097152                                   {product} {ergonomic}
    uintx GCDrainStackTargetSize                   = 64                                        {product} {ergonomic}
   size_t InitialHeapSize                          = 257949696                                 {product} {ergonomic}
   size_t MarkStackSize                            = 4194304                                   {product} {ergonomic}
   size_t MaxHeapSize                              = 4127195136                                {product} {ergonomic}
   size_t MaxNewSize                               = 2474639360                                {product} {ergonomic}
   size_t MinHeapDeltaBytes                        = 2097152                                   {product} {ergonomic}
   size_t MinHeapSize                              = 8388608                                   {product} {ergonomic}
    uintx NonNMethodCodeHeapSize                   = 5839372                                {pd product} {ergonomic}
    uintx NonProfiledCodeHeapSize                  = 122909434                              {pd product} {ergonomic}
    uintx ProfiledCodeHeapSize                     = 122909434                              {pd product} {ergonomic}
    uintx ReservedCodeCacheSize                    = 251658240                              {pd product} {ergonomic}
     bool SegmentedCodeCache                       = true                                      {product} {ergonomic}
   size_t SoftMaxHeapSize                          = 4127195136                             {manageable} {ergonomic}
     bool UseCompressedClassPointers               = true                           {product lp64_product} {ergonomic}
     bool UseCompressedOops                        = true                           {product lp64_product} {ergonomic}
     bool UseG1GC                                  = true                                      {product} {ergonomic}
     bool UseLargePagesIndividualAllocation        = false                                  {pd product} {ergonomic}

Logging:
Log output configuration:
 #0: stdout all=off uptime,level,tags
 #1: stderr all=off uptime,level,tags

Environment Variables:
PATH=C:\Python310\Scripts\;C:\Python310\;C:\Program Files\Java\jdk-17.0.2;C:\Program Files (x86)\Common Files\Oracle\Java\javapath;C:\Program Files\Java\jdk-17.0.2\lib;C:\ProgramData\Oracle\Java\javapath;C:\Windows\system32;C:\Windows;C:\Windows\System32\Wbem;C:\Windows\System32\WindowsPowerShell\v1.0\;C:\Windows\System32\OpenSSH\;C:\Program Files\dotnet\;C:\Program Files (x86)\dotnet\;C:\ProgramData\chocolatey\bin;D:\Programs\nodejs\;D:\OpenServer\modules\php\PHP_8.1;C:\Program Files\PuTTY\;C:\Program Files\Git\cmd;C:\Program Files\Docker\Docker\resources\bin;C:\ProgramData\DockerDesktop\version-bin;C:\python39\Scripts\;C:\python39\;C:\Users\Карина\AppData\Local\Microsoft\WindowsApps;C:\Users\Карина\AppData\Local\Programs\Microsoft VS Code\bin;C:\Users\Карина\.dotnet\tools;C:\Users\Карина\AppData\Roaming\npm;C:\Users\Карина\AppData\Local\GitHubDesktop\bin
USERNAME=Карина
OS=Windows_NT
PROCESSOR_IDENTIFIER=AMD64 Family 23 Model 96 Stepping 1, AuthenticAMD



---------------  S Y S T E M  ---------------

OS:
 Windows 10 , 64 bit Build 19041 (10.0.19041.1889)
OS uptime: 0 days 2:48 hours
Hyper-V role detected

CPU: total 12 (initial active 12) (12 cores per cpu, 2 threads per core) family 23 model 96 stepping 1 microcode 0x0, cx8, cmov, fxsr, ht, mmx, 3dnowpref, sse, sse2, sse3, ssse3, sse4a, sse4.1, sse4.2, popcnt, lzcnt, tsc, tscinvbit, avx, avx2, aes, clmul, bmi1, bmi2, adx, sha, fma, vzeroupper, clflush, clflushopt, hv

Memory: 4k page, system-wide physical 15741M (4326M free)
TotalPageFile size 18173M (AvailPageFile size 2382M)
current process WorkingSet (physical memory assigned to process): 137M, peak: 178M
current process commit charge ("private bytes"): 401M, peak: 454M

vm_info: OpenJDK 64-Bit Server VM (17+35-2724) for windows-amd64 JRE (17+35-2724), built on Aug  5 2021 23:26:02 by "mach5one" with MS VC++ 16.8 (VS2019)

END.
